[0.562s] Invoking command in '/home/rokey-kim/Documents/ros2_ws/src/day3': PYTHONPATH=/home/rokey-kim/Documents/ros2_ws/build/day3/prefix_override:/usr/lib/python3/dist-packages/colcon_core/task/python/colcon_distutils_commands:/home/rokey-kim/Documents/ros2_ws/install/day3/lib/python3.10/site-packages:${PYTHONPATH} /usr/bin/python3 -W ignore:setup.py install is deprecated -W ignore:easy_install command is deprecated setup.py egg_info --egg-base ../../build/day3 build --build-base /home/rokey-kim/Documents/ros2_ws/build/day3/build install --record /home/rokey-kim/Documents/ros2_ws/build/day3/install.log --single-version-externally-managed install_data
[0.795s] running egg_info
[0.796s] writing ../../build/day3/day3.egg-info/PKG-INFO
[0.796s] writing dependency_links to ../../build/day3/day3.egg-info/dependency_links.txt
[0.797s] writing entry points to ../../build/day3/day3.egg-info/entry_points.txt
[0.797s] writing requirements to ../../build/day3/day3.egg-info/requires.txt
[0.797s] writing top-level names to ../../build/day3/day3.egg-info/top_level.txt
[0.799s] reading manifest file '../../build/day3/day3.egg-info/SOURCES.txt'
[0.800s] writing manifest file '../../build/day3/day3.egg-info/SOURCES.txt'
[0.800s] running build
[0.800s] running build_py
[0.801s] running install
[0.801s] running install_lib
[0.803s] running install_data
[0.803s] running install_egg_info
[0.805s] removing '/home/rokey-kim/Documents/ros2_ws/install/day3/lib/python3.10/site-packages/day3-0.0.0-py3.10.egg-info' (and everything under it)
[0.805s] Copying ../../build/day3/day3.egg-info to /home/rokey-kim/Documents/ros2_ws/install/day3/lib/python3.10/site-packages/day3-0.0.0-py3.10.egg-info
[0.806s] running install_scripts
[0.831s] Installing capture_image script to /home/rokey-kim/Documents/ros2_ws/install/day3/lib/day3
[0.831s] Installing cont_cap_image script to /home/rokey-kim/Documents/ros2_ws/install/day3/lib/day3
[0.831s] Installing depth_checker script to /home/rokey-kim/Documents/ros2_ws/install/day3/lib/day3
[0.831s] Installing depth_to_3d script to /home/rokey-kim/Documents/ros2_ws/install/day3/lib/day3
[0.831s] Installing depth_to_goal script to /home/rokey-kim/Documents/ros2_ws/install/day3/lib/day3
[0.831s] Installing det_obj script to /home/rokey-kim/Documents/ros2_ws/install/day3/lib/day3
[0.831s] Installing det_obj_thread script to /home/rokey-kim/Documents/ros2_ws/install/day3/lib/day3
[0.831s] Installing det_obj_track script to /home/rokey-kim/Documents/ros2_ws/install/day3/lib/day3
[0.832s] Installing nav_to_person script to /home/rokey-kim/Documents/ros2_ws/install/day3/lib/day3
[0.832s] writing list of installed files to '/home/rokey-kim/Documents/ros2_ws/build/day3/install.log'
[0.855s] Invoked command in '/home/rokey-kim/Documents/ros2_ws/src/day3' returned '0': PYTHONPATH=/home/rokey-kim/Documents/ros2_ws/build/day3/prefix_override:/usr/lib/python3/dist-packages/colcon_core/task/python/colcon_distutils_commands:/home/rokey-kim/Documents/ros2_ws/install/day3/lib/python3.10/site-packages:${PYTHONPATH} /usr/bin/python3 -W ignore:setup.py install is deprecated -W ignore:easy_install command is deprecated setup.py egg_info --egg-base ../../build/day3 build --build-base /home/rokey-kim/Documents/ros2_ws/build/day3/build install --record /home/rokey-kim/Documents/ros2_ws/build/day3/install.log --single-version-externally-managed install_data
