running egg_info
creating ../../build/yolo/yolo.egg-info
writing ../../build/yolo/yolo.egg-info/PKG-INFO
writing dependency_links to ../../build/yolo/yolo.egg-info/dependency_links.txt
writing entry points to ../../build/yolo/yolo.egg-info/entry_points.txt
writing requirements to ../../build/yolo/yolo.egg-info/requires.txt
writing top-level names to ../../build/yolo/yolo.egg-info/top_level.txt
writing manifest file '../../build/yolo/yolo.egg-info/SOURCES.txt'
reading manifest file '../../build/yolo/yolo.egg-info/SOURCES.txt'
writing manifest file '../../build/yolo/yolo.egg-info/SOURCES.txt'
running build
running build_py
creating /home/rokey-kim/Documents/ros2_ws/build/yolo/build
creating /home/rokey-kim/Documents/ros2_ws/build/yolo/build/lib
creating /home/rokey-kim/Documents/ros2_ws/build/yolo/build/lib/yolo
copying yolo/1_4.move_image.py -> /home/rokey-kim/Documents/ros2_ws/build/yolo/build/lib/yolo
copying yolo/2_0.capture_image.py -> /home/rokey-kim/Documents/ros2_ws/build/yolo/build/lib/yolo
copying yolo/1_1.cont_capture_image.py -> /home/rokey-kim/Documents/ros2_ws/build/yolo/build/lib/yolo
copying yolo/1_5.move_labels.py -> /home/rokey-kim/Documents/ros2_ws/build/yolo/build/lib/yolo
copying yolo/1_3.create_data_dirs.py -> /home/rokey-kim/Documents/ros2_ws/build/yolo/build/lib/yolo
copying yolo/1_7.yolov8_obj_det_best.py -> /home/rokey-kim/Documents/ros2_ws/build/yolo/build/lib/yolo
copying yolo/__init__.py -> /home/rokey-kim/Documents/ros2_ws/build/yolo/build/lib/yolo
running install
running install_lib
creating /home/rokey-kim/Documents/ros2_ws/install/yolo/lib/python3.10/site-packages/yolo
copying /home/rokey-kim/Documents/ros2_ws/build/yolo/build/lib/yolo/1_4.move_image.py -> /home/rokey-kim/Documents/ros2_ws/install/yolo/lib/python3.10/site-packages/yolo
copying /home/rokey-kim/Documents/ros2_ws/build/yolo/build/lib/yolo/2_0.capture_image.py -> /home/rokey-kim/Documents/ros2_ws/install/yolo/lib/python3.10/site-packages/yolo
copying /home/rokey-kim/Documents/ros2_ws/build/yolo/build/lib/yolo/1_1.cont_capture_image.py -> /home/rokey-kim/Documents/ros2_ws/install/yolo/lib/python3.10/site-packages/yolo
copying /home/rokey-kim/Documents/ros2_ws/build/yolo/build/lib/yolo/1_5.move_labels.py -> /home/rokey-kim/Documents/ros2_ws/install/yolo/lib/python3.10/site-packages/yolo
copying /home/rokey-kim/Documents/ros2_ws/build/yolo/build/lib/yolo/1_3.create_data_dirs.py -> /home/rokey-kim/Documents/ros2_ws/install/yolo/lib/python3.10/site-packages/yolo
copying /home/rokey-kim/Documents/ros2_ws/build/yolo/build/lib/yolo/1_7.yolov8_obj_det_best.py -> /home/rokey-kim/Documents/ros2_ws/install/yolo/lib/python3.10/site-packages/yolo
copying /home/rokey-kim/Documents/ros2_ws/build/yolo/build/lib/yolo/__init__.py -> /home/rokey-kim/Documents/ros2_ws/install/yolo/lib/python3.10/site-packages/yolo
byte-compiling /home/rokey-kim/Documents/ros2_ws/install/yolo/lib/python3.10/site-packages/yolo/1_4.move_image.py to 1_4.move_image.cpython-310.pyc
byte-compiling /home/rokey-kim/Documents/ros2_ws/install/yolo/lib/python3.10/site-packages/yolo/2_0.capture_image.py to 2_0.capture_image.cpython-310.pyc
byte-compiling /home/rokey-kim/Documents/ros2_ws/install/yolo/lib/python3.10/site-packages/yolo/1_1.cont_capture_image.py to 1_1.cont_capture_image.cpython-310.pyc
byte-compiling /home/rokey-kim/Documents/ros2_ws/install/yolo/lib/python3.10/site-packages/yolo/1_5.move_labels.py to 1_5.move_labels.cpython-310.pyc
byte-compiling /home/rokey-kim/Documents/ros2_ws/install/yolo/lib/python3.10/site-packages/yolo/1_3.create_data_dirs.py to 1_3.create_data_dirs.cpython-310.pyc
byte-compiling /home/rokey-kim/Documents/ros2_ws/install/yolo/lib/python3.10/site-packages/yolo/1_7.yolov8_obj_det_best.py to 1_7.yolov8_obj_det_best.cpython-310.pyc
byte-compiling /home/rokey-kim/Documents/ros2_ws/install/yolo/lib/python3.10/site-packages/yolo/__init__.py to __init__.cpython-310.pyc
running install_data
creating /home/rokey-kim/Documents/ros2_ws/install/yolo/share/ament_index
creating /home/rokey-kim/Documents/ros2_ws/install/yolo/share/ament_index/resource_index
creating /home/rokey-kim/Documents/ros2_ws/install/yolo/share/ament_index/resource_index/packages
copying resource/yolo -> /home/rokey-kim/Documents/ros2_ws/install/yolo/share/ament_index/resource_index/packages
copying package.xml -> /home/rokey-kim/Documents/ros2_ws/install/yolo/share/yolo
running install_egg_info
Copying ../../build/yolo/yolo.egg-info to /home/rokey-kim/Documents/ros2_ws/install/yolo/lib/python3.10/site-packages/yolo-0.0.0-py3.10.egg-info
running install_scripts
Installing capture_image script to /home/rokey-kim/Documents/ros2_ws/install/yolo/lib/yolo
writing list of installed files to '/home/rokey-kim/Documents/ros2_ws/build/yolo/install.log'
