[0.366s] Invoking command in '/home/rokey-kim/Documents/ros2_ws/src/yolo': PYTHONPATH=/home/rokey-kim/Documents/ros2_ws/build/yolo/prefix_override:/usr/lib/python3/dist-packages/colcon_core/task/python/colcon_distutils_commands:/home/rokey-kim/Documents/ros2_ws/install/yolo/lib/python3.10/site-packages:${PYTHONPATH} /usr/bin/python3 -W ignore:setup.py install is deprecated -W ignore:easy_install command is deprecated setup.py egg_info --egg-base ../../build/yolo build --build-base /home/rokey-kim/Documents/ros2_ws/build/yolo/build install --record /home/rokey-kim/Documents/ros2_ws/build/yolo/install.log --single-version-externally-managed install_data
[0.504s] running egg_info
[0.505s] creating ../../build/yolo/yolo.egg-info
[0.505s] writing ../../build/yolo/yolo.egg-info/PKG-INFO
[0.505s] writing dependency_links to ../../build/yolo/yolo.egg-info/dependency_links.txt
[0.505s] writing entry points to ../../build/yolo/yolo.egg-info/entry_points.txt
[0.505s] writing requirements to ../../build/yolo/yolo.egg-info/requires.txt
[0.505s] writing top-level names to ../../build/yolo/yolo.egg-info/top_level.txt
[0.505s] writing manifest file '../../build/yolo/yolo.egg-info/SOURCES.txt'
[0.506s] reading manifest file '../../build/yolo/yolo.egg-info/SOURCES.txt'
[0.507s] writing manifest file '../../build/yolo/yolo.egg-info/SOURCES.txt'
[0.507s] running build
[0.507s] running build_py
[0.507s] creating /home/rokey-kim/Documents/ros2_ws/build/yolo/build
[0.507s] creating /home/rokey-kim/Documents/ros2_ws/build/yolo/build/lib
[0.507s] creating /home/rokey-kim/Documents/ros2_ws/build/yolo/build/lib/yolo
[0.507s] copying yolo/1_4.move_image.py -> /home/rokey-kim/Documents/ros2_ws/build/yolo/build/lib/yolo
[0.507s] copying yolo/2_0.capture_image.py -> /home/rokey-kim/Documents/ros2_ws/build/yolo/build/lib/yolo
[0.507s] copying yolo/1_1.cont_capture_image.py -> /home/rokey-kim/Documents/ros2_ws/build/yolo/build/lib/yolo
[0.507s] copying yolo/1_5.move_labels.py -> /home/rokey-kim/Documents/ros2_ws/build/yolo/build/lib/yolo
[0.507s] copying yolo/1_3.create_data_dirs.py -> /home/rokey-kim/Documents/ros2_ws/build/yolo/build/lib/yolo
[0.507s] copying yolo/1_7.yolov8_obj_det_best.py -> /home/rokey-kim/Documents/ros2_ws/build/yolo/build/lib/yolo
[0.507s] copying yolo/__init__.py -> /home/rokey-kim/Documents/ros2_ws/build/yolo/build/lib/yolo
[0.507s] running install
[0.507s] running install_lib
[0.508s] creating /home/rokey-kim/Documents/ros2_ws/install/yolo/lib/python3.10/site-packages/yolo
[0.508s] copying /home/rokey-kim/Documents/ros2_ws/build/yolo/build/lib/yolo/1_4.move_image.py -> /home/rokey-kim/Documents/ros2_ws/install/yolo/lib/python3.10/site-packages/yolo
[0.508s] copying /home/rokey-kim/Documents/ros2_ws/build/yolo/build/lib/yolo/2_0.capture_image.py -> /home/rokey-kim/Documents/ros2_ws/install/yolo/lib/python3.10/site-packages/yolo
[0.508s] copying /home/rokey-kim/Documents/ros2_ws/build/yolo/build/lib/yolo/1_1.cont_capture_image.py -> /home/rokey-kim/Documents/ros2_ws/install/yolo/lib/python3.10/site-packages/yolo
[0.508s] copying /home/rokey-kim/Documents/ros2_ws/build/yolo/build/lib/yolo/1_5.move_labels.py -> /home/rokey-kim/Documents/ros2_ws/install/yolo/lib/python3.10/site-packages/yolo
[0.508s] copying /home/rokey-kim/Documents/ros2_ws/build/yolo/build/lib/yolo/1_3.create_data_dirs.py -> /home/rokey-kim/Documents/ros2_ws/install/yolo/lib/python3.10/site-packages/yolo
[0.508s] copying /home/rokey-kim/Documents/ros2_ws/build/yolo/build/lib/yolo/1_7.yolov8_obj_det_best.py -> /home/rokey-kim/Documents/ros2_ws/install/yolo/lib/python3.10/site-packages/yolo
[0.508s] copying /home/rokey-kim/Documents/ros2_ws/build/yolo/build/lib/yolo/__init__.py -> /home/rokey-kim/Documents/ros2_ws/install/yolo/lib/python3.10/site-packages/yolo
[0.508s] byte-compiling /home/rokey-kim/Documents/ros2_ws/install/yolo/lib/python3.10/site-packages/yolo/1_4.move_image.py to 1_4.move_image.cpython-310.pyc
[0.509s] byte-compiling /home/rokey-kim/Documents/ros2_ws/install/yolo/lib/python3.10/site-packages/yolo/2_0.capture_image.py to 2_0.capture_image.cpython-310.pyc
[0.509s] byte-compiling /home/rokey-kim/Documents/ros2_ws/install/yolo/lib/python3.10/site-packages/yolo/1_1.cont_capture_image.py to 1_1.cont_capture_image.cpython-310.pyc
[0.509s] byte-compiling /home/rokey-kim/Documents/ros2_ws/install/yolo/lib/python3.10/site-packages/yolo/1_5.move_labels.py to 1_5.move_labels.cpython-310.pyc
[0.509s] byte-compiling /home/rokey-kim/Documents/ros2_ws/install/yolo/lib/python3.10/site-packages/yolo/1_3.create_data_dirs.py to 1_3.create_data_dirs.cpython-310.pyc
[0.509s] byte-compiling /home/rokey-kim/Documents/ros2_ws/install/yolo/lib/python3.10/site-packages/yolo/1_7.yolov8_obj_det_best.py to 1_7.yolov8_obj_det_best.cpython-310.pyc
[0.510s] byte-compiling /home/rokey-kim/Documents/ros2_ws/install/yolo/lib/python3.10/site-packages/yolo/__init__.py to __init__.cpython-310.pyc
[0.510s] running install_data
[0.510s] creating /home/rokey-kim/Documents/ros2_ws/install/yolo/share/ament_index
[0.510s] creating /home/rokey-kim/Documents/ros2_ws/install/yolo/share/ament_index/resource_index
[0.510s] creating /home/rokey-kim/Documents/ros2_ws/install/yolo/share/ament_index/resource_index/packages
[0.510s] copying resource/yolo -> /home/rokey-kim/Documents/ros2_ws/install/yolo/share/ament_index/resource_index/packages
[0.510s] copying package.xml -> /home/rokey-kim/Documents/ros2_ws/install/yolo/share/yolo
[0.510s] running install_egg_info
[0.511s] Copying ../../build/yolo/yolo.egg-info to /home/rokey-kim/Documents/ros2_ws/install/yolo/lib/python3.10/site-packages/yolo-0.0.0-py3.10.egg-info
[0.512s] running install_scripts
[0.525s] Installing capture_image script to /home/rokey-kim/Documents/ros2_ws/install/yolo/lib/yolo
[0.525s] writing list of installed files to '/home/rokey-kim/Documents/ros2_ws/build/yolo/install.log'
[0.540s] Invoked command in '/home/rokey-kim/Documents/ros2_ws/src/yolo' returned '0': PYTHONPATH=/home/rokey-kim/Documents/ros2_ws/build/yolo/prefix_override:/usr/lib/python3/dist-packages/colcon_core/task/python/colcon_distutils_commands:/home/rokey-kim/Documents/ros2_ws/install/yolo/lib/python3.10/site-packages:${PYTHONPATH} /usr/bin/python3 -W ignore:setup.py install is deprecated -W ignore:easy_install command is deprecated setup.py egg_info --egg-base ../../build/yolo build --build-base /home/rokey-kim/Documents/ros2_ws/build/yolo/build install --record /home/rokey-kim/Documents/ros2_ws/build/yolo/install.log --single-version-externally-managed install_data
