[0.864s] Invoking command in '/home/rokey-kim/Documents/ros2_ws/src/yolo': PYTHONPATH=/home/rokey-kim/Documents/ros2_ws/build/yolo/prefix_override:/usr/lib/python3/dist-packages/colcon_core/task/python/colcon_distutils_commands:/home/rokey-kim/Documents/ros2_ws/install/yolo/lib/python3.10/site-packages:${PYTHONPATH} /usr/bin/python3 -W ignore:setup.py install is deprecated -W ignore:easy_install command is deprecated setup.py egg_info --egg-base ../../build/yolo build --build-base /home/rokey-kim/Documents/ros2_ws/build/yolo/build install --record /home/rokey-kim/Documents/ros2_ws/build/yolo/install.log --single-version-externally-managed install_data
[1.017s] running egg_info
[1.017s] writing ../../build/yolo/yolo.egg-info/PKG-INFO
[1.018s] writing dependency_links to ../../build/yolo/yolo.egg-info/dependency_links.txt
[1.018s] writing entry points to ../../build/yolo/yolo.egg-info/entry_points.txt
[1.018s] writing requirements to ../../build/yolo/yolo.egg-info/requires.txt
[1.018s] writing top-level names to ../../build/yolo/yolo.egg-info/top_level.txt
[1.018s] reading manifest file '../../build/yolo/yolo.egg-info/SOURCES.txt'
[1.019s] writing manifest file '../../build/yolo/yolo.egg-info/SOURCES.txt'
[1.019s] running build
[1.019s] running build_py
[1.020s] copying yolo/3_9_yolov8_obj_det_track.py -> /home/rokey-kim/Documents/ros2_ws/build/yolo/build/lib/yolo
[1.020s] copying yolo/3_1_cont_capture_image.py -> /home/rokey-kim/Documents/ros2_ws/build/yolo/build/lib/yolo
[1.020s] copying yolo/make_engine.py -> /home/rokey-kim/Documents/ros2_ws/build/yolo/build/lib/yolo
[1.020s] copying yolo/Draw_Box.py -> /home/rokey-kim/Documents/ros2_ws/build/yolo/build/lib/yolo
[1.020s] copying yolo/3_8_b_yolov8_obj_det_thread.py -> /home/rokey-kim/Documents/ros2_ws/build/yolo/build/lib/yolo
[1.020s] copying yolo/3_0_capture_image.py -> /home/rokey-kim/Documents/ros2_ws/build/yolo/build/lib/yolo
[1.020s] copying yolo/Draw_Polygon.py -> /home/rokey-kim/Documents/ros2_ws/build/yolo/build/lib/yolo
[1.020s] copying yolo/3_8_a_yolov8_obj_det.py -> /home/rokey-kim/Documents/ros2_ws/build/yolo/build/lib/yolo
[1.020s] running install
[1.021s] running install_lib
[1.021s] copying /home/rokey-kim/Documents/ros2_ws/build/yolo/build/lib/yolo/3_9_yolov8_obj_det_track.py -> /home/rokey-kim/Documents/ros2_ws/install/yolo/lib/python3.10/site-packages/yolo
[1.021s] copying /home/rokey-kim/Documents/ros2_ws/build/yolo/build/lib/yolo/3_1_cont_capture_image.py -> /home/rokey-kim/Documents/ros2_ws/install/yolo/lib/python3.10/site-packages/yolo
[1.021s] copying /home/rokey-kim/Documents/ros2_ws/build/yolo/build/lib/yolo/make_engine.py -> /home/rokey-kim/Documents/ros2_ws/install/yolo/lib/python3.10/site-packages/yolo
[1.021s] copying /home/rokey-kim/Documents/ros2_ws/build/yolo/build/lib/yolo/Draw_Box.py -> /home/rokey-kim/Documents/ros2_ws/install/yolo/lib/python3.10/site-packages/yolo
[1.021s] copying /home/rokey-kim/Documents/ros2_ws/build/yolo/build/lib/yolo/3_8_b_yolov8_obj_det_thread.py -> /home/rokey-kim/Documents/ros2_ws/install/yolo/lib/python3.10/site-packages/yolo
[1.021s] copying /home/rokey-kim/Documents/ros2_ws/build/yolo/build/lib/yolo/3_0_capture_image.py -> /home/rokey-kim/Documents/ros2_ws/install/yolo/lib/python3.10/site-packages/yolo
[1.021s] copying /home/rokey-kim/Documents/ros2_ws/build/yolo/build/lib/yolo/Draw_Polygon.py -> /home/rokey-kim/Documents/ros2_ws/install/yolo/lib/python3.10/site-packages/yolo
[1.022s] copying /home/rokey-kim/Documents/ros2_ws/build/yolo/build/lib/yolo/3_8_a_yolov8_obj_det.py -> /home/rokey-kim/Documents/ros2_ws/install/yolo/lib/python3.10/site-packages/yolo
[1.022s] byte-compiling /home/rokey-kim/Documents/ros2_ws/install/yolo/lib/python3.10/site-packages/yolo/3_9_yolov8_obj_det_track.py to 3_9_yolov8_obj_det_track.cpython-310.pyc
[1.023s] byte-compiling /home/rokey-kim/Documents/ros2_ws/install/yolo/lib/python3.10/site-packages/yolo/3_1_cont_capture_image.py to 3_1_cont_capture_image.cpython-310.pyc
[1.023s] byte-compiling /home/rokey-kim/Documents/ros2_ws/install/yolo/lib/python3.10/site-packages/yolo/make_engine.py to make_engine.cpython-310.pyc
[1.023s] byte-compiling /home/rokey-kim/Documents/ros2_ws/install/yolo/lib/python3.10/site-packages/yolo/Draw_Box.py to Draw_Box.cpython-310.pyc
[1.024s] byte-compiling /home/rokey-kim/Documents/ros2_ws/install/yolo/lib/python3.10/site-packages/yolo/3_8_b_yolov8_obj_det_thread.py to 3_8_b_yolov8_obj_det_thread.cpython-310.pyc
[1.024s] byte-compiling /home/rokey-kim/Documents/ros2_ws/install/yolo/lib/python3.10/site-packages/yolo/3_0_capture_image.py to 3_0_capture_image.cpython-310.pyc
[1.025s] byte-compiling /home/rokey-kim/Documents/ros2_ws/install/yolo/lib/python3.10/site-packages/yolo/Draw_Polygon.py to Draw_Polygon.cpython-310.pyc
[1.025s] byte-compiling /home/rokey-kim/Documents/ros2_ws/install/yolo/lib/python3.10/site-packages/yolo/3_8_a_yolov8_obj_det.py to 3_8_a_yolov8_obj_det.cpython-310.pyc
[1.026s] running install_data
[1.026s] running install_egg_info
[1.027s] removing '/home/rokey-kim/Documents/ros2_ws/install/yolo/lib/python3.10/site-packages/yolo-0.0.0-py3.10.egg-info' (and everything under it)
[1.028s] Copying ../../build/yolo/yolo.egg-info to /home/rokey-kim/Documents/ros2_ws/install/yolo/lib/python3.10/site-packages/yolo-0.0.0-py3.10.egg-info
[1.028s] running install_scripts
[1.042s] Installing capture_image script to /home/rokey-kim/Documents/ros2_ws/install/yolo/lib/yolo
[1.042s] Installing cont_cap_image script to /home/rokey-kim/Documents/ros2_ws/install/yolo/lib/yolo
[1.042s] Installing det_obj script to /home/rokey-kim/Documents/ros2_ws/install/yolo/lib/yolo
[1.042s] Installing det_obj_thread script to /home/rokey-kim/Documents/ros2_ws/install/yolo/lib/yolo
[1.042s] Installing det_obj_track script to /home/rokey-kim/Documents/ros2_ws/install/yolo/lib/yolo
[1.042s] writing list of installed files to '/home/rokey-kim/Documents/ros2_ws/build/yolo/install.log'
[1.061s] Invoked command in '/home/rokey-kim/Documents/ros2_ws/src/yolo' returned '0': PYTHONPATH=/home/rokey-kim/Documents/ros2_ws/build/yolo/prefix_override:/usr/lib/python3/dist-packages/colcon_core/task/python/colcon_distutils_commands:/home/rokey-kim/Documents/ros2_ws/install/yolo/lib/python3.10/site-packages:${PYTHONPATH} /usr/bin/python3 -W ignore:setup.py install is deprecated -W ignore:easy_install command is deprecated setup.py egg_info --egg-base ../../build/yolo build --build-base /home/rokey-kim/Documents/ros2_ws/build/yolo/build install --record /home/rokey-kim/Documents/ros2_ws/build/yolo/install.log --single-version-externally-managed install_data
