running egg_info
writing ../../build/day3/day3.egg-info/PKG-INFO
writing dependency_links to ../../build/day3/day3.egg-info/dependency_links.txt
writing entry points to ../../build/day3/day3.egg-info/entry_points.txt
writing requirements to ../../build/day3/day3.egg-info/requires.txt
writing top-level names to ../../build/day3/day3.egg-info/top_level.txt
reading manifest file '../../build/day3/day3.egg-info/SOURCES.txt'
writing manifest file '../../build/day3/day3.egg-info/SOURCES.txt'
running build
running build_py
copying day3/3_5_b_depth_to_3d.py -> /home/rokey-kim/Documents/ros2_ws/build/day3/build/lib/day3
copying day3/3_5_a_depth_checker.py -> /home/rokey-kim/Documents/ros2_ws/build/day3/build/lib/day3
running install
running install_lib
copying /home/rokey-kim/Documents/ros2_ws/build/day3/build/lib/day3/3_5_b_depth_to_3d.py -> /home/rokey-kim/Documents/ros2_ws/install/day3/lib/python3.10/site-packages/day3
copying /home/rokey-kim/Documents/ros2_ws/build/day3/build/lib/day3/3_5_a_depth_checker.py -> /home/rokey-kim/Documents/ros2_ws/install/day3/lib/python3.10/site-packages/day3
byte-compiling /home/rokey-kim/Documents/ros2_ws/install/day3/lib/python3.10/site-packages/day3/3_5_b_depth_to_3d.py to 3_5_b_depth_to_3d.cpython-310.pyc
byte-compiling /home/rokey-kim/Documents/ros2_ws/install/day3/lib/python3.10/site-packages/day3/3_5_a_depth_checker.py to 3_5_a_depth_checker.cpython-310.pyc
running install_data
running install_egg_info
removing '/home/rokey-kim/Documents/ros2_ws/install/day3/lib/python3.10/site-packages/day3-0.0.0-py3.10.egg-info' (and everything under it)
Copying ../../build/day3/day3.egg-info to /home/rokey-kim/Documents/ros2_ws/install/day3/lib/python3.10/site-packages/day3-0.0.0-py3.10.egg-info
running install_scripts
Installing capture_image script to /home/rokey-kim/Documents/ros2_ws/install/day3/lib/day3
Installing cont_cap_image script to /home/rokey-kim/Documents/ros2_ws/install/day3/lib/day3
Installing depth_checker script to /home/rokey-kim/Documents/ros2_ws/install/day3/lib/day3
Installing depth_to_3d script to /home/rokey-kim/Documents/ros2_ws/install/day3/lib/day3
Installing det_obj script to /home/rokey-kim/Documents/ros2_ws/install/day3/lib/day3
Installing det_obj_thread script to /home/rokey-kim/Documents/ros2_ws/install/day3/lib/day3
Installing det_obj_track script to /home/rokey-kim/Documents/ros2_ws/install/day3/lib/day3
writing list of installed files to '/home/rokey-kim/Documents/ros2_ws/build/day3/install.log'
