[0.886s] Invoking command in '/home/rokey-kim/Documents/ros2_ws/src/day2': PYTHONPATH=/home/rokey-kim/Documents/ros2_ws/build/day2/prefix_override:/usr/lib/python3/dist-packages/colcon_core/task/python/colcon_distutils_commands:/home/rokey-kim/Documents/ros2_ws/install/day2/lib/python3.10/site-packages:${PYTHONPATH} /usr/bin/python3 -W ignore:setup.py install is deprecated -W ignore:easy_install command is deprecated setup.py egg_info --egg-base ../../build/day2 build --build-base /home/rokey-kim/Documents/ros2_ws/build/day2/build install --record /home/rokey-kim/Documents/ros2_ws/build/day2/install.log --single-version-externally-managed install_data
[1.035s] running egg_info
[1.036s] writing ../../build/day2/day2.egg-info/PKG-INFO
[1.036s] writing dependency_links to ../../build/day2/day2.egg-info/dependency_links.txt
[1.036s] writing entry points to ../../build/day2/day2.egg-info/entry_points.txt
[1.036s] writing requirements to ../../build/day2/day2.egg-info/requires.txt
[1.036s] writing top-level names to ../../build/day2/day2.egg-info/top_level.txt
[1.037s] reading manifest file '../../build/day2/day2.egg-info/SOURCES.txt'
[1.038s] writing manifest file '../../build/day2/day2.egg-info/SOURCES.txt'
[1.038s] running build
[1.038s] running build_py
[1.039s] running install
[1.039s] running install_lib
[1.040s] running install_data
[1.040s] running install_egg_info
[1.041s] removing '/home/rokey-kim/Documents/ros2_ws/install/day2/lib/python3.10/site-packages/day2-0.0.0-py3.10.egg-info' (and everything under it)
[1.041s] Copying ../../build/day2/day2.egg-info to /home/rokey-kim/Documents/ros2_ws/install/day2/lib/python3.10/site-packages/day2-0.0.0-py3.10.egg-info
[1.042s] running install_scripts
[1.055s] Installing pub_data script to /home/rokey-kim/Documents/ros2_ws/install/day2/lib/day2
[1.055s] Installing pub_image script to /home/rokey-kim/Documents/ros2_ws/install/day2/lib/day2
[1.055s] Installing pub_yolo script to /home/rokey-kim/Documents/ros2_ws/install/day2/lib/day2
[1.055s] Installing show_data script to /home/rokey-kim/Documents/ros2_ws/install/day2/lib/day2
[1.056s] Installing show_image script to /home/rokey-kim/Documents/ros2_ws/install/day2/lib/day2
[1.056s] Installing show_yolo script to /home/rokey-kim/Documents/ros2_ws/install/day2/lib/day2
[1.056s] writing list of installed files to '/home/rokey-kim/Documents/ros2_ws/build/day2/install.log'
[1.077s] Invoked command in '/home/rokey-kim/Documents/ros2_ws/src/day2' returned '0': PYTHONPATH=/home/rokey-kim/Documents/ros2_ws/build/day2/prefix_override:/usr/lib/python3/dist-packages/colcon_core/task/python/colcon_distutils_commands:/home/rokey-kim/Documents/ros2_ws/install/day2/lib/python3.10/site-packages:${PYTHONPATH} /usr/bin/python3 -W ignore:setup.py install is deprecated -W ignore:easy_install command is deprecated setup.py egg_info --egg-base ../../build/day2 build --build-base /home/rokey-kim/Documents/ros2_ws/build/day2/build install --record /home/rokey-kim/Documents/ros2_ws/build/day2/install.log --single-version-externally-managed install_data
