running develop
Removing /home/rokey-kim/Documents/ros2_ws/install/day3/lib/python3.10/site-packages/day3.egg-link (link to .)
running egg_info
writing ../../build/day3/day3.egg-info/PKG-INFO
writing dependency_links to ../../build/day3/day3.egg-info/dependency_links.txt
writing entry points to ../../build/day3/day3.egg-info/entry_points.txt
writing requirements to ../../build/day3/day3.egg-info/requires.txt
writing top-level names to ../../build/day3/day3.egg-info/top_level.txt
reading manifest file '../../build/day3/day3.egg-info/SOURCES.txt'
writing manifest file '../../build/day3/day3.egg-info/SOURCES.txt'
running build
running build_py
copying day3/3_1_a_capture_image.py -> /home/rokey-kim/Documents/ros2_ws/build/day3/build/lib/day3
copying day3/3_1_b_cont_capture_image.py -> /home/rokey-kim/Documents/ros2_ws/build/day3/build/lib/day3
copying day3/3_4_a_yolov8_obj_det.py -> /home/rokey-kim/Documents/ros2_ws/build/day3/build/lib/day3
copying day3/Obj_Distance.py -> /home/rokey-kim/Documents/ros2_ws/build/day3/build/lib/day3
copying day3/3_4_b_yolov8_obj_det_thread.py -> /home/rokey-kim/Documents/ros2_ws/build/day3/build/lib/day3
copying day3/3_4_c_yolov8_obj_det_track.py -> /home/rokey-kim/Documents/ros2_ws/build/day3/build/lib/day3
running install
running install_lib
creating /home/rokey-kim/Documents/ros2_ws/install/day3/lib/python3.10/site-packages/day3
copying /home/rokey-kim/Documents/ros2_ws/build/day3/build/lib/day3/3_1_a_capture_image.py -> /home/rokey-kim/Documents/ros2_ws/install/day3/lib/python3.10/site-packages/day3
copying /home/rokey-kim/Documents/ros2_ws/build/day3/build/lib/day3/3_1_b_cont_capture_image.py -> /home/rokey-kim/Documents/ros2_ws/install/day3/lib/python3.10/site-packages/day3
copying /home/rokey-kim/Documents/ros2_ws/build/day3/build/lib/day3/3_4_a_yolov8_obj_det.py -> /home/rokey-kim/Documents/ros2_ws/install/day3/lib/python3.10/site-packages/day3
copying /home/rokey-kim/Documents/ros2_ws/build/day3/build/lib/day3/Obj_Distance.py -> /home/rokey-kim/Documents/ros2_ws/install/day3/lib/python3.10/site-packages/day3
copying /home/rokey-kim/Documents/ros2_ws/build/day3/build/lib/day3/3_4_b_yolov8_obj_det_thread.py -> /home/rokey-kim/Documents/ros2_ws/install/day3/lib/python3.10/site-packages/day3
copying /home/rokey-kim/Documents/ros2_ws/build/day3/build/lib/day3/3_4_c_yolov8_obj_det_track.py -> /home/rokey-kim/Documents/ros2_ws/install/day3/lib/python3.10/site-packages/day3
copying /home/rokey-kim/Documents/ros2_ws/build/day3/build/lib/day3/__init__.py -> /home/rokey-kim/Documents/ros2_ws/install/day3/lib/python3.10/site-packages/day3
byte-compiling /home/rokey-kim/Documents/ros2_ws/install/day3/lib/python3.10/site-packages/day3/3_1_a_capture_image.py to 3_1_a_capture_image.cpython-310.pyc
byte-compiling /home/rokey-kim/Documents/ros2_ws/install/day3/lib/python3.10/site-packages/day3/3_1_b_cont_capture_image.py to 3_1_b_cont_capture_image.cpython-310.pyc
byte-compiling /home/rokey-kim/Documents/ros2_ws/install/day3/lib/python3.10/site-packages/day3/3_4_a_yolov8_obj_det.py to 3_4_a_yolov8_obj_det.cpython-310.pyc
byte-compiling /home/rokey-kim/Documents/ros2_ws/install/day3/lib/python3.10/site-packages/day3/Obj_Distance.py to Obj_Distance.cpython-310.pyc
byte-compiling /home/rokey-kim/Documents/ros2_ws/install/day3/lib/python3.10/site-packages/day3/3_4_b_yolov8_obj_det_thread.py to 3_4_b_yolov8_obj_det_thread.cpython-310.pyc
byte-compiling /home/rokey-kim/Documents/ros2_ws/install/day3/lib/python3.10/site-packages/day3/3_4_c_yolov8_obj_det_track.py to 3_4_c_yolov8_obj_det_track.cpython-310.pyc
byte-compiling /home/rokey-kim/Documents/ros2_ws/install/day3/lib/python3.10/site-packages/day3/__init__.py to __init__.cpython-310.pyc
running install_data
copying resource/day3 -> /home/rokey-kim/Documents/ros2_ws/install/day3/share/ament_index/resource_index/packages
copying package.xml -> /home/rokey-kim/Documents/ros2_ws/install/day3/share/day3
running install_egg_info
Copying ../../build/day3/day3.egg-info to /home/rokey-kim/Documents/ros2_ws/install/day3/lib/python3.10/site-packages/day3-0.0.0-py3.10.egg-info
running install_scripts
Installing capture_image script to /home/rokey-kim/Documents/ros2_ws/install/day3/lib/day3
Installing cont_cap_image script to /home/rokey-kim/Documents/ros2_ws/install/day3/lib/day3
Installing det_obj script to /home/rokey-kim/Documents/ros2_ws/install/day3/lib/day3
Installing det_obj_thread script to /home/rokey-kim/Documents/ros2_ws/install/day3/lib/day3
Installing det_obj_track script to /home/rokey-kim/Documents/ros2_ws/install/day3/lib/day3
Installing obj_distance script to /home/rokey-kim/Documents/ros2_ws/install/day3/lib/day3
writing list of installed files to '/home/rokey-kim/Documents/ros2_ws/build/day3/install.log'
