[0.744s] Invoking command in '/home/rokey-kim/Documents/ros2_ws/build/day3': PYTHONPATH=/home/rokey-kim/Documents/ros2_ws/build/day3/prefix_override:/usr/lib/python3/dist-packages/colcon_core/task/python/colcon_distutils_commands:/home/rokey-kim/Documents/ros2_ws/install/day3/lib/python3.10/site-packages:${PYTHONPATH} /usr/bin/python3 -W ignore:setup.py install is deprecated -W ignore:easy_install command is deprecated setup.py develop --uninstall --editable --build-directory /home/rokey-kim/Documents/ros2_ws/build/day3/build
[1.057s] running develop
[1.250s] Removing /home/rokey-kim/Documents/ros2_ws/install/day3/lib/python3.10/site-packages/day3.egg-link (link to .)
[1.276s] Invoked command in '/home/rokey-kim/Documents/ros2_ws/build/day3' returned '0': PYTHONPATH=/home/rokey-kim/Documents/ros2_ws/build/day3/prefix_override:/usr/lib/python3/dist-packages/colcon_core/task/python/colcon_distutils_commands:/home/rokey-kim/Documents/ros2_ws/install/day3/lib/python3.10/site-packages:${PYTHONPATH} /usr/bin/python3 -W ignore:setup.py install is deprecated -W ignore:easy_install command is deprecated setup.py develop --uninstall --editable --build-directory /home/rokey-kim/Documents/ros2_ws/build/day3/build
[1.278s] Invoking command in '/home/rokey-kim/Documents/ros2_ws/src/day3': PYTHONPATH=/home/rokey-kim/Documents/ros2_ws/build/day3/prefix_override:/usr/lib/python3/dist-packages/colcon_core/task/python/colcon_distutils_commands:/home/rokey-kim/Documents/ros2_ws/install/day3/lib/python3.10/site-packages:${PYTHONPATH} /usr/bin/python3 -W ignore:setup.py install is deprecated -W ignore:easy_install command is deprecated setup.py egg_info --egg-base ../../build/day3 build --build-base /home/rokey-kim/Documents/ros2_ws/build/day3/build install --record /home/rokey-kim/Documents/ros2_ws/build/day3/install.log --single-version-externally-managed install_data --force
[1.515s] running egg_info
[1.516s] writing ../../build/day3/day3.egg-info/PKG-INFO
[1.516s] writing dependency_links to ../../build/day3/day3.egg-info/dependency_links.txt
[1.516s] writing entry points to ../../build/day3/day3.egg-info/entry_points.txt
[1.516s] writing requirements to ../../build/day3/day3.egg-info/requires.txt
[1.516s] writing top-level names to ../../build/day3/day3.egg-info/top_level.txt
[1.518s] reading manifest file '../../build/day3/day3.egg-info/SOURCES.txt'
[1.519s] writing manifest file '../../build/day3/day3.egg-info/SOURCES.txt'
[1.519s] running build
[1.519s] running build_py
[1.519s] copying day3/3_1_a_capture_image.py -> /home/rokey-kim/Documents/ros2_ws/build/day3/build/lib/day3
[1.519s] copying day3/3_1_b_cont_capture_image.py -> /home/rokey-kim/Documents/ros2_ws/build/day3/build/lib/day3
[1.519s] copying day3/3_4_a_yolov8_obj_det.py -> /home/rokey-kim/Documents/ros2_ws/build/day3/build/lib/day3
[1.519s] copying day3/Obj_Distance.py -> /home/rokey-kim/Documents/ros2_ws/build/day3/build/lib/day3
[1.519s] copying day3/3_4_b_yolov8_obj_det_thread.py -> /home/rokey-kim/Documents/ros2_ws/build/day3/build/lib/day3
[1.519s] copying day3/3_4_c_yolov8_obj_det_track.py -> /home/rokey-kim/Documents/ros2_ws/build/day3/build/lib/day3
[1.520s] running install
[1.520s] running install_lib
[1.521s] creating /home/rokey-kim/Documents/ros2_ws/install/day3/lib/python3.10/site-packages/day3
[1.521s] copying /home/rokey-kim/Documents/ros2_ws/build/day3/build/lib/day3/3_1_a_capture_image.py -> /home/rokey-kim/Documents/ros2_ws/install/day3/lib/python3.10/site-packages/day3
[1.521s] copying /home/rokey-kim/Documents/ros2_ws/build/day3/build/lib/day3/3_1_b_cont_capture_image.py -> /home/rokey-kim/Documents/ros2_ws/install/day3/lib/python3.10/site-packages/day3
[1.522s] copying /home/rokey-kim/Documents/ros2_ws/build/day3/build/lib/day3/3_4_a_yolov8_obj_det.py -> /home/rokey-kim/Documents/ros2_ws/install/day3/lib/python3.10/site-packages/day3
[1.522s] copying /home/rokey-kim/Documents/ros2_ws/build/day3/build/lib/day3/Obj_Distance.py -> /home/rokey-kim/Documents/ros2_ws/install/day3/lib/python3.10/site-packages/day3
[1.522s] copying /home/rokey-kim/Documents/ros2_ws/build/day3/build/lib/day3/3_4_b_yolov8_obj_det_thread.py -> /home/rokey-kim/Documents/ros2_ws/install/day3/lib/python3.10/site-packages/day3
[1.522s] copying /home/rokey-kim/Documents/ros2_ws/build/day3/build/lib/day3/3_4_c_yolov8_obj_det_track.py -> /home/rokey-kim/Documents/ros2_ws/install/day3/lib/python3.10/site-packages/day3
[1.522s] copying /home/rokey-kim/Documents/ros2_ws/build/day3/build/lib/day3/__init__.py -> /home/rokey-kim/Documents/ros2_ws/install/day3/lib/python3.10/site-packages/day3
[1.522s] byte-compiling /home/rokey-kim/Documents/ros2_ws/install/day3/lib/python3.10/site-packages/day3/3_1_a_capture_image.py to 3_1_a_capture_image.cpython-310.pyc
[1.522s] byte-compiling /home/rokey-kim/Documents/ros2_ws/install/day3/lib/python3.10/site-packages/day3/3_1_b_cont_capture_image.py to 3_1_b_cont_capture_image.cpython-310.pyc
[1.523s] byte-compiling /home/rokey-kim/Documents/ros2_ws/install/day3/lib/python3.10/site-packages/day3/3_4_a_yolov8_obj_det.py to 3_4_a_yolov8_obj_det.cpython-310.pyc
[1.524s] byte-compiling /home/rokey-kim/Documents/ros2_ws/install/day3/lib/python3.10/site-packages/day3/Obj_Distance.py to Obj_Distance.cpython-310.pyc
[1.524s] byte-compiling /home/rokey-kim/Documents/ros2_ws/install/day3/lib/python3.10/site-packages/day3/3_4_b_yolov8_obj_det_thread.py to 3_4_b_yolov8_obj_det_thread.cpython-310.pyc
[1.525s] byte-compiling /home/rokey-kim/Documents/ros2_ws/install/day3/lib/python3.10/site-packages/day3/3_4_c_yolov8_obj_det_track.py to 3_4_c_yolov8_obj_det_track.cpython-310.pyc
[1.526s] byte-compiling /home/rokey-kim/Documents/ros2_ws/install/day3/lib/python3.10/site-packages/day3/__init__.py to __init__.cpython-310.pyc
[1.527s] running install_data
[1.527s] copying resource/day3 -> /home/rokey-kim/Documents/ros2_ws/install/day3/share/ament_index/resource_index/packages
[1.527s] copying package.xml -> /home/rokey-kim/Documents/ros2_ws/install/day3/share/day3
[1.527s] running install_egg_info
[1.529s] Copying ../../build/day3/day3.egg-info to /home/rokey-kim/Documents/ros2_ws/install/day3/lib/python3.10/site-packages/day3-0.0.0-py3.10.egg-info
[1.531s] running install_scripts
[1.554s] Installing capture_image script to /home/rokey-kim/Documents/ros2_ws/install/day3/lib/day3
[1.554s] Installing cont_cap_image script to /home/rokey-kim/Documents/ros2_ws/install/day3/lib/day3
[1.554s] Installing det_obj script to /home/rokey-kim/Documents/ros2_ws/install/day3/lib/day3
[1.554s] Installing det_obj_thread script to /home/rokey-kim/Documents/ros2_ws/install/day3/lib/day3
[1.554s] Installing det_obj_track script to /home/rokey-kim/Documents/ros2_ws/install/day3/lib/day3
[1.554s] Installing obj_distance script to /home/rokey-kim/Documents/ros2_ws/install/day3/lib/day3
[1.555s] writing list of installed files to '/home/rokey-kim/Documents/ros2_ws/build/day3/install.log'
[1.580s] Invoked command in '/home/rokey-kim/Documents/ros2_ws/src/day3' returned '0': PYTHONPATH=/home/rokey-kim/Documents/ros2_ws/build/day3/prefix_override:/usr/lib/python3/dist-packages/colcon_core/task/python/colcon_distutils_commands:/home/rokey-kim/Documents/ros2_ws/install/day3/lib/python3.10/site-packages:${PYTHONPATH} /usr/bin/python3 -W ignore:setup.py install is deprecated -W ignore:easy_install command is deprecated setup.py egg_info --egg-base ../../build/day3 build --build-base /home/rokey-kim/Documents/ros2_ws/build/day3/build install --record /home/rokey-kim/Documents/ros2_ws/build/day3/install.log --single-version-externally-managed install_data --force
