[0.366s] Invoking command in '/home/rokey-kim/Documents/ros2_ws/src/yolo': PYTHONPATH=/home/rokey-kim/Documents/ros2_ws/build/yolo/prefix_override:/usr/lib/python3/dist-packages/colcon_core/task/python/colcon_distutils_commands:/home/rokey-kim/Documents/ros2_ws/install/yolo/lib/python3.10/site-packages:${PYTHONPATH} /usr/bin/python3 -W ignore:setup.py install is deprecated -W ignore:easy_install command is deprecated setup.py egg_info --egg-base ../../build/yolo build --build-base /home/rokey-kim/Documents/ros2_ws/build/yolo/build install --record /home/rokey-kim/Documents/ros2_ws/build/yolo/install.log --single-version-externally-managed install_data
[0.506s] running egg_info
[0.506s] writing ../../build/yolo/yolo.egg-info/PKG-INFO
[0.506s] writing dependency_links to ../../build/yolo/yolo.egg-info/dependency_links.txt
[0.506s] writing entry points to ../../build/yolo/yolo.egg-info/entry_points.txt
[0.506s] writing requirements to ../../build/yolo/yolo.egg-info/requires.txt
[0.506s] writing top-level names to ../../build/yolo/yolo.egg-info/top_level.txt
[0.507s] reading manifest file '../../build/yolo/yolo.egg-info/SOURCES.txt'
[0.510s] writing manifest file '../../build/yolo/yolo.egg-info/SOURCES.txt'
[0.510s] running build
[0.510s] running build_py
[0.510s] copying yolo/2_5_move_labels.py -> /home/rokey-kim/Documents/ros2_ws/build/yolo/build/lib/yolo
[0.510s] copying yolo/gpu_test.py -> /home/rokey-kim/Documents/ros2_ws/build/yolo/build/lib/yolo
[0.510s] copying yolo/2_3_create_data_dirs.py -> /home/rokey-kim/Documents/ros2_ws/build/yolo/build/lib/yolo
[0.510s] copying yolo/2_8_yolov8_obj_det.py -> /home/rokey-kim/Documents/ros2_ws/build/yolo/build/lib/yolo
[0.511s] copying yolo/2_4_move_image.py -> /home/rokey-kim/Documents/ros2_ws/build/yolo/build/lib/yolo
[0.511s] copying yolo/make_engine.py -> /home/rokey-kim/Documents/ros2_ws/build/yolo/build/lib/yolo
[0.511s] running install
[0.511s] running install_lib
[0.511s] copying /home/rokey-kim/Documents/ros2_ws/build/yolo/build/lib/yolo/2_5_move_labels.py -> /home/rokey-kim/Documents/ros2_ws/install/yolo/lib/python3.10/site-packages/yolo
[0.511s] copying /home/rokey-kim/Documents/ros2_ws/build/yolo/build/lib/yolo/gpu_test.py -> /home/rokey-kim/Documents/ros2_ws/install/yolo/lib/python3.10/site-packages/yolo
[0.511s] copying /home/rokey-kim/Documents/ros2_ws/build/yolo/build/lib/yolo/2_3_create_data_dirs.py -> /home/rokey-kim/Documents/ros2_ws/install/yolo/lib/python3.10/site-packages/yolo
[0.511s] copying /home/rokey-kim/Documents/ros2_ws/build/yolo/build/lib/yolo/2_8_yolov8_obj_det.py -> /home/rokey-kim/Documents/ros2_ws/install/yolo/lib/python3.10/site-packages/yolo
[0.511s] copying /home/rokey-kim/Documents/ros2_ws/build/yolo/build/lib/yolo/2_4_move_image.py -> /home/rokey-kim/Documents/ros2_ws/install/yolo/lib/python3.10/site-packages/yolo
[0.511s] copying /home/rokey-kim/Documents/ros2_ws/build/yolo/build/lib/yolo/make_engine.py -> /home/rokey-kim/Documents/ros2_ws/install/yolo/lib/python3.10/site-packages/yolo
[0.512s] byte-compiling /home/rokey-kim/Documents/ros2_ws/install/yolo/lib/python3.10/site-packages/yolo/2_5_move_labels.py to 2_5_move_labels.cpython-310.pyc
[0.512s] byte-compiling /home/rokey-kim/Documents/ros2_ws/install/yolo/lib/python3.10/site-packages/yolo/gpu_test.py to gpu_test.cpython-310.pyc
[0.512s] byte-compiling /home/rokey-kim/Documents/ros2_ws/install/yolo/lib/python3.10/site-packages/yolo/2_3_create_data_dirs.py to 2_3_create_data_dirs.cpython-310.pyc
[0.512s] byte-compiling /home/rokey-kim/Documents/ros2_ws/install/yolo/lib/python3.10/site-packages/yolo/2_8_yolov8_obj_det.py to 2_8_yolov8_obj_det.cpython-310.pyc
[0.513s] byte-compiling /home/rokey-kim/Documents/ros2_ws/install/yolo/lib/python3.10/site-packages/yolo/2_4_move_image.py to 2_4_move_image.cpython-310.pyc
[0.513s] byte-compiling /home/rokey-kim/Documents/ros2_ws/install/yolo/lib/python3.10/site-packages/yolo/make_engine.py to make_engine.cpython-310.pyc
[0.513s] running install_data
[0.513s] running install_egg_info
[0.515s] removing '/home/rokey-kim/Documents/ros2_ws/install/yolo/lib/python3.10/site-packages/yolo-0.0.0-py3.10.egg-info' (and everything under it)
[0.515s] Copying ../../build/yolo/yolo.egg-info to /home/rokey-kim/Documents/ros2_ws/install/yolo/lib/python3.10/site-packages/yolo-0.0.0-py3.10.egg-info
[0.515s] running install_scripts
[0.528s] Installing capture_image script to /home/rokey-kim/Documents/ros2_ws/install/yolo/lib/yolo
[0.528s] Installing cont_cap_image script to /home/rokey-kim/Documents/ros2_ws/install/yolo/lib/yolo
[0.528s] Installing det_obj script to /home/rokey-kim/Documents/ros2_ws/install/yolo/lib/yolo
[0.528s] writing list of installed files to '/home/rokey-kim/Documents/ros2_ws/build/yolo/install.log'
[0.543s] Invoked command in '/home/rokey-kim/Documents/ros2_ws/src/yolo' returned '0': PYTHONPATH=/home/rokey-kim/Documents/ros2_ws/build/yolo/prefix_override:/usr/lib/python3/dist-packages/colcon_core/task/python/colcon_distutils_commands:/home/rokey-kim/Documents/ros2_ws/install/yolo/lib/python3.10/site-packages:${PYTHONPATH} /usr/bin/python3 -W ignore:setup.py install is deprecated -W ignore:easy_install command is deprecated setup.py egg_info --egg-base ../../build/yolo build --build-base /home/rokey-kim/Documents/ros2_ws/build/yolo/build install --record /home/rokey-kim/Documents/ros2_ws/build/yolo/install.log --single-version-externally-managed install_data
