[0.073s] [34mcolcon[0m [1;30mDEBUG[0m [32mCommand line arguments: ['/usr/bin/colcon', 'build', '--symlink-install'][0m
[0.073s] [34mcolcon[0m [1;30mDEBUG[0m [32mParsed command line arguments: Namespace(log_base=None, log_level=None, verb_name='build', build_base='build', install_base='install', merge_install=False, symlink_install=True, test_result_base=None, continue_on_error=False, executor='parallel', parallel_workers=20, event_handlers=None, ignore_user_meta=False, metas=['./colcon.meta'], base_paths=['.'], packages_ignore=None, packages_ignore_regex=None, paths=None, packages_up_to=None, packages_up_to_regex=None, packages_above=None, packages_above_and_dependencies=None, packages_above_depth=None, packages_select_by_dep=None, packages_skip_by_dep=None, packages_skip_up_to=None, packages_select_build_failed=False, packages_skip_build_finished=False, packages_select_test_failures=False, packages_skip_test_passed=False, packages_select=None, packages_skip=None, packages_select_regex=None, packages_skip_regex=None, packages_start=None, packages_end=None, allow_overriding=[], cmake_args=None, cmake_target=None, cmake_target_skip_unavailable=False, cmake_clean_cache=False, cmake_clean_first=False, cmake_force_configure=False, ament_cmake_args=None, catkin_cmake_args=None, catkin_skip_building_tests=False, mixin_files=None, mixin=None, verb_parser=<colcon_mixin.mixin.mixin_argument.MixinArgumentDecorator object at 0x7312a98311b0>, verb_extension=<colcon_core.verb.build.BuildVerb object at 0x7312a99b5720>, main=<bound method BuildVerb.main of <colcon_core.verb.build.BuildVerb object at 0x7312a99b5720>>, mixin_verb=('build',))[0m
[0.173s] [34mcolcon.colcon_core.package_discovery[0m [1;30mLevel 1[0m discover_packages(colcon_meta) check parameters
[0.174s] [34mcolcon.colcon_core.package_discovery[0m [1;30mLevel 1[0m discover_packages(recursive) check parameters
[0.174s] [34mcolcon.colcon_core.package_discovery[0m [1;30mLevel 1[0m discover_packages(ignore) check parameters
[0.174s] [34mcolcon.colcon_core.package_discovery[0m [1;30mLevel 1[0m discover_packages(path) check parameters
[0.174s] [34mcolcon.colcon_core.package_discovery[0m [1;30mLevel 1[0m discover_packages(colcon_meta) discover
[0.174s] [34mcolcon.colcon_core.package_discovery[0m [1;30mLevel 1[0m discover_packages(recursive) discover
[0.174s] [34mcolcon.colcon_core.package_discovery[0m [1;30mINFO[0m Crawling recursively for packages in '/home/rokey-kim/Documents/ros2_ws'
[0.174s] [34mcolcon.colcon_core.package_identification[0m [1;30mLevel 1[0m _identify(.) by extensions ['ignore', 'ignore_ament_install']
[0.174s] [34mcolcon.colcon_core.package_identification[0m [1;30mLevel 1[0m _identify(.) by extension 'ignore'
[0.174s] [34mcolcon.colcon_core.package_identification[0m [1;30mLevel 1[0m _identify(.) by extension 'ignore_ament_install'
[0.174s] [34mcolcon.colcon_core.package_identification[0m [1;30mLevel 1[0m _identify(.) by extensions ['colcon_pkg']
[0.174s] [34mcolcon.colcon_core.package_identification[0m [1;30mLevel 1[0m _identify(.) by extension 'colcon_pkg'
[0.174s] [34mcolcon.colcon_core.package_identification[0m [1;30mLevel 1[0m _identify(.) by extensions ['colcon_meta']
[0.174s] [34mcolcon.colcon_core.package_identification[0m [1;30mLevel 1[0m _identify(.) by extension 'colcon_meta'
[0.174s] [34mcolcon.colcon_core.package_identification[0m [1;30mLevel 1[0m _identify(.) by extensions ['ros']
[0.174s] [34mcolcon.colcon_core.package_identification[0m [1;30mLevel 1[0m _identify(.) by extension 'ros'
[0.186s] [34mcolcon.colcon_core.package_identification[0m [1;30mLevel 1[0m _identify(.) by extensions ['cmake', 'python']
[0.186s] [34mcolcon.colcon_core.package_identification[0m [1;30mLevel 1[0m _identify(.) by extension 'cmake'
[0.186s] [34mcolcon.colcon_core.package_identification[0m [1;30mLevel 1[0m _identify(.) by extension 'python'
[0.186s] [34mcolcon.colcon_core.package_identification[0m [1;30mLevel 1[0m _identify(.) by extensions ['python_setup_py']
[0.186s] [34mcolcon.colcon_core.package_identification[0m [1;30mLevel 1[0m _identify(.) by extension 'python_setup_py'
[0.186s] [34mcolcon.colcon_core.package_identification[0m [1;30mLevel 1[0m _identify(build) by extensions ['ignore', 'ignore_ament_install']
[0.186s] [34mcolcon.colcon_core.package_identification[0m [1;30mLevel 1[0m _identify(build) by extension 'ignore'
[0.186s] [34mcolcon.colcon_core.package_identification[0m [1;30mLevel 1[0m _identify(build) ignored
[0.186s] [34mcolcon.colcon_core.package_identification[0m [1;30mLevel 1[0m _identify(images) by extensions ['ignore', 'ignore_ament_install']
[0.186s] [34mcolcon.colcon_core.package_identification[0m [1;30mLevel 1[0m _identify(images) by extension 'ignore'
[0.186s] [34mcolcon.colcon_core.package_identification[0m [1;30mLevel 1[0m _identify(images) by extension 'ignore_ament_install'
[0.186s] [34mcolcon.colcon_core.package_identification[0m [1;30mLevel 1[0m _identify(images) by extensions ['colcon_pkg']
[0.187s] [34mcolcon.colcon_core.package_identification[0m [1;30mLevel 1[0m _identify(images) by extension 'colcon_pkg'
[0.187s] [34mcolcon.colcon_core.package_identification[0m [1;30mLevel 1[0m _identify(images) by extensions ['colcon_meta']
[0.187s] [34mcolcon.colcon_core.package_identification[0m [1;30mLevel 1[0m _identify(images) by extension 'colcon_meta'
[0.187s] [34mcolcon.colcon_core.package_identification[0m [1;30mLevel 1[0m _identify(images) by extensions ['ros']
[0.187s] [34mcolcon.colcon_core.package_identification[0m [1;30mLevel 1[0m _identify(images) by extension 'ros'
[0.187s] [34mcolcon.colcon_core.package_identification[0m [1;30mLevel 1[0m _identify(images) by extensions ['cmake', 'python']
[0.187s] [34mcolcon.colcon_core.package_identification[0m [1;30mLevel 1[0m _identify(images) by extension 'cmake'
[0.187s] [34mcolcon.colcon_core.package_identification[0m [1;30mLevel 1[0m _identify(images) by extension 'python'
[0.187s] [34mcolcon.colcon_core.package_identification[0m [1;30mLevel 1[0m _identify(images) by extensions ['python_setup_py']
[0.187s] [34mcolcon.colcon_core.package_identification[0m [1;30mLevel 1[0m _identify(images) by extension 'python_setup_py'
[0.187s] [34mcolcon.colcon_core.package_identification[0m [1;30mLevel 1[0m _identify(install) by extensions ['ignore', 'ignore_ament_install']
[0.187s] [34mcolcon.colcon_core.package_identification[0m [1;30mLevel 1[0m _identify(install) by extension 'ignore'
[0.187s] [34mcolcon.colcon_core.package_identification[0m [1;30mLevel 1[0m _identify(install) ignored
[0.187s] [34mcolcon.colcon_core.package_identification[0m [1;30mLevel 1[0m _identify(labels) by extensions ['ignore', 'ignore_ament_install']
[0.187s] [34mcolcon.colcon_core.package_identification[0m [1;30mLevel 1[0m _identify(labels) by extension 'ignore'
[0.187s] [34mcolcon.colcon_core.package_identification[0m [1;30mLevel 1[0m _identify(labels) by extension 'ignore_ament_install'
[0.187s] [34mcolcon.colcon_core.package_identification[0m [1;30mLevel 1[0m _identify(labels) by extensions ['colcon_pkg']
[0.187s] [34mcolcon.colcon_core.package_identification[0m [1;30mLevel 1[0m _identify(labels) by extension 'colcon_pkg'
[0.187s] [34mcolcon.colcon_core.package_identification[0m [1;30mLevel 1[0m _identify(labels) by extensions ['colcon_meta']
[0.187s] [34mcolcon.colcon_core.package_identification[0m [1;30mLevel 1[0m _identify(labels) by extension 'colcon_meta'
[0.187s] [34mcolcon.colcon_core.package_identification[0m [1;30mLevel 1[0m _identify(labels) by extensions ['ros']
[0.187s] [34mcolcon.colcon_core.package_identification[0m [1;30mLevel 1[0m _identify(labels) by extension 'ros'
[0.187s] [34mcolcon.colcon_core.package_identification[0m [1;30mLevel 1[0m _identify(labels) by extensions ['cmake', 'python']
[0.187s] [34mcolcon.colcon_core.package_identification[0m [1;30mLevel 1[0m _identify(labels) by extension 'cmake'
[0.187s] [34mcolcon.colcon_core.package_identification[0m [1;30mLevel 1[0m _identify(labels) by extension 'python'
[0.187s] [34mcolcon.colcon_core.package_identification[0m [1;30mLevel 1[0m _identify(labels) by extensions ['python_setup_py']
[0.187s] [34mcolcon.colcon_core.package_identification[0m [1;30mLevel 1[0m _identify(labels) by extension 'python_setup_py'
[0.187s] [34mcolcon.colcon_core.package_identification[0m [1;30mLevel 1[0m _identify(log) by extensions ['ignore', 'ignore_ament_install']
[0.187s] [34mcolcon.colcon_core.package_identification[0m [1;30mLevel 1[0m _identify(log) by extension 'ignore'
[0.187s] [34mcolcon.colcon_core.package_identification[0m [1;30mLevel 1[0m _identify(log) ignored
[0.187s] [34mcolcon.colcon_core.package_identification[0m [1;30mLevel 1[0m _identify(my_data) by extensions ['ignore', 'ignore_ament_install']
[0.187s] [34mcolcon.colcon_core.package_identification[0m [1;30mLevel 1[0m _identify(my_data) by extension 'ignore'
[0.187s] [34mcolcon.colcon_core.package_identification[0m [1;30mLevel 1[0m _identify(my_data) by extension 'ignore_ament_install'
[0.188s] [34mcolcon.colcon_core.package_identification[0m [1;30mLevel 1[0m _identify(my_data) by extensions ['colcon_pkg']
[0.188s] [34mcolcon.colcon_core.package_identification[0m [1;30mLevel 1[0m _identify(my_data) by extension 'colcon_pkg'
[0.188s] [34mcolcon.colcon_core.package_identification[0m [1;30mLevel 1[0m _identify(my_data) by extensions ['colcon_meta']
[0.188s] [34mcolcon.colcon_core.package_identification[0m [1;30mLevel 1[0m _identify(my_data) by extension 'colcon_meta'
[0.188s] [34mcolcon.colcon_core.package_identification[0m [1;30mLevel 1[0m _identify(my_data) by extensions ['ros']
[0.188s] [34mcolcon.colcon_core.package_identification[0m [1;30mLevel 1[0m _identify(my_data) by extension 'ros'
[0.188s] [34mcolcon.colcon_core.package_identification[0m [1;30mLevel 1[0m _identify(my_data) by extensions ['cmake', 'python']
[0.188s] [34mcolcon.colcon_core.package_identification[0m [1;30mLevel 1[0m _identify(my_data) by extension 'cmake'
[0.188s] [34mcolcon.colcon_core.package_identification[0m [1;30mLevel 1[0m _identify(my_data) by extension 'python'
[0.188s] [34mcolcon.colcon_core.package_identification[0m [1;30mLevel 1[0m _identify(my_data) by extensions ['python_setup_py']
[0.188s] [34mcolcon.colcon_core.package_identification[0m [1;30mLevel 1[0m _identify(my_data) by extension 'python_setup_py'
[0.188s] [34mcolcon.colcon_core.package_identification[0m [1;30mLevel 1[0m _identify(my_data/test) by extensions ['ignore', 'ignore_ament_install']
[0.188s] [34mcolcon.colcon_core.package_identification[0m [1;30mLevel 1[0m _identify(my_data/test) by extension 'ignore'
[0.188s] [34mcolcon.colcon_core.package_identification[0m [1;30mLevel 1[0m _identify(my_data/test) by extension 'ignore_ament_install'
[0.188s] [34mcolcon.colcon_core.package_identification[0m [1;30mLevel 1[0m _identify(my_data/test) by extensions ['colcon_pkg']
[0.188s] [34mcolcon.colcon_core.package_identification[0m [1;30mLevel 1[0m _identify(my_data/test) by extension 'colcon_pkg'
[0.188s] [34mcolcon.colcon_core.package_identification[0m [1;30mLevel 1[0m _identify(my_data/test) by extensions ['colcon_meta']
[0.188s] [34mcolcon.colcon_core.package_identification[0m [1;30mLevel 1[0m _identify(my_data/test) by extension 'colcon_meta'
[0.188s] [34mcolcon.colcon_core.package_identification[0m [1;30mLevel 1[0m _identify(my_data/test) by extensions ['ros']
[0.188s] [34mcolcon.colcon_core.package_identification[0m [1;30mLevel 1[0m _identify(my_data/test) by extension 'ros'
[0.188s] [34mcolcon.colcon_core.package_identification[0m [1;30mLevel 1[0m _identify(my_data/test) by extensions ['cmake', 'python']
[0.188s] [34mcolcon.colcon_core.package_identification[0m [1;30mLevel 1[0m _identify(my_data/test) by extension 'cmake'
[0.188s] [34mcolcon.colcon_core.package_identification[0m [1;30mLevel 1[0m _identify(my_data/test) by extension 'python'
[0.188s] [34mcolcon.colcon_core.package_identification[0m [1;30mLevel 1[0m _identify(my_data/test) by extensions ['python_setup_py']
[0.188s] [34mcolcon.colcon_core.package_identification[0m [1;30mLevel 1[0m _identify(my_data/test) by extension 'python_setup_py'
[0.188s] [34mcolcon.colcon_core.package_identification[0m [1;30mLevel 1[0m _identify(my_data/test/images) by extensions ['ignore', 'ignore_ament_install']
[0.188s] [34mcolcon.colcon_core.package_identification[0m [1;30mLevel 1[0m _identify(my_data/test/images) by extension 'ignore'
[0.188s] [34mcolcon.colcon_core.package_identification[0m [1;30mLevel 1[0m _identify(my_data/test/images) by extension 'ignore_ament_install'
[0.188s] [34mcolcon.colcon_core.package_identification[0m [1;30mLevel 1[0m _identify(my_data/test/images) by extensions ['colcon_pkg']
[0.188s] [34mcolcon.colcon_core.package_identification[0m [1;30mLevel 1[0m _identify(my_data/test/images) by extension 'colcon_pkg'
[0.188s] [34mcolcon.colcon_core.package_identification[0m [1;30mLevel 1[0m _identify(my_data/test/images) by extensions ['colcon_meta']
[0.188s] [34mcolcon.colcon_core.package_identification[0m [1;30mLevel 1[0m _identify(my_data/test/images) by extension 'colcon_meta'
[0.188s] [34mcolcon.colcon_core.package_identification[0m [1;30mLevel 1[0m _identify(my_data/test/images) by extensions ['ros']
[0.188s] [34mcolcon.colcon_core.package_identification[0m [1;30mLevel 1[0m _identify(my_data/test/images) by extension 'ros'
[0.188s] [34mcolcon.colcon_core.package_identification[0m [1;30mLevel 1[0m _identify(my_data/test/images) by extensions ['cmake', 'python']
[0.188s] [34mcolcon.colcon_core.package_identification[0m [1;30mLevel 1[0m _identify(my_data/test/images) by extension 'cmake'
[0.188s] [34mcolcon.colcon_core.package_identification[0m [1;30mLevel 1[0m _identify(my_data/test/images) by extension 'python'
[0.188s] [34mcolcon.colcon_core.package_identification[0m [1;30mLevel 1[0m _identify(my_data/test/images) by extensions ['python_setup_py']
[0.188s] [34mcolcon.colcon_core.package_identification[0m [1;30mLevel 1[0m _identify(my_data/test/images) by extension 'python_setup_py'
[0.189s] [34mcolcon.colcon_core.package_identification[0m [1;30mLevel 1[0m _identify(my_data/train) by extensions ['ignore', 'ignore_ament_install']
[0.189s] [34mcolcon.colcon_core.package_identification[0m [1;30mLevel 1[0m _identify(my_data/train) by extension 'ignore'
[0.189s] [34mcolcon.colcon_core.package_identification[0m [1;30mLevel 1[0m _identify(my_data/train) by extension 'ignore_ament_install'
[0.189s] [34mcolcon.colcon_core.package_identification[0m [1;30mLevel 1[0m _identify(my_data/train) by extensions ['colcon_pkg']
[0.189s] [34mcolcon.colcon_core.package_identification[0m [1;30mLevel 1[0m _identify(my_data/train) by extension 'colcon_pkg'
[0.189s] [34mcolcon.colcon_core.package_identification[0m [1;30mLevel 1[0m _identify(my_data/train) by extensions ['colcon_meta']
[0.189s] [34mcolcon.colcon_core.package_identification[0m [1;30mLevel 1[0m _identify(my_data/train) by extension 'colcon_meta'
[0.189s] [34mcolcon.colcon_core.package_identification[0m [1;30mLevel 1[0m _identify(my_data/train) by extensions ['ros']
[0.189s] [34mcolcon.colcon_core.package_identification[0m [1;30mLevel 1[0m _identify(my_data/train) by extension 'ros'
[0.189s] [34mcolcon.colcon_core.package_identification[0m [1;30mLevel 1[0m _identify(my_data/train) by extensions ['cmake', 'python']
[0.189s] [34mcolcon.colcon_core.package_identification[0m [1;30mLevel 1[0m _identify(my_data/train) by extension 'cmake'
[0.189s] [34mcolcon.colcon_core.package_identification[0m [1;30mLevel 1[0m _identify(my_data/train) by extension 'python'
[0.189s] [34mcolcon.colcon_core.package_identification[0m [1;30mLevel 1[0m _identify(my_data/train) by extensions ['python_setup_py']
[0.189s] [34mcolcon.colcon_core.package_identification[0m [1;30mLevel 1[0m _identify(my_data/train) by extension 'python_setup_py'
[0.189s] [34mcolcon.colcon_core.package_identification[0m [1;30mLevel 1[0m _identify(my_data/train/images) by extensions ['ignore', 'ignore_ament_install']
[0.189s] [34mcolcon.colcon_core.package_identification[0m [1;30mLevel 1[0m _identify(my_data/train/images) by extension 'ignore'
[0.189s] [34mcolcon.colcon_core.package_identification[0m [1;30mLevel 1[0m _identify(my_data/train/images) by extension 'ignore_ament_install'
[0.189s] [34mcolcon.colcon_core.package_identification[0m [1;30mLevel 1[0m _identify(my_data/train/images) by extensions ['colcon_pkg']
[0.189s] [34mcolcon.colcon_core.package_identification[0m [1;30mLevel 1[0m _identify(my_data/train/images) by extension 'colcon_pkg'
[0.189s] [34mcolcon.colcon_core.package_identification[0m [1;30mLevel 1[0m _identify(my_data/train/images) by extensions ['colcon_meta']
[0.189s] [34mcolcon.colcon_core.package_identification[0m [1;30mLevel 1[0m _identify(my_data/train/images) by extension 'colcon_meta'
[0.189s] [34mcolcon.colcon_core.package_identification[0m [1;30mLevel 1[0m _identify(my_data/train/images) by extensions ['ros']
[0.189s] [34mcolcon.colcon_core.package_identification[0m [1;30mLevel 1[0m _identify(my_data/train/images) by extension 'ros'
[0.189s] [34mcolcon.colcon_core.package_identification[0m [1;30mLevel 1[0m _identify(my_data/train/images) by extensions ['cmake', 'python']
[0.189s] [34mcolcon.colcon_core.package_identification[0m [1;30mLevel 1[0m _identify(my_data/train/images) by extension 'cmake'
[0.189s] [34mcolcon.colcon_core.package_identification[0m [1;30mLevel 1[0m _identify(my_data/train/images) by extension 'python'
[0.189s] [34mcolcon.colcon_core.package_identification[0m [1;30mLevel 1[0m _identify(my_data/train/images) by extensions ['python_setup_py']
[0.189s] [34mcolcon.colcon_core.package_identification[0m [1;30mLevel 1[0m _identify(my_data/train/images) by extension 'python_setup_py'
[0.189s] [34mcolcon.colcon_core.package_identification[0m [1;30mLevel 1[0m _identify(my_data/train/labels) by extensions ['ignore', 'ignore_ament_install']
[0.189s] [34mcolcon.colcon_core.package_identification[0m [1;30mLevel 1[0m _identify(my_data/train/labels) by extension 'ignore'
[0.189s] [34mcolcon.colcon_core.package_identification[0m [1;30mLevel 1[0m _identify(my_data/train/labels) by extension 'ignore_ament_install'
[0.189s] [34mcolcon.colcon_core.package_identification[0m [1;30mLevel 1[0m _identify(my_data/train/labels) by extensions ['colcon_pkg']
[0.189s] [34mcolcon.colcon_core.package_identification[0m [1;30mLevel 1[0m _identify(my_data/train/labels) by extension 'colcon_pkg'
[0.189s] [34mcolcon.colcon_core.package_identification[0m [1;30mLevel 1[0m _identify(my_data/train/labels) by extensions ['colcon_meta']
[0.189s] [34mcolcon.colcon_core.package_identification[0m [1;30mLevel 1[0m _identify(my_data/train/labels) by extension 'colcon_meta'
[0.189s] [34mcolcon.colcon_core.package_identification[0m [1;30mLevel 1[0m _identify(my_data/train/labels) by extensions ['ros']
[0.189s] [34mcolcon.colcon_core.package_identification[0m [1;30mLevel 1[0m _identify(my_data/train/labels) by extension 'ros'
[0.190s] [34mcolcon.colcon_core.package_identification[0m [1;30mLevel 1[0m _identify(my_data/train/labels) by extensions ['cmake', 'python']
[0.190s] [34mcolcon.colcon_core.package_identification[0m [1;30mLevel 1[0m _identify(my_data/train/labels) by extension 'cmake'
[0.190s] [34mcolcon.colcon_core.package_identification[0m [1;30mLevel 1[0m _identify(my_data/train/labels) by extension 'python'
[0.190s] [34mcolcon.colcon_core.package_identification[0m [1;30mLevel 1[0m _identify(my_data/train/labels) by extensions ['python_setup_py']
[0.190s] [34mcolcon.colcon_core.package_identification[0m [1;30mLevel 1[0m _identify(my_data/train/labels) by extension 'python_setup_py'
[0.190s] [34mcolcon.colcon_core.package_identification[0m [1;30mLevel 1[0m _identify(my_data/valid) by extensions ['ignore', 'ignore_ament_install']
[0.190s] [34mcolcon.colcon_core.package_identification[0m [1;30mLevel 1[0m _identify(my_data/valid) by extension 'ignore'
[0.190s] [34mcolcon.colcon_core.package_identification[0m [1;30mLevel 1[0m _identify(my_data/valid) by extension 'ignore_ament_install'
[0.190s] [34mcolcon.colcon_core.package_identification[0m [1;30mLevel 1[0m _identify(my_data/valid) by extensions ['colcon_pkg']
[0.190s] [34mcolcon.colcon_core.package_identification[0m [1;30mLevel 1[0m _identify(my_data/valid) by extension 'colcon_pkg'
[0.190s] [34mcolcon.colcon_core.package_identification[0m [1;30mLevel 1[0m _identify(my_data/valid) by extensions ['colcon_meta']
[0.190s] [34mcolcon.colcon_core.package_identification[0m [1;30mLevel 1[0m _identify(my_data/valid) by extension 'colcon_meta'
[0.190s] [34mcolcon.colcon_core.package_identification[0m [1;30mLevel 1[0m _identify(my_data/valid) by extensions ['ros']
[0.190s] [34mcolcon.colcon_core.package_identification[0m [1;30mLevel 1[0m _identify(my_data/valid) by extension 'ros'
[0.190s] [34mcolcon.colcon_core.package_identification[0m [1;30mLevel 1[0m _identify(my_data/valid) by extensions ['cmake', 'python']
[0.190s] [34mcolcon.colcon_core.package_identification[0m [1;30mLevel 1[0m _identify(my_data/valid) by extension 'cmake'
[0.190s] [34mcolcon.colcon_core.package_identification[0m [1;30mLevel 1[0m _identify(my_data/valid) by extension 'python'
[0.190s] [34mcolcon.colcon_core.package_identification[0m [1;30mLevel 1[0m _identify(my_data/valid) by extensions ['python_setup_py']
[0.190s] [34mcolcon.colcon_core.package_identification[0m [1;30mLevel 1[0m _identify(my_data/valid) by extension 'python_setup_py'
[0.190s] [34mcolcon.colcon_core.package_identification[0m [1;30mLevel 1[0m _identify(my_data/valid/images) by extensions ['ignore', 'ignore_ament_install']
[0.190s] [34mcolcon.colcon_core.package_identification[0m [1;30mLevel 1[0m _identify(my_data/valid/images) by extension 'ignore'
[0.190s] [34mcolcon.colcon_core.package_identification[0m [1;30mLevel 1[0m _identify(my_data/valid/images) by extension 'ignore_ament_install'
[0.190s] [34mcolcon.colcon_core.package_identification[0m [1;30mLevel 1[0m _identify(my_data/valid/images) by extensions ['colcon_pkg']
[0.190s] [34mcolcon.colcon_core.package_identification[0m [1;30mLevel 1[0m _identify(my_data/valid/images) by extension 'colcon_pkg'
[0.190s] [34mcolcon.colcon_core.package_identification[0m [1;30mLevel 1[0m _identify(my_data/valid/images) by extensions ['colcon_meta']
[0.190s] [34mcolcon.colcon_core.package_identification[0m [1;30mLevel 1[0m _identify(my_data/valid/images) by extension 'colcon_meta'
[0.190s] [34mcolcon.colcon_core.package_identification[0m [1;30mLevel 1[0m _identify(my_data/valid/images) by extensions ['ros']
[0.190s] [34mcolcon.colcon_core.package_identification[0m [1;30mLevel 1[0m _identify(my_data/valid/images) by extension 'ros'
[0.190s] [34mcolcon.colcon_core.package_identification[0m [1;30mLevel 1[0m _identify(my_data/valid/images) by extensions ['cmake', 'python']
[0.190s] [34mcolcon.colcon_core.package_identification[0m [1;30mLevel 1[0m _identify(my_data/valid/images) by extension 'cmake'
[0.190s] [34mcolcon.colcon_core.package_identification[0m [1;30mLevel 1[0m _identify(my_data/valid/images) by extension 'python'
[0.190s] [34mcolcon.colcon_core.package_identification[0m [1;30mLevel 1[0m _identify(my_data/valid/images) by extensions ['python_setup_py']
[0.190s] [34mcolcon.colcon_core.package_identification[0m [1;30mLevel 1[0m _identify(my_data/valid/images) by extension 'python_setup_py'
[0.190s] [34mcolcon.colcon_core.package_identification[0m [1;30mLevel 1[0m _identify(my_data/valid/labels) by extensions ['ignore', 'ignore_ament_install']
[0.190s] [34mcolcon.colcon_core.package_identification[0m [1;30mLevel 1[0m _identify(my_data/valid/labels) by extension 'ignore'
[0.190s] [34mcolcon.colcon_core.package_identification[0m [1;30mLevel 1[0m _identify(my_data/valid/labels) by extension 'ignore_ament_install'
[0.190s] [34mcolcon.colcon_core.package_identification[0m [1;30mLevel 1[0m _identify(my_data/valid/labels) by extensions ['colcon_pkg']
[0.190s] [34mcolcon.colcon_core.package_identification[0m [1;30mLevel 1[0m _identify(my_data/valid/labels) by extension 'colcon_pkg'
[0.190s] [34mcolcon.colcon_core.package_identification[0m [1;30mLevel 1[0m _identify(my_data/valid/labels) by extensions ['colcon_meta']
[0.190s] [34mcolcon.colcon_core.package_identification[0m [1;30mLevel 1[0m _identify(my_data/valid/labels) by extension 'colcon_meta'
[0.191s] [34mcolcon.colcon_core.package_identification[0m [1;30mLevel 1[0m _identify(my_data/valid/labels) by extensions ['ros']
[0.191s] [34mcolcon.colcon_core.package_identification[0m [1;30mLevel 1[0m _identify(my_data/valid/labels) by extension 'ros'
[0.191s] [34mcolcon.colcon_core.package_identification[0m [1;30mLevel 1[0m _identify(my_data/valid/labels) by extensions ['cmake', 'python']
[0.191s] [34mcolcon.colcon_core.package_identification[0m [1;30mLevel 1[0m _identify(my_data/valid/labels) by extension 'cmake'
[0.191s] [34mcolcon.colcon_core.package_identification[0m [1;30mLevel 1[0m _identify(my_data/valid/labels) by extension 'python'
[0.191s] [34mcolcon.colcon_core.package_identification[0m [1;30mLevel 1[0m _identify(my_data/valid/labels) by extensions ['python_setup_py']
[0.191s] [34mcolcon.colcon_core.package_identification[0m [1;30mLevel 1[0m _identify(my_data/valid/labels) by extension 'python_setup_py'
[0.191s] [34mcolcon.colcon_core.package_identification[0m [1;30mLevel 1[0m _identify(output) by extensions ['ignore', 'ignore_ament_install']
[0.191s] [34mcolcon.colcon_core.package_identification[0m [1;30mLevel 1[0m _identify(output) by extension 'ignore'
[0.191s] [34mcolcon.colcon_core.package_identification[0m [1;30mLevel 1[0m _identify(output) by extension 'ignore_ament_install'
[0.191s] [34mcolcon.colcon_core.package_identification[0m [1;30mLevel 1[0m _identify(output) by extensions ['colcon_pkg']
[0.191s] [34mcolcon.colcon_core.package_identification[0m [1;30mLevel 1[0m _identify(output) by extension 'colcon_pkg'
[0.191s] [34mcolcon.colcon_core.package_identification[0m [1;30mLevel 1[0m _identify(output) by extensions ['colcon_meta']
[0.191s] [34mcolcon.colcon_core.package_identification[0m [1;30mLevel 1[0m _identify(output) by extension 'colcon_meta'
[0.191s] [34mcolcon.colcon_core.package_identification[0m [1;30mLevel 1[0m _identify(output) by extensions ['ros']
[0.191s] [34mcolcon.colcon_core.package_identification[0m [1;30mLevel 1[0m _identify(output) by extension 'ros'
[0.191s] [34mcolcon.colcon_core.package_identification[0m [1;30mLevel 1[0m _identify(output) by extensions ['cmake', 'python']
[0.191s] [34mcolcon.colcon_core.package_identification[0m [1;30mLevel 1[0m _identify(output) by extension 'cmake'
[0.191s] [34mcolcon.colcon_core.package_identification[0m [1;30mLevel 1[0m _identify(output) by extension 'python'
[0.191s] [34mcolcon.colcon_core.package_identification[0m [1;30mLevel 1[0m _identify(output) by extensions ['python_setup_py']
[0.191s] [34mcolcon.colcon_core.package_identification[0m [1;30mLevel 1[0m _identify(output) by extension 'python_setup_py'
[0.191s] [34mcolcon.colcon_core.package_identification[0m [1;30mLevel 1[0m _identify(src) by extensions ['ignore', 'ignore_ament_install']
[0.191s] [34mcolcon.colcon_core.package_identification[0m [1;30mLevel 1[0m _identify(src) by extension 'ignore'
[0.191s] [34mcolcon.colcon_core.package_identification[0m [1;30mLevel 1[0m _identify(src) by extension 'ignore_ament_install'
[0.191s] [34mcolcon.colcon_core.package_identification[0m [1;30mLevel 1[0m _identify(src) by extensions ['colcon_pkg']
[0.191s] [34mcolcon.colcon_core.package_identification[0m [1;30mLevel 1[0m _identify(src) by extension 'colcon_pkg'
[0.191s] [34mcolcon.colcon_core.package_identification[0m [1;30mLevel 1[0m _identify(src) by extensions ['colcon_meta']
[0.191s] [34mcolcon.colcon_core.package_identification[0m [1;30mLevel 1[0m _identify(src) by extension 'colcon_meta'
[0.191s] [34mcolcon.colcon_core.package_identification[0m [1;30mLevel 1[0m _identify(src) by extensions ['ros']
[0.191s] [34mcolcon.colcon_core.package_identification[0m [1;30mLevel 1[0m _identify(src) by extension 'ros'
[0.191s] [34mcolcon.colcon_core.package_identification[0m [1;30mLevel 1[0m _identify(src) by extensions ['cmake', 'python']
[0.191s] [34mcolcon.colcon_core.package_identification[0m [1;30mLevel 1[0m _identify(src) by extension 'cmake'
[0.191s] [34mcolcon.colcon_core.package_identification[0m [1;30mLevel 1[0m _identify(src) by extension 'python'
[0.191s] [34mcolcon.colcon_core.package_identification[0m [1;30mLevel 1[0m _identify(src) by extensions ['python_setup_py']
[0.191s] [34mcolcon.colcon_core.package_identification[0m [1;30mLevel 1[0m _identify(src) by extension 'python_setup_py'
[0.191s] [34mcolcon.colcon_core.package_identification[0m [1;30mLevel 1[0m _identify(src/day2) by extensions ['ignore', 'ignore_ament_install']
[0.191s] [34mcolcon.colcon_core.package_identification[0m [1;30mLevel 1[0m _identify(src/day2) by extension 'ignore'
[0.191s] [34mcolcon.colcon_core.package_identification[0m [1;30mLevel 1[0m _identify(src/day2) by extension 'ignore_ament_install'
[0.192s] [34mcolcon.colcon_core.package_identification[0m [1;30mLevel 1[0m _identify(src/day2) by extensions ['colcon_pkg']
[0.192s] [34mcolcon.colcon_core.package_identification[0m [1;30mLevel 1[0m _identify(src/day2) by extension 'colcon_pkg'
[0.192s] [34mcolcon.colcon_core.package_identification[0m [1;30mLevel 1[0m _identify(src/day2) by extensions ['colcon_meta']
[0.192s] [34mcolcon.colcon_core.package_identification[0m [1;30mLevel 1[0m _identify(src/day2) by extension 'colcon_meta'
[0.192s] [34mcolcon.colcon_core.package_identification[0m [1;30mLevel 1[0m _identify(src/day2) by extensions ['ros']
[0.192s] [34mcolcon.colcon_core.package_identification[0m [1;30mLevel 1[0m _identify(src/day2) by extension 'ros'
[0.193s] [34mcolcon.colcon_core.package_identification[0m [1;30mDEBUG[0m [32mPackage 'src/day2' with type 'ros.ament_python' and name 'day2'[0m
[0.193s] [34mcolcon.colcon_core.package_identification[0m [1;30mLevel 1[0m _identify(src/day3) by extensions ['ignore', 'ignore_ament_install']
[0.193s] [34mcolcon.colcon_core.package_identification[0m [1;30mLevel 1[0m _identify(src/day3) by extension 'ignore'
[0.193s] [34mcolcon.colcon_core.package_identification[0m [1;30mLevel 1[0m _identify(src/day3) by extension 'ignore_ament_install'
[0.193s] [34mcolcon.colcon_core.package_identification[0m [1;30mLevel 1[0m _identify(src/day3) by extensions ['colcon_pkg']
[0.193s] [34mcolcon.colcon_core.package_identification[0m [1;30mLevel 1[0m _identify(src/day3) by extension 'colcon_pkg'
[0.193s] [34mcolcon.colcon_core.package_identification[0m [1;30mLevel 1[0m _identify(src/day3) by extensions ['colcon_meta']
[0.193s] [34mcolcon.colcon_core.package_identification[0m [1;30mLevel 1[0m _identify(src/day3) by extension 'colcon_meta'
[0.193s] [34mcolcon.colcon_core.package_identification[0m [1;30mLevel 1[0m _identify(src/day3) by extensions ['ros']
[0.193s] [34mcolcon.colcon_core.package_identification[0m [1;30mLevel 1[0m _identify(src/day3) by extension 'ros'
[0.194s] [34mcolcon.colcon_core.package_identification[0m [1;30mDEBUG[0m [32mPackage 'src/day3' with type 'ros.ament_python' and name 'day3'[0m
[0.194s] [34mcolcon.colcon_core.package_identification[0m [1;30mLevel 1[0m _identify(src/day5) by extensions ['ignore', 'ignore_ament_install']
[0.194s] [34mcolcon.colcon_core.package_identification[0m [1;30mLevel 1[0m _identify(src/day5) by extension 'ignore'
[0.194s] [34mcolcon.colcon_core.package_identification[0m [1;30mLevel 1[0m _identify(src/day5) by extension 'ignore_ament_install'
[0.194s] [34mcolcon.colcon_core.package_identification[0m [1;30mLevel 1[0m _identify(src/day5) by extensions ['colcon_pkg']
[0.194s] [34mcolcon.colcon_core.package_identification[0m [1;30mLevel 1[0m _identify(src/day5) by extension 'colcon_pkg'
[0.194s] [34mcolcon.colcon_core.package_identification[0m [1;30mLevel 1[0m _identify(src/day5) by extensions ['colcon_meta']
[0.194s] [34mcolcon.colcon_core.package_identification[0m [1;30mLevel 1[0m _identify(src/day5) by extension 'colcon_meta'
[0.194s] [34mcolcon.colcon_core.package_identification[0m [1;30mLevel 1[0m _identify(src/day5) by extensions ['ros']
[0.194s] [34mcolcon.colcon_core.package_identification[0m [1;30mLevel 1[0m _identify(src/day5) by extension 'ros'
[0.194s] [34mcolcon.colcon_core.package_identification[0m [1;30mLevel 1[0m _identify(src/day5) by extensions ['cmake', 'python']
[0.194s] [34mcolcon.colcon_core.package_identification[0m [1;30mLevel 1[0m _identify(src/day5) by extension 'cmake'
[0.194s] [34mcolcon.colcon_core.package_identification[0m [1;30mLevel 1[0m _identify(src/day5) by extension 'python'
[0.194s] [34mcolcon.colcon_core.package_identification[0m [1;30mLevel 1[0m _identify(src/day5) by extensions ['python_setup_py']
[0.194s] [34mcolcon.colcon_core.package_identification[0m [1;30mLevel 1[0m _identify(src/day5) by extension 'python_setup_py'
[0.194s] [34mcolcon.colcon_core.package_identification[0m [1;30mLevel 1[0m _identify(src/day5/templates) by extensions ['ignore', 'ignore_ament_install']
[0.194s] [34mcolcon.colcon_core.package_identification[0m [1;30mLevel 1[0m _identify(src/day5/templates) by extension 'ignore'
[0.194s] [34mcolcon.colcon_core.package_identification[0m [1;30mLevel 1[0m _identify(src/day5/templates) by extension 'ignore_ament_install'
[0.194s] [34mcolcon.colcon_core.package_identification[0m [1;30mLevel 1[0m _identify(src/day5/templates) by extensions ['colcon_pkg']
[0.194s] [34mcolcon.colcon_core.package_identification[0m [1;30mLevel 1[0m _identify(src/day5/templates) by extension 'colcon_pkg'
[0.194s] [34mcolcon.colcon_core.package_identification[0m [1;30mLevel 1[0m _identify(src/day5/templates) by extensions ['colcon_meta']
[0.194s] [34mcolcon.colcon_core.package_identification[0m [1;30mLevel 1[0m _identify(src/day5/templates) by extension 'colcon_meta'
[0.194s] [34mcolcon.colcon_core.package_identification[0m [1;30mLevel 1[0m _identify(src/day5/templates) by extensions ['ros']
[0.194s] [34mcolcon.colcon_core.package_identification[0m [1;30mLevel 1[0m _identify(src/day5/templates) by extension 'ros'
[0.194s] [34mcolcon.colcon_core.package_identification[0m [1;30mLevel 1[0m _identify(src/day5/templates) by extensions ['cmake', 'python']
[0.194s] [34mcolcon.colcon_core.package_identification[0m [1;30mLevel 1[0m _identify(src/day5/templates) by extension 'cmake'
[0.194s] [34mcolcon.colcon_core.package_identification[0m [1;30mLevel 1[0m _identify(src/day5/templates) by extension 'python'
[0.194s] [34mcolcon.colcon_core.package_identification[0m [1;30mLevel 1[0m _identify(src/day5/templates) by extensions ['python_setup_py']
[0.195s] [34mcolcon.colcon_core.package_identification[0m [1;30mLevel 1[0m _identify(src/day5/templates) by extension 'python_setup_py'
[0.195s] [34mcolcon.colcon_core.package_identification[0m [1;30mLevel 1[0m _identify(src/oakd_image_subscriber) by extensions ['ignore', 'ignore_ament_install']
[0.195s] [34mcolcon.colcon_core.package_identification[0m [1;30mLevel 1[0m _identify(src/oakd_image_subscriber) by extension 'ignore'
[0.195s] [34mcolcon.colcon_core.package_identification[0m [1;30mLevel 1[0m _identify(src/oakd_image_subscriber) by extension 'ignore_ament_install'
[0.195s] [34mcolcon.colcon_core.package_identification[0m [1;30mLevel 1[0m _identify(src/oakd_image_subscriber) by extensions ['colcon_pkg']
[0.195s] [34mcolcon.colcon_core.package_identification[0m [1;30mLevel 1[0m _identify(src/oakd_image_subscriber) by extension 'colcon_pkg'
[0.195s] [34mcolcon.colcon_core.package_identification[0m [1;30mLevel 1[0m _identify(src/oakd_image_subscriber) by extensions ['colcon_meta']
[0.195s] [34mcolcon.colcon_core.package_identification[0m [1;30mLevel 1[0m _identify(src/oakd_image_subscriber) by extension 'colcon_meta'
[0.195s] [34mcolcon.colcon_core.package_identification[0m [1;30mLevel 1[0m _identify(src/oakd_image_subscriber) by extensions ['ros']
[0.195s] [34mcolcon.colcon_core.package_identification[0m [1;30mLevel 1[0m _identify(src/oakd_image_subscriber) by extension 'ros'
[0.195s] [34mcolcon.colcon_core.package_identification[0m [1;30mDEBUG[0m [32mPackage 'src/oakd_image_subscriber' with type 'ros.ament_python' and name 'oakd_image_subscriber'[0m
[0.195s] [34mcolcon.colcon_core.package_identification[0m [1;30mLevel 1[0m _identify(src/yolo) by extensions ['ignore', 'ignore_ament_install']
[0.195s] [34mcolcon.colcon_core.package_identification[0m [1;30mLevel 1[0m _identify(src/yolo) by extension 'ignore'
[0.195s] [34mcolcon.colcon_core.package_identification[0m [1;30mLevel 1[0m _identify(src/yolo) by extension 'ignore_ament_install'
[0.195s] [34mcolcon.colcon_core.package_identification[0m [1;30mLevel 1[0m _identify(src/yolo) by extensions ['colcon_pkg']
[0.195s] [34mcolcon.colcon_core.package_identification[0m [1;30mLevel 1[0m _identify(src/yolo) by extension 'colcon_pkg'
[0.195s] [34mcolcon.colcon_core.package_identification[0m [1;30mLevel 1[0m _identify(src/yolo) by extensions ['colcon_meta']
[0.195s] [34mcolcon.colcon_core.package_identification[0m [1;30mLevel 1[0m _identify(src/yolo) by extension 'colcon_meta'
[0.195s] [34mcolcon.colcon_core.package_identification[0m [1;30mLevel 1[0m _identify(src/yolo) by extensions ['ros']
[0.195s] [34mcolcon.colcon_core.package_identification[0m [1;30mLevel 1[0m _identify(src/yolo) by extension 'ros'
[0.196s] [34mcolcon.colcon_core.package_identification[0m [1;30mDEBUG[0m [32mPackage 'src/yolo' with type 'ros.ament_python' and name 'yolo'[0m
[0.196s] [34mcolcon.colcon_core.package_discovery[0m [1;30mLevel 1[0m discover_packages(recursive) using defaults
[0.196s] [34mcolcon.colcon_core.package_discovery[0m [1;30mLevel 1[0m discover_packages(ignore) discover
[0.196s] [34mcolcon.colcon_core.package_discovery[0m [1;30mLevel 1[0m discover_packages(ignore) using defaults
[0.196s] [34mcolcon.colcon_core.package_discovery[0m [1;30mLevel 1[0m discover_packages(path) discover
[0.196s] [34mcolcon.colcon_core.package_discovery[0m [1;30mLevel 1[0m discover_packages(path) using defaults
[0.206s] [34mcolcon.colcon_core.package_discovery[0m [1;30mLevel 1[0m discover_packages(prefix_path) check parameters
[0.206s] [34mcolcon.colcon_core.package_discovery[0m [1;30mLevel 1[0m discover_packages(prefix_path) discover
[0.207s] [34mcolcon.colcon_installed_package_information.package_discovery[0m [1;30mDEBUG[0m [32mFound 16 installed packages in /home/rokey-kim/turtlebot4_ws/install[0m
[0.208s] [34mcolcon.colcon_installed_package_information.package_discovery[0m [1;30mDEBUG[0m [32mFound 388 installed packages in /opt/ros/humble[0m
[0.210s] [34mcolcon.colcon_core.package_discovery[0m [1;30mLevel 1[0m discover_packages(prefix_path) using defaults
[0.234s] [34mcolcon.colcon_core.verb[0m [1;30mLevel 5[0m set package 'day2' build argument 'cmake_args' from command line to 'None'
[0.234s] [34mcolcon.colcon_core.verb[0m [1;30mLevel 5[0m set package 'day2' build argument 'cmake_target' from command line to 'None'
[0.234s] [34mcolcon.colcon_core.verb[0m [1;30mLevel 5[0m set package 'day2' build argument 'cmake_target_skip_unavailable' from command line to 'False'
[0.235s] [34mcolcon.colcon_core.verb[0m [1;30mLevel 5[0m set package 'day2' build argument 'cmake_clean_cache' from command line to 'False'
[0.235s] [34mcolcon.colcon_core.verb[0m [1;30mLevel 5[0m set package 'day2' build argument 'cmake_clean_first' from command line to 'False'
[0.235s] [34mcolcon.colcon_core.verb[0m [1;30mLevel 5[0m set package 'day2' build argument 'cmake_force_configure' from command line to 'False'
[0.235s] [34mcolcon.colcon_core.verb[0m [1;30mLevel 5[0m set package 'day2' build argument 'ament_cmake_args' from command line to 'None'
[0.235s] [34mcolcon.colcon_core.verb[0m [1;30mLevel 5[0m set package 'day2' build argument 'catkin_cmake_args' from command line to 'None'
[0.235s] [34mcolcon.colcon_core.verb[0m [1;30mLevel 5[0m set package 'day2' build argument 'catkin_skip_building_tests' from command line to 'False'
[0.235s] [34mcolcon.colcon_core.verb[0m [1;30mDEBUG[0m [32mBuilding package 'day2' with the following arguments: {'ament_cmake_args': None, 'build_base': '/home/rokey-kim/Documents/ros2_ws/build/day2', 'catkin_cmake_args': None, 'catkin_skip_building_tests': False, 'cmake_args': None, 'cmake_clean_cache': False, 'cmake_clean_first': False, 'cmake_force_configure': False, 'cmake_target': None, 'cmake_target_skip_unavailable': False, 'install_base': '/home/rokey-kim/Documents/ros2_ws/install/day2', 'merge_install': False, 'path': '/home/rokey-kim/Documents/ros2_ws/src/day2', 'symlink_install': True, 'test_result_base': None}[0m
[0.235s] [34mcolcon.colcon_core.verb[0m [1;30mLevel 5[0m set package 'day3' build argument 'cmake_args' from command line to 'None'
[0.235s] [34mcolcon.colcon_core.verb[0m [1;30mLevel 5[0m set package 'day3' build argument 'cmake_target' from command line to 'None'
[0.235s] [34mcolcon.colcon_core.verb[0m [1;30mLevel 5[0m set package 'day3' build argument 'cmake_target_skip_unavailable' from command line to 'False'
[0.235s] [34mcolcon.colcon_core.verb[0m [1;30mLevel 5[0m set package 'day3' build argument 'cmake_clean_cache' from command line to 'False'
[0.235s] [34mcolcon.colcon_core.verb[0m [1;30mLevel 5[0m set package 'day3' build argument 'cmake_clean_first' from command line to 'False'
[0.235s] [34mcolcon.colcon_core.verb[0m [1;30mLevel 5[0m set package 'day3' build argument 'cmake_force_configure' from command line to 'False'
[0.235s] [34mcolcon.colcon_core.verb[0m [1;30mLevel 5[0m set package 'day3' build argument 'ament_cmake_args' from command line to 'None'
[0.235s] [34mcolcon.colcon_core.verb[0m [1;30mLevel 5[0m set package 'day3' build argument 'catkin_cmake_args' from command line to 'None'
[0.235s] [34mcolcon.colcon_core.verb[0m [1;30mLevel 5[0m set package 'day3' build argument 'catkin_skip_building_tests' from command line to 'False'
[0.235s] [34mcolcon.colcon_core.verb[0m [1;30mDEBUG[0m [32mBuilding package 'day3' with the following arguments: {'ament_cmake_args': None, 'build_base': '/home/rokey-kim/Documents/ros2_ws/build/day3', 'catkin_cmake_args': None, 'catkin_skip_building_tests': False, 'cmake_args': None, 'cmake_clean_cache': False, 'cmake_clean_first': False, 'cmake_force_configure': False, 'cmake_target': None, 'cmake_target_skip_unavailable': False, 'install_base': '/home/rokey-kim/Documents/ros2_ws/install/day3', 'merge_install': False, 'path': '/home/rokey-kim/Documents/ros2_ws/src/day3', 'symlink_install': True, 'test_result_base': None}[0m
[0.235s] [34mcolcon.colcon_core.verb[0m [1;30mLevel 5[0m set package 'oakd_image_subscriber' build argument 'cmake_args' from command line to 'None'
[0.235s] [34mcolcon.colcon_core.verb[0m [1;30mLevel 5[0m set package 'oakd_image_subscriber' build argument 'cmake_target' from command line to 'None'
[0.235s] [34mcolcon.colcon_core.verb[0m [1;30mLevel 5[0m set package 'oakd_image_subscriber' build argument 'cmake_target_skip_unavailable' from command line to 'False'
[0.235s] [34mcolcon.colcon_core.verb[0m [1;30mLevel 5[0m set package 'oakd_image_subscriber' build argument 'cmake_clean_cache' from command line to 'False'
[0.235s] [34mcolcon.colcon_core.verb[0m [1;30mLevel 5[0m set package 'oakd_image_subscriber' build argument 'cmake_clean_first' from command line to 'False'
[0.235s] [34mcolcon.colcon_core.verb[0m [1;30mLevel 5[0m set package 'oakd_image_subscriber' build argument 'cmake_force_configure' from command line to 'False'
[0.235s] [34mcolcon.colcon_core.verb[0m [1;30mLevel 5[0m set package 'oakd_image_subscriber' build argument 'ament_cmake_args' from command line to 'None'
[0.235s] [34mcolcon.colcon_core.verb[0m [1;30mLevel 5[0m set package 'oakd_image_subscriber' build argument 'catkin_cmake_args' from command line to 'None'
[0.235s] [34mcolcon.colcon_core.verb[0m [1;30mLevel 5[0m set package 'oakd_image_subscriber' build argument 'catkin_skip_building_tests' from command line to 'False'
[0.235s] [34mcolcon.colcon_core.verb[0m [1;30mDEBUG[0m [32mBuilding package 'oakd_image_subscriber' with the following arguments: {'ament_cmake_args': None, 'build_base': '/home/rokey-kim/Documents/ros2_ws/build/oakd_image_subscriber', 'catkin_cmake_args': None, 'catkin_skip_building_tests': False, 'cmake_args': None, 'cmake_clean_cache': False, 'cmake_clean_first': False, 'cmake_force_configure': False, 'cmake_target': None, 'cmake_target_skip_unavailable': False, 'install_base': '/home/rokey-kim/Documents/ros2_ws/install/oakd_image_subscriber', 'merge_install': False, 'path': '/home/rokey-kim/Documents/ros2_ws/src/oakd_image_subscriber', 'symlink_install': True, 'test_result_base': None}[0m
[0.235s] [34mcolcon.colcon_core.verb[0m [1;30mLevel 5[0m set package 'yolo' build argument 'cmake_args' from command line to 'None'
[0.235s] [34mcolcon.colcon_core.verb[0m [1;30mLevel 5[0m set package 'yolo' build argument 'cmake_target' from command line to 'None'
[0.236s] [34mcolcon.colcon_core.verb[0m [1;30mLevel 5[0m set package 'yolo' build argument 'cmake_target_skip_unavailable' from command line to 'False'
[0.236s] [34mcolcon.colcon_core.verb[0m [1;30mLevel 5[0m set package 'yolo' build argument 'cmake_clean_cache' from command line to 'False'
[0.236s] [34mcolcon.colcon_core.verb[0m [1;30mLevel 5[0m set package 'yolo' build argument 'cmake_clean_first' from command line to 'False'
[0.236s] [34mcolcon.colcon_core.verb[0m [1;30mLevel 5[0m set package 'yolo' build argument 'cmake_force_configure' from command line to 'False'
[0.236s] [34mcolcon.colcon_core.verb[0m [1;30mLevel 5[0m set package 'yolo' build argument 'ament_cmake_args' from command line to 'None'
[0.236s] [34mcolcon.colcon_core.verb[0m [1;30mLevel 5[0m set package 'yolo' build argument 'catkin_cmake_args' from command line to 'None'
[0.236s] [34mcolcon.colcon_core.verb[0m [1;30mLevel 5[0m set package 'yolo' build argument 'catkin_skip_building_tests' from command line to 'False'
[0.236s] [34mcolcon.colcon_core.verb[0m [1;30mDEBUG[0m [32mBuilding package 'yolo' with the following arguments: {'ament_cmake_args': None, 'build_base': '/home/rokey-kim/Documents/ros2_ws/build/yolo', 'catkin_cmake_args': None, 'catkin_skip_building_tests': False, 'cmake_args': None, 'cmake_clean_cache': False, 'cmake_clean_first': False, 'cmake_force_configure': False, 'cmake_target': None, 'cmake_target_skip_unavailable': False, 'install_base': '/home/rokey-kim/Documents/ros2_ws/install/yolo', 'merge_install': False, 'path': '/home/rokey-kim/Documents/ros2_ws/src/yolo', 'symlink_install': True, 'test_result_base': None}[0m
[0.236s] [34mcolcon.colcon_core.executor[0m [1;30mINFO[0m Executing jobs using 'parallel' executor
[0.236s] [34mcolcon.colcon_parallel_executor.executor.parallel[0m [1;30mDEBUG[0m [32mrun_until_complete[0m
[0.237s] [34mcolcon.colcon_ros.task.ament_python.build[0m [1;30mINFO[0m Building ROS package in '/home/rokey-kim/Documents/ros2_ws/src/day2' with build type 'ament_python'
[0.237s] [34mcolcon.colcon_core.shell[0m [1;30mLevel 1[0m create_environment_hook('day2', 'ament_prefix_path')
[0.238s] [34mcolcon.colcon_core.plugin_system[0m [1;30mINFO[0m Skipping extension 'colcon_core.shell.bat': Not used on non-Windows systems
[0.238s] [34mcolcon.colcon_core.shell[0m [1;30mINFO[0m Creating environment hook '/home/rokey-kim/Documents/ros2_ws/install/day2/share/day2/hook/ament_prefix_path.ps1'
[0.238s] [34mcolcon.colcon_core.shell[0m [1;30mINFO[0m Creating environment descriptor '/home/rokey-kim/Documents/ros2_ws/install/day2/share/day2/hook/ament_prefix_path.dsv'
[0.239s] [34mcolcon.colcon_core.shell[0m [1;30mINFO[0m Creating environment hook '/home/rokey-kim/Documents/ros2_ws/install/day2/share/day2/hook/ament_prefix_path.sh'
[0.239s] [34mcolcon.colcon_core.shell[0m [1;30mINFO[0m Skip shell extension 'powershell' for command environment: Not usable outside of PowerShell
[0.239s] [34mcolcon.colcon_core.shell[0m [1;30mDEBUG[0m [32mSkip shell extension 'dsv' for command environment[0m
[0.241s] [34mcolcon.colcon_ros.task.ament_python.build[0m [1;30mINFO[0m Building ROS package in '/home/rokey-kim/Documents/ros2_ws/src/day3' with build type 'ament_python'
[0.241s] [34mcolcon.colcon_core.shell[0m [1;30mLevel 1[0m create_environment_hook('day3', 'ament_prefix_path')
[0.242s] [34mcolcon.colcon_core.shell[0m [1;30mINFO[0m Creating environment hook '/home/rokey-kim/Documents/ros2_ws/install/day3/share/day3/hook/ament_prefix_path.ps1'
[0.242s] [34mcolcon.colcon_core.shell[0m [1;30mINFO[0m Creating environment descriptor '/home/rokey-kim/Documents/ros2_ws/install/day3/share/day3/hook/ament_prefix_path.dsv'
[0.242s] [34mcolcon.colcon_core.shell[0m [1;30mINFO[0m Creating environment hook '/home/rokey-kim/Documents/ros2_ws/install/day3/share/day3/hook/ament_prefix_path.sh'
[0.242s] [34mcolcon.colcon_core.shell[0m [1;30mINFO[0m Skip shell extension 'powershell' for command environment: Not usable outside of PowerShell
[0.242s] [34mcolcon.colcon_core.shell[0m [1;30mDEBUG[0m [32mSkip shell extension 'dsv' for command environment[0m
[0.245s] [34mcolcon.colcon_ros.task.ament_python.build[0m [1;30mINFO[0m Building ROS package in '/home/rokey-kim/Documents/ros2_ws/src/oakd_image_subscriber' with build type 'ament_python'
[0.245s] [34mcolcon.colcon_core.shell[0m [1;30mLevel 1[0m create_environment_hook('oakd_image_subscriber', 'ament_prefix_path')
[0.245s] [34mcolcon.colcon_core.shell[0m [1;30mINFO[0m Creating environment hook '/home/rokey-kim/Documents/ros2_ws/install/oakd_image_subscriber/share/oakd_image_subscriber/hook/ament_prefix_path.ps1'
[0.245s] [34mcolcon.colcon_core.shell[0m [1;30mINFO[0m Creating environment descriptor '/home/rokey-kim/Documents/ros2_ws/install/oakd_image_subscriber/share/oakd_image_subscriber/hook/ament_prefix_path.dsv'
[0.246s] [34mcolcon.colcon_core.shell[0m [1;30mINFO[0m Creating environment hook '/home/rokey-kim/Documents/ros2_ws/install/oakd_image_subscriber/share/oakd_image_subscriber/hook/ament_prefix_path.sh'
[0.246s] [34mcolcon.colcon_core.shell[0m [1;30mINFO[0m Skip shell extension 'powershell' for command environment: Not usable outside of PowerShell
[0.246s] [34mcolcon.colcon_core.shell[0m [1;30mDEBUG[0m [32mSkip shell extension 'dsv' for command environment[0m
[0.248s] [34mcolcon.colcon_ros.task.ament_python.build[0m [1;30mINFO[0m Building ROS package in '/home/rokey-kim/Documents/ros2_ws/src/yolo' with build type 'ament_python'
[0.248s] [34mcolcon.colcon_core.shell[0m [1;30mLevel 1[0m create_environment_hook('yolo', 'ament_prefix_path')
[0.248s] [34mcolcon.colcon_core.shell[0m [1;30mINFO[0m Creating environment hook '/home/rokey-kim/Documents/ros2_ws/install/yolo/share/yolo/hook/ament_prefix_path.ps1'
[0.249s] [34mcolcon.colcon_core.shell[0m [1;30mINFO[0m Creating environment descriptor '/home/rokey-kim/Documents/ros2_ws/install/yolo/share/yolo/hook/ament_prefix_path.dsv'
[0.249s] [34mcolcon.colcon_core.shell[0m [1;30mINFO[0m Creating environment hook '/home/rokey-kim/Documents/ros2_ws/install/yolo/share/yolo/hook/ament_prefix_path.sh'
[0.249s] [34mcolcon.colcon_core.shell[0m [1;30mINFO[0m Skip shell extension 'powershell' for command environment: Not usable outside of PowerShell
[0.249s] [34mcolcon.colcon_core.shell[0m [1;30mDEBUG[0m [32mSkip shell extension 'dsv' for command environment[0m
[0.405s] [34mcolcon.colcon_core.task.python.build[0m [1;30mINFO[0m Building Python package in '/home/rokey-kim/Documents/ros2_ws/src/day2'
[0.405s] [34mcolcon.colcon_core.shell[0m [1;30mINFO[0m Skip shell extension 'powershell' for command environment: Not usable outside of PowerShell
[0.405s] [34mcolcon.colcon_core.shell[0m [1;30mDEBUG[0m [32mSkip shell extension 'dsv' for command environment[0m
[0.563s] [34mcolcon.colcon_core.task.python.build[0m [1;30mINFO[0m Building Python package in '/home/rokey-kim/Documents/ros2_ws/src/day3'
[0.564s] [34mcolcon.colcon_core.shell[0m [1;30mINFO[0m Skip shell extension 'powershell' for command environment: Not usable outside of PowerShell
[0.564s] [34mcolcon.colcon_core.shell[0m [1;30mDEBUG[0m [32mSkip shell extension 'dsv' for command environment[0m
[0.722s] [34mcolcon.colcon_core.task.python.build[0m [1;30mINFO[0m Building Python package in '/home/rokey-kim/Documents/ros2_ws/src/oakd_image_subscriber'
[0.722s] [34mcolcon.colcon_core.shell[0m [1;30mINFO[0m Skip shell extension 'powershell' for command environment: Not usable outside of PowerShell
[0.722s] [34mcolcon.colcon_core.shell[0m [1;30mDEBUG[0m [32mSkip shell extension 'dsv' for command environment[0m
[0.879s] [34mcolcon.colcon_core.task.python.build[0m [1;30mINFO[0m Building Python package in '/home/rokey-kim/Documents/ros2_ws/src/yolo'
[0.879s] [34mcolcon.colcon_core.shell[0m [1;30mINFO[0m Skip shell extension 'powershell' for command environment: Not usable outside of PowerShell
[0.879s] [34mcolcon.colcon_core.shell[0m [1;30mDEBUG[0m [32mSkip shell extension 'dsv' for command environment[0m
[1.097s] [34mcolcon.colcon_core.task.python.build[0m [1;30mDEBUG[0m [32mWhile undoing a previous installation files outside the Python library path are being ignored: /home/rokey-kim/Documents/ros2_ws/install/day2/share/ament_index/resource_index/packages/day2[0m
[1.097s] [34mcolcon.colcon_core.task.python.build[0m [1;30mDEBUG[0m [32mWhile undoing a previous installation files outside the Python library path are being ignored: /home/rokey-kim/Documents/ros2_ws/install/day2/share/day2/package.xml[0m
[1.097s] [34mcolcon.colcon_core.task.python.build[0m [1;30mDEBUG[0m [32mWhile undoing a previous installation files outside the Python library path are being ignored: /home/rokey-kim/Documents/ros2_ws/install/day2/lib/day2/pub_data[0m
[1.098s] [34mcolcon.colcon_core.task.python.build[0m [1;30mDEBUG[0m [32mWhile undoing a previous installation files outside the Python library path are being ignored: /home/rokey-kim/Documents/ros2_ws/install/day2/lib/day2/pub_image[0m
[1.098s] [34mcolcon.colcon_core.task.python.build[0m [1;30mDEBUG[0m [32mWhile undoing a previous installation files outside the Python library path are being ignored: /home/rokey-kim/Documents/ros2_ws/install/day2/lib/day2/pub_yolo[0m
[1.098s] [34mcolcon.colcon_core.task.python.build[0m [1;30mDEBUG[0m [32mWhile undoing a previous installation files outside the Python library path are being ignored: /home/rokey-kim/Documents/ros2_ws/install/day2/lib/day2/show_data[0m
[1.098s] [34mcolcon.colcon_core.task.python.build[0m [1;30mDEBUG[0m [32mWhile undoing a previous installation files outside the Python library path are being ignored: /home/rokey-kim/Documents/ros2_ws/install/day2/lib/day2/show_image[0m
[1.098s] [34mcolcon.colcon_core.task.python.build[0m [1;30mDEBUG[0m [32mWhile undoing a previous installation files outside the Python library path are being ignored: /home/rokey-kim/Documents/ros2_ws/install/day2/lib/day2/show_yolo[0m
[1.100s] [34mcolcon.colcon_core.event_handler.log_command[0m [1;30mDEBUG[0m [32mInvoking command in '/home/rokey-kim/Documents/ros2_ws/build/day2': PYTHONPATH=/home/rokey-kim/Documents/ros2_ws/build/day2/prefix_override:/usr/lib/python3/dist-packages/colcon_core/task/python/colcon_distutils_commands:/home/rokey-kim/Documents/ros2_ws/install/day2/lib/python3.10/site-packages:${PYTHONPATH} /usr/bin/python3 -W ignore:setup.py install is deprecated -W ignore:easy_install command is deprecated setup.py develop --editable --build-directory /home/rokey-kim/Documents/ros2_ws/build/day2/build --no-deps symlink_data --force[0m
[1.100s] [34mcolcon.colcon_core.task.python.build[0m [1;30mDEBUG[0m [32mWhile undoing a previous installation files outside the Python library path are being ignored: /home/rokey-kim/Documents/ros2_ws/install/day3/share/ament_index/resource_index/packages/day3[0m
[1.100s] [34mcolcon.colcon_core.task.python.build[0m [1;30mDEBUG[0m [32mWhile undoing a previous installation files outside the Python library path are being ignored: /home/rokey-kim/Documents/ros2_ws/install/day3/share/day3/package.xml[0m
[1.102s] [34mcolcon.colcon_core.event_handler.log_command[0m [1;30mDEBUG[0m [32mInvoking command in '/home/rokey-kim/Documents/ros2_ws/build/day3': PYTHONPATH=/home/rokey-kim/Documents/ros2_ws/build/day3/prefix_override:/usr/lib/python3/dist-packages/colcon_core/task/python/colcon_distutils_commands:/home/rokey-kim/Documents/ros2_ws/install/day3/lib/python3.10/site-packages:${PYTHONPATH} /usr/bin/python3 -W ignore:setup.py install is deprecated -W ignore:easy_install command is deprecated setup.py develop --editable --build-directory /home/rokey-kim/Documents/ros2_ws/build/day3/build --no-deps symlink_data --force[0m
[1.102s] [34mcolcon.colcon_core.task.python.build[0m [1;30mDEBUG[0m [32mWhile undoing a previous installation files outside the Python library path are being ignored: /home/rokey-kim/Documents/ros2_ws/install/oakd_image_subscriber/share/ament_index/resource_index/packages/oakd_image_subscriber[0m
[1.102s] [34mcolcon.colcon_core.task.python.build[0m [1;30mDEBUG[0m [32mWhile undoing a previous installation files outside the Python library path are being ignored: /home/rokey-kim/Documents/ros2_ws/install/oakd_image_subscriber/share/oakd_image_subscriber/package.xml[0m
[1.102s] [34mcolcon.colcon_core.task.python.build[0m [1;30mDEBUG[0m [32mWhile undoing a previous installation files outside the Python library path are being ignored: /home/rokey-kim/Documents/ros2_ws/install/oakd_image_subscriber/lib/oakd_image_subscriber/show_cam[0m
[1.103s] [34mcolcon.colcon_core.event_handler.log_command[0m [1;30mDEBUG[0m [32mInvoking command in '/home/rokey-kim/Documents/ros2_ws/build/oakd_image_subscriber': PYTHONPATH=/home/rokey-kim/Documents/ros2_ws/build/oakd_image_subscriber/prefix_override:/usr/lib/python3/dist-packages/colcon_core/task/python/colcon_distutils_commands:/home/rokey-kim/Documents/ros2_ws/install/oakd_image_subscriber/lib/python3.10/site-packages:${PYTHONPATH} /usr/bin/python3 -W ignore:setup.py install is deprecated -W ignore:easy_install command is deprecated setup.py develop --editable --build-directory /home/rokey-kim/Documents/ros2_ws/build/oakd_image_subscriber/build --no-deps symlink_data --force[0m
[1.104s] [34mcolcon.colcon_core.task.python.build[0m [1;30mDEBUG[0m [32mWhile undoing a previous installation files outside the Python library path are being ignored: /home/rokey-kim/Documents/ros2_ws/install/yolo/share/ament_index/resource_index/packages/yolo[0m
[1.104s] [34mcolcon.colcon_core.task.python.build[0m [1;30mDEBUG[0m [32mWhile undoing a previous installation files outside the Python library path are being ignored: /home/rokey-kim/Documents/ros2_ws/install/yolo/share/yolo/package.xml[0m
[1.104s] [34mcolcon.colcon_core.task.python.build[0m [1;30mDEBUG[0m [32mWhile undoing a previous installation files outside the Python library path are being ignored: /home/rokey-kim/Documents/ros2_ws/install/yolo/lib/yolo/capture_image[0m
[1.104s] [34mcolcon.colcon_core.task.python.build[0m [1;30mDEBUG[0m [32mWhile undoing a previous installation files outside the Python library path are being ignored: /home/rokey-kim/Documents/ros2_ws/install/yolo/lib/yolo/cont_cap_image[0m
[1.104s] [34mcolcon.colcon_core.task.python.build[0m [1;30mDEBUG[0m [32mWhile undoing a previous installation files outside the Python library path are being ignored: /home/rokey-kim/Documents/ros2_ws/install/yolo/lib/yolo/det_obj[0m
[1.104s] [34mcolcon.colcon_core.task.python.build[0m [1;30mDEBUG[0m [32mWhile undoing a previous installation files outside the Python library path are being ignored: /home/rokey-kim/Documents/ros2_ws/install/yolo/lib/yolo/det_obj_thread[0m
[1.104s] [34mcolcon.colcon_core.task.python.build[0m [1;30mDEBUG[0m [32mWhile undoing a previous installation files outside the Python library path are being ignored: /home/rokey-kim/Documents/ros2_ws/install/yolo/lib/yolo/det_obj_track[0m
[1.106s] [34mcolcon.colcon_core.event_handler.log_command[0m [1;30mDEBUG[0m [32mInvoking command in '/home/rokey-kim/Documents/ros2_ws/build/yolo': PYTHONPATH=/home/rokey-kim/Documents/ros2_ws/build/yolo/prefix_override:/usr/lib/python3/dist-packages/colcon_core/task/python/colcon_distutils_commands:/home/rokey-kim/Documents/ros2_ws/install/yolo/lib/python3.10/site-packages:${PYTHONPATH} /usr/bin/python3 -W ignore:setup.py install is deprecated -W ignore:easy_install command is deprecated setup.py develop --editable --build-directory /home/rokey-kim/Documents/ros2_ws/build/yolo/build --no-deps symlink_data --force[0m
[1.400s] [34mcolcon.colcon_core.shell[0m [1;30mLevel 1[0m create_environment_hook('yolo', 'pythonpath_develop')
[1.400s] [34mcolcon.colcon_core.shell[0m [1;30mINFO[0m Creating environment hook '/home/rokey-kim/Documents/ros2_ws/build/yolo/share/yolo/hook/pythonpath_develop.ps1'
[1.400s] [34mcolcon.colcon_core.event_handler.log_command[0m [1;30mDEBUG[0m [32mInvoked command in '/home/rokey-kim/Documents/ros2_ws/build/yolo' returned '0': PYTHONPATH=/home/rokey-kim/Documents/ros2_ws/build/yolo/prefix_override:/usr/lib/python3/dist-packages/colcon_core/task/python/colcon_distutils_commands:/home/rokey-kim/Documents/ros2_ws/install/yolo/lib/python3.10/site-packages:${PYTHONPATH} /usr/bin/python3 -W ignore:setup.py install is deprecated -W ignore:easy_install command is deprecated setup.py develop --editable --build-directory /home/rokey-kim/Documents/ros2_ws/build/yolo/build --no-deps symlink_data --force[0m
[1.401s] [34mcolcon.colcon_core.shell[0m [1;30mINFO[0m Creating environment descriptor '/home/rokey-kim/Documents/ros2_ws/build/yolo/share/yolo/hook/pythonpath_develop.dsv'
[1.401s] [34mcolcon.colcon_core.shell[0m [1;30mINFO[0m Creating environment hook '/home/rokey-kim/Documents/ros2_ws/build/yolo/share/yolo/hook/pythonpath_develop.sh'
[1.402s] [34mcolcon.colcon_core.environment[0m [1;30mLevel 1[0m checking '/home/rokey-kim/Documents/ros2_ws/install/yolo' for CMake module files
[1.402s] [34mcolcon.colcon_core.environment[0m [1;30mLevel 1[0m checking '/home/rokey-kim/Documents/ros2_ws/install/yolo' for CMake config files
[1.403s] [34mcolcon.colcon_core.environment[0m [1;30mLevel 1[0m checking '/home/rokey-kim/Documents/ros2_ws/install/yolo/lib'
[1.403s] [34mcolcon.colcon_core.environment[0m [1;30mLevel 1[0m checking '/home/rokey-kim/Documents/ros2_ws/install/yolo/bin'
[1.403s] [34mcolcon.colcon_core.environment[0m [1;30mLevel 1[0m checking '/home/rokey-kim/Documents/ros2_ws/install/yolo/lib/pkgconfig/yolo.pc'
[1.403s] [34mcolcon.colcon_core.environment[0m [1;30mLevel 1[0m checking '/home/rokey-kim/Documents/ros2_ws/install/yolo/lib/python3.10/site-packages'
[1.403s] [34mcolcon.colcon_core.shell[0m [1;30mLevel 1[0m create_environment_hook('yolo', 'pythonpath')
[1.403s] [34mcolcon.colcon_core.shell[0m [1;30mINFO[0m Creating environment hook '/home/rokey-kim/Documents/ros2_ws/install/yolo/share/yolo/hook/pythonpath.ps1'
[1.404s] [34mcolcon.colcon_core.shell[0m [1;30mINFO[0m Creating environment descriptor '/home/rokey-kim/Documents/ros2_ws/install/yolo/share/yolo/hook/pythonpath.dsv'
[1.404s] [34mcolcon.colcon_core.shell[0m [1;30mINFO[0m Creating environment hook '/home/rokey-kim/Documents/ros2_ws/install/yolo/share/yolo/hook/pythonpath.sh'
[1.404s] [34mcolcon.colcon_core.environment[0m [1;30mLevel 1[0m checking '/home/rokey-kim/Documents/ros2_ws/install/yolo/bin'
[1.404s] [34mcolcon.colcon_core.environment[0m [1;30mLevel 1[0m create_environment_scripts_only(yolo)
[1.405s] [34mcolcon.colcon_core.shell[0m [1;30mINFO[0m Creating package script '/home/rokey-kim/Documents/ros2_ws/install/yolo/share/yolo/package.ps1'
[1.405s] [34mcolcon.colcon_core.shell[0m [1;30mINFO[0m Creating package descriptor '/home/rokey-kim/Documents/ros2_ws/install/yolo/share/yolo/package.dsv'
[1.405s] [34mcolcon.colcon_core.shell[0m [1;30mINFO[0m Creating package script '/home/rokey-kim/Documents/ros2_ws/install/yolo/share/yolo/package.sh'
[1.406s] [34mcolcon.colcon_core.shell[0m [1;30mINFO[0m Creating package script '/home/rokey-kim/Documents/ros2_ws/install/yolo/share/yolo/package.bash'
[1.406s] [34mcolcon.colcon_core.shell[0m [1;30mINFO[0m Creating package script '/home/rokey-kim/Documents/ros2_ws/install/yolo/share/yolo/package.zsh'
[1.407s] [34mcolcon.colcon_core.environment[0m [1;30mLevel 1[0m create_file_with_runtime_dependencies(/home/rokey-kim/Documents/ros2_ws/install/yolo/share/colcon-core/packages/yolo)
[1.407s] [34mcolcon.colcon_core.shell[0m [1;30mLevel 1[0m create_environment_hook('oakd_image_subscriber', 'pythonpath_develop')
[1.407s] [34mcolcon.colcon_core.shell[0m [1;30mINFO[0m Creating environment hook '/home/rokey-kim/Documents/ros2_ws/build/oakd_image_subscriber/share/oakd_image_subscriber/hook/pythonpath_develop.ps1'
[1.408s] [34mcolcon.colcon_core.event_handler.log_command[0m [1;30mDEBUG[0m [32mInvoked command in '/home/rokey-kim/Documents/ros2_ws/build/oakd_image_subscriber' returned '0': PYTHONPATH=/home/rokey-kim/Documents/ros2_ws/build/oakd_image_subscriber/prefix_override:/usr/lib/python3/dist-packages/colcon_core/task/python/colcon_distutils_commands:/home/rokey-kim/Documents/ros2_ws/install/oakd_image_subscriber/lib/python3.10/site-packages:${PYTHONPATH} /usr/bin/python3 -W ignore:setup.py install is deprecated -W ignore:easy_install command is deprecated setup.py develop --editable --build-directory /home/rokey-kim/Documents/ros2_ws/build/oakd_image_subscriber/build --no-deps symlink_data --force[0m
[1.408s] [34mcolcon.colcon_core.shell[0m [1;30mINFO[0m Creating environment descriptor '/home/rokey-kim/Documents/ros2_ws/build/oakd_image_subscriber/share/oakd_image_subscriber/hook/pythonpath_develop.dsv'
[1.408s] [34mcolcon.colcon_core.shell[0m [1;30mINFO[0m Creating environment hook '/home/rokey-kim/Documents/ros2_ws/build/oakd_image_subscriber/share/oakd_image_subscriber/hook/pythonpath_develop.sh'
[1.408s] [34mcolcon.colcon_core.environment[0m [1;30mLevel 1[0m checking '/home/rokey-kim/Documents/ros2_ws/install/oakd_image_subscriber' for CMake module files
[1.408s] [34mcolcon.colcon_core.environment[0m [1;30mLevel 1[0m checking '/home/rokey-kim/Documents/ros2_ws/install/oakd_image_subscriber' for CMake config files
[1.409s] [34mcolcon.colcon_core.environment[0m [1;30mLevel 1[0m checking '/home/rokey-kim/Documents/ros2_ws/install/oakd_image_subscriber/lib'
[1.409s] [34mcolcon.colcon_core.environment[0m [1;30mLevel 1[0m checking '/home/rokey-kim/Documents/ros2_ws/install/oakd_image_subscriber/bin'
[1.409s] [34mcolcon.colcon_core.environment[0m [1;30mLevel 1[0m checking '/home/rokey-kim/Documents/ros2_ws/install/oakd_image_subscriber/lib/pkgconfig/oakd_image_subscriber.pc'
[1.409s] [34mcolcon.colcon_core.environment[0m [1;30mLevel 1[0m checking '/home/rokey-kim/Documents/ros2_ws/install/oakd_image_subscriber/lib/python3.10/site-packages'
[1.409s] [34mcolcon.colcon_core.shell[0m [1;30mLevel 1[0m create_environment_hook('oakd_image_subscriber', 'pythonpath')
[1.409s] [34mcolcon.colcon_core.shell[0m [1;30mINFO[0m Creating environment hook '/home/rokey-kim/Documents/ros2_ws/install/oakd_image_subscriber/share/oakd_image_subscriber/hook/pythonpath.ps1'
[1.409s] [34mcolcon.colcon_core.shell[0m [1;30mINFO[0m Creating environment descriptor '/home/rokey-kim/Documents/ros2_ws/install/oakd_image_subscriber/share/oakd_image_subscriber/hook/pythonpath.dsv'
[1.410s] [34mcolcon.colcon_core.shell[0m [1;30mINFO[0m Creating environment hook '/home/rokey-kim/Documents/ros2_ws/install/oakd_image_subscriber/share/oakd_image_subscriber/hook/pythonpath.sh'
[1.410s] [34mcolcon.colcon_core.environment[0m [1;30mLevel 1[0m checking '/home/rokey-kim/Documents/ros2_ws/install/oakd_image_subscriber/bin'
[1.410s] [34mcolcon.colcon_core.environment[0m [1;30mLevel 1[0m create_environment_scripts_only(oakd_image_subscriber)
[1.410s] [34mcolcon.colcon_core.shell[0m [1;30mINFO[0m Creating package script '/home/rokey-kim/Documents/ros2_ws/install/oakd_image_subscriber/share/oakd_image_subscriber/package.ps1'
[1.410s] [34mcolcon.colcon_core.shell[0m [1;30mINFO[0m Creating package descriptor '/home/rokey-kim/Documents/ros2_ws/install/oakd_image_subscriber/share/oakd_image_subscriber/package.dsv'
[1.411s] [34mcolcon.colcon_core.shell[0m [1;30mINFO[0m Creating package script '/home/rokey-kim/Documents/ros2_ws/install/oakd_image_subscriber/share/oakd_image_subscriber/package.sh'
[1.411s] [34mcolcon.colcon_core.shell[0m [1;30mINFO[0m Creating package script '/home/rokey-kim/Documents/ros2_ws/install/oakd_image_subscriber/share/oakd_image_subscriber/package.bash'
[1.411s] [34mcolcon.colcon_core.shell[0m [1;30mINFO[0m Creating package script '/home/rokey-kim/Documents/ros2_ws/install/oakd_image_subscriber/share/oakd_image_subscriber/package.zsh'
[1.411s] [34mcolcon.colcon_core.environment[0m [1;30mLevel 1[0m create_file_with_runtime_dependencies(/home/rokey-kim/Documents/ros2_ws/install/oakd_image_subscriber/share/colcon-core/packages/oakd_image_subscriber)
[1.412s] [34mcolcon.colcon_core.shell[0m [1;30mLevel 1[0m create_environment_hook('day2', 'pythonpath_develop')
[1.412s] [34mcolcon.colcon_core.shell[0m [1;30mINFO[0m Creating environment hook '/home/rokey-kim/Documents/ros2_ws/build/day2/share/day2/hook/pythonpath_develop.ps1'
[1.413s] [34mcolcon.colcon_core.shell[0m [1;30mINFO[0m Creating environment descriptor '/home/rokey-kim/Documents/ros2_ws/build/day2/share/day2/hook/pythonpath_develop.dsv'
[1.413s] [34mcolcon.colcon_core.event_handler.log_command[0m [1;30mDEBUG[0m [32mInvoked command in '/home/rokey-kim/Documents/ros2_ws/build/day2' returned '0': PYTHONPATH=/home/rokey-kim/Documents/ros2_ws/build/day2/prefix_override:/usr/lib/python3/dist-packages/colcon_core/task/python/colcon_distutils_commands:/home/rokey-kim/Documents/ros2_ws/install/day2/lib/python3.10/site-packages:${PYTHONPATH} /usr/bin/python3 -W ignore:setup.py install is deprecated -W ignore:easy_install command is deprecated setup.py develop --editable --build-directory /home/rokey-kim/Documents/ros2_ws/build/day2/build --no-deps symlink_data --force[0m
[1.414s] [34mcolcon.colcon_core.shell[0m [1;30mINFO[0m Creating environment hook '/home/rokey-kim/Documents/ros2_ws/build/day2/share/day2/hook/pythonpath_develop.sh'
[1.414s] [34mcolcon.colcon_core.environment[0m [1;30mLevel 1[0m checking '/home/rokey-kim/Documents/ros2_ws/install/day2' for CMake module files
[1.414s] [34mcolcon.colcon_core.environment[0m [1;30mLevel 1[0m checking '/home/rokey-kim/Documents/ros2_ws/install/day2' for CMake config files
[1.414s] [34mcolcon.colcon_core.environment[0m [1;30mLevel 1[0m checking '/home/rokey-kim/Documents/ros2_ws/install/day2/lib'
[1.414s] [34mcolcon.colcon_core.environment[0m [1;30mLevel 1[0m checking '/home/rokey-kim/Documents/ros2_ws/install/day2/bin'
[1.414s] [34mcolcon.colcon_core.environment[0m [1;30mLevel 1[0m checking '/home/rokey-kim/Documents/ros2_ws/install/day2/lib/pkgconfig/day2.pc'
[1.415s] [34mcolcon.colcon_core.environment[0m [1;30mLevel 1[0m checking '/home/rokey-kim/Documents/ros2_ws/install/day2/lib/python3.10/site-packages'
[1.415s] [34mcolcon.colcon_core.shell[0m [1;30mLevel 1[0m create_environment_hook('day2', 'pythonpath')
[1.415s] [34mcolcon.colcon_core.shell[0m [1;30mINFO[0m Creating environment hook '/home/rokey-kim/Documents/ros2_ws/install/day2/share/day2/hook/pythonpath.ps1'
[1.415s] [34mcolcon.colcon_core.shell[0m [1;30mINFO[0m Creating environment descriptor '/home/rokey-kim/Documents/ros2_ws/install/day2/share/day2/hook/pythonpath.dsv'
[1.415s] [34mcolcon.colcon_core.shell[0m [1;30mINFO[0m Creating environment hook '/home/rokey-kim/Documents/ros2_ws/install/day2/share/day2/hook/pythonpath.sh'
[1.415s] [34mcolcon.colcon_core.environment[0m [1;30mLevel 1[0m checking '/home/rokey-kim/Documents/ros2_ws/install/day2/bin'
[1.416s] [34mcolcon.colcon_core.environment[0m [1;30mLevel 1[0m create_environment_scripts_only(day2)
[1.416s] [34mcolcon.colcon_core.shell[0m [1;30mINFO[0m Creating package script '/home/rokey-kim/Documents/ros2_ws/install/day2/share/day2/package.ps1'
[1.416s] [34mcolcon.colcon_core.shell[0m [1;30mINFO[0m Creating package descriptor '/home/rokey-kim/Documents/ros2_ws/install/day2/share/day2/package.dsv'
[1.416s] [34mcolcon.colcon_core.shell[0m [1;30mINFO[0m Creating package script '/home/rokey-kim/Documents/ros2_ws/install/day2/share/day2/package.sh'
[1.416s] [34mcolcon.colcon_core.shell[0m [1;30mINFO[0m Creating package script '/home/rokey-kim/Documents/ros2_ws/install/day2/share/day2/package.bash'
[1.417s] [34mcolcon.colcon_core.shell[0m [1;30mINFO[0m Creating package script '/home/rokey-kim/Documents/ros2_ws/install/day2/share/day2/package.zsh'
[1.417s] [34mcolcon.colcon_core.environment[0m [1;30mLevel 1[0m create_file_with_runtime_dependencies(/home/rokey-kim/Documents/ros2_ws/install/day2/share/colcon-core/packages/day2)
[1.417s] [34mcolcon.colcon_core.shell[0m [1;30mLevel 1[0m create_environment_hook('day3', 'pythonpath_develop')
[1.417s] [34mcolcon.colcon_core.shell[0m [1;30mINFO[0m Creating environment hook '/home/rokey-kim/Documents/ros2_ws/build/day3/share/day3/hook/pythonpath_develop.ps1'
[1.418s] [34mcolcon.colcon_core.shell[0m [1;30mINFO[0m Creating environment descriptor '/home/rokey-kim/Documents/ros2_ws/build/day3/share/day3/hook/pythonpath_develop.dsv'
[1.418s] [34mcolcon.colcon_core.event_handler.log_command[0m [1;30mDEBUG[0m [32mInvoked command in '/home/rokey-kim/Documents/ros2_ws/build/day3' returned '0': PYTHONPATH=/home/rokey-kim/Documents/ros2_ws/build/day3/prefix_override:/usr/lib/python3/dist-packages/colcon_core/task/python/colcon_distutils_commands:/home/rokey-kim/Documents/ros2_ws/install/day3/lib/python3.10/site-packages:${PYTHONPATH} /usr/bin/python3 -W ignore:setup.py install is deprecated -W ignore:easy_install command is deprecated setup.py develop --editable --build-directory /home/rokey-kim/Documents/ros2_ws/build/day3/build --no-deps symlink_data --force[0m
[1.418s] [34mcolcon.colcon_core.shell[0m [1;30mINFO[0m Creating environment hook '/home/rokey-kim/Documents/ros2_ws/build/day3/share/day3/hook/pythonpath_develop.sh'
[1.419s] [34mcolcon.colcon_core.environment[0m [1;30mLevel 1[0m checking '/home/rokey-kim/Documents/ros2_ws/install/day3' for CMake module files
[1.419s] [34mcolcon.colcon_core.environment[0m [1;30mLevel 1[0m checking '/home/rokey-kim/Documents/ros2_ws/install/day3' for CMake config files
[1.419s] [34mcolcon.colcon_core.environment[0m [1;30mLevel 1[0m checking '/home/rokey-kim/Documents/ros2_ws/install/day3/lib'
[1.419s] [34mcolcon.colcon_core.environment[0m [1;30mLevel 1[0m checking '/home/rokey-kim/Documents/ros2_ws/install/day3/bin'
[1.419s] [34mcolcon.colcon_core.environment[0m [1;30mLevel 1[0m checking '/home/rokey-kim/Documents/ros2_ws/install/day3/lib/pkgconfig/day3.pc'
[1.419s] [34mcolcon.colcon_core.environment[0m [1;30mLevel 1[0m checking '/home/rokey-kim/Documents/ros2_ws/install/day3/lib/python3.10/site-packages'
[1.419s] [34mcolcon.colcon_core.shell[0m [1;30mLevel 1[0m create_environment_hook('day3', 'pythonpath')
[1.420s] [34mcolcon.colcon_core.shell[0m [1;30mINFO[0m Creating environment hook '/home/rokey-kim/Documents/ros2_ws/install/day3/share/day3/hook/pythonpath.ps1'
[1.420s] [34mcolcon.colcon_core.shell[0m [1;30mINFO[0m Creating environment descriptor '/home/rokey-kim/Documents/ros2_ws/install/day3/share/day3/hook/pythonpath.dsv'
[1.420s] [34mcolcon.colcon_core.shell[0m [1;30mINFO[0m Creating environment hook '/home/rokey-kim/Documents/ros2_ws/install/day3/share/day3/hook/pythonpath.sh'
[1.420s] [34mcolcon.colcon_core.environment[0m [1;30mLevel 1[0m checking '/home/rokey-kim/Documents/ros2_ws/install/day3/bin'
[1.420s] [34mcolcon.colcon_core.environment[0m [1;30mLevel 1[0m create_environment_scripts_only(day3)
[1.421s] [34mcolcon.colcon_core.shell[0m [1;30mINFO[0m Creating package script '/home/rokey-kim/Documents/ros2_ws/install/day3/share/day3/package.ps1'
[1.421s] [34mcolcon.colcon_core.shell[0m [1;30mINFO[0m Creating package descriptor '/home/rokey-kim/Documents/ros2_ws/install/day3/share/day3/package.dsv'
[1.421s] [34mcolcon.colcon_core.shell[0m [1;30mINFO[0m Creating package script '/home/rokey-kim/Documents/ros2_ws/install/day3/share/day3/package.sh'
[1.421s] [34mcolcon.colcon_core.shell[0m [1;30mINFO[0m Creating package script '/home/rokey-kim/Documents/ros2_ws/install/day3/share/day3/package.bash'
[1.421s] [34mcolcon.colcon_core.shell[0m [1;30mINFO[0m Creating package script '/home/rokey-kim/Documents/ros2_ws/install/day3/share/day3/package.zsh'
[1.422s] [34mcolcon.colcon_core.environment[0m [1;30mLevel 1[0m create_file_with_runtime_dependencies(/home/rokey-kim/Documents/ros2_ws/install/day3/share/colcon-core/packages/day3)
[1.422s] [34mcolcon.colcon_parallel_executor.executor.parallel[0m [1;30mDEBUG[0m [32mclosing loop[0m
[1.422s] [34mcolcon.colcon_parallel_executor.executor.parallel[0m [1;30mDEBUG[0m [32mloop closed[0m
[1.422s] [34mcolcon.colcon_parallel_executor.executor.parallel[0m [1;30mDEBUG[0m [32mrun_until_complete finished with '0'[0m
[1.422s] [34mcolcon.colcon_core.event_reactor[0m [1;30mDEBUG[0m [32mjoining thread[0m
[1.427s] [34mcolcon.colcon_core.plugin_system[0m [1;30mINFO[0m Skipping extension 'colcon_notification.desktop_notification.terminal_notifier': Not used on non-Darwin systems
[1.427s] [34mcolcon.colcon_core.plugin_system[0m [1;30mINFO[0m Skipping extension 'colcon_notification.desktop_notification.win32': Not used on non-Windows systems
[1.427s] [34mcolcon.colcon_notification.desktop_notification[0m [1;30mINFO[0m Sending desktop notification using 'notify2'
[1.438s] [34mcolcon.colcon_core.event_reactor[0m [1;30mDEBUG[0m [32mjoined thread[0m
[1.439s] [34mcolcon.colcon_core.shell[0m [1;30mINFO[0m Creating prefix script '/home/rokey-kim/Documents/ros2_ws/install/local_setup.ps1'
[1.440s] [34mcolcon.colcon_core.shell[0m [1;30mINFO[0m Creating prefix util module '/home/rokey-kim/Documents/ros2_ws/install/_local_setup_util_ps1.py'
[1.441s] [34mcolcon.colcon_core.shell[0m [1;30mINFO[0m Creating prefix chain script '/home/rokey-kim/Documents/ros2_ws/install/setup.ps1'
[1.443s] [34mcolcon.colcon_core.shell[0m [1;30mINFO[0m Creating prefix script '/home/rokey-kim/Documents/ros2_ws/install/local_setup.sh'
[1.444s] [34mcolcon.colcon_core.shell[0m [1;30mINFO[0m Creating prefix util module '/home/rokey-kim/Documents/ros2_ws/install/_local_setup_util_sh.py'
[1.444s] [34mcolcon.colcon_core.shell[0m [1;30mINFO[0m Creating prefix chain script '/home/rokey-kim/Documents/ros2_ws/install/setup.sh'
[1.446s] [34mcolcon.colcon_core.shell[0m [1;30mINFO[0m Creating prefix script '/home/rokey-kim/Documents/ros2_ws/install/local_setup.bash'
[1.446s] [34mcolcon.colcon_core.shell[0m [1;30mINFO[0m Creating prefix chain script '/home/rokey-kim/Documents/ros2_ws/install/setup.bash'
[1.448s] [34mcolcon.colcon_core.shell[0m [1;30mINFO[0m Creating prefix script '/home/rokey-kim/Documents/ros2_ws/install/local_setup.zsh'
[1.448s] [34mcolcon.colcon_core.shell[0m [1;30mINFO[0m Creating prefix chain script '/home/rokey-kim/Documents/ros2_ws/install/setup.zsh'
