[0.381s] Invoking command in '/home/rokey-kim/Documents/ros2_ws/src/day2': PYTHONPATH=/home/rokey-kim/Documents/ros2_ws/build/day2/prefix_override:/usr/lib/python3/dist-packages/colcon_core/task/python/colcon_distutils_commands:/home/rokey-kim/Documents/ros2_ws/install/day2/lib/python3.10/site-packages:${PYTHONPATH} /usr/bin/python3 -W ignore:setup.py install is deprecated -W ignore:easy_install command is deprecated setup.py egg_info --egg-base ../../build/day2 build --build-base /home/rokey-kim/Documents/ros2_ws/build/day2/build install --record /home/rokey-kim/Documents/ros2_ws/build/day2/install.log --single-version-externally-managed install_data
[0.527s] running egg_info
[0.528s] writing ../../build/day2/day2.egg-info/PKG-INFO
[0.528s] writing dependency_links to ../../build/day2/day2.egg-info/dependency_links.txt
[0.528s] writing entry points to ../../build/day2/day2.egg-info/entry_points.txt
[0.528s] writing requirements to ../../build/day2/day2.egg-info/requires.txt
[0.528s] writing top-level names to ../../build/day2/day2.egg-info/top_level.txt
[0.529s] reading manifest file '../../build/day2/day2.egg-info/SOURCES.txt'
[0.530s] writing manifest file '../../build/day2/day2.egg-info/SOURCES.txt'
[0.530s] running build
[0.530s] running build_py
[0.530s] copying day2/2_6_e_yolo_publisher.py -> /home/rokey-kim/Documents/ros2_ws/build/day2/build/lib/day2
[0.531s] running install
[0.531s] running install_lib
[0.531s] copying /home/rokey-kim/Documents/ros2_ws/build/day2/build/lib/day2/2_6_e_yolo_publisher.py -> /home/rokey-kim/Documents/ros2_ws/install/day2/lib/python3.10/site-packages/day2
[0.532s] byte-compiling /home/rokey-kim/Documents/ros2_ws/install/day2/lib/python3.10/site-packages/day2/2_6_e_yolo_publisher.py to 2_6_e_yolo_publisher.cpython-310.pyc
[0.533s] running install_data
[0.533s] running install_egg_info
[0.534s] removing '/home/rokey-kim/Documents/ros2_ws/install/day2/lib/python3.10/site-packages/day2-0.0.0-py3.10.egg-info' (and everything under it)
[0.534s] Copying ../../build/day2/day2.egg-info to /home/rokey-kim/Documents/ros2_ws/install/day2/lib/python3.10/site-packages/day2-0.0.0-py3.10.egg-info
[0.535s] running install_scripts
[0.548s] Installing pub_data script to /home/rokey-kim/Documents/ros2_ws/install/day2/lib/day2
[0.549s] Installing pub_image script to /home/rokey-kim/Documents/ros2_ws/install/day2/lib/day2
[0.549s] Installing pub_yolo script to /home/rokey-kim/Documents/ros2_ws/install/day2/lib/day2
[0.549s] Installing show_data script to /home/rokey-kim/Documents/ros2_ws/install/day2/lib/day2
[0.549s] Installing show_image script to /home/rokey-kim/Documents/ros2_ws/install/day2/lib/day2
[0.549s] Installing show_yolo script to /home/rokey-kim/Documents/ros2_ws/install/day2/lib/day2
[0.549s] writing list of installed files to '/home/rokey-kim/Documents/ros2_ws/build/day2/install.log'
[0.568s] Invoked command in '/home/rokey-kim/Documents/ros2_ws/src/day2' returned '0': PYTHONPATH=/home/rokey-kim/Documents/ros2_ws/build/day2/prefix_override:/usr/lib/python3/dist-packages/colcon_core/task/python/colcon_distutils_commands:/home/rokey-kim/Documents/ros2_ws/install/day2/lib/python3.10/site-packages:${PYTHONPATH} /usr/bin/python3 -W ignore:setup.py install is deprecated -W ignore:easy_install command is deprecated setup.py egg_info --egg-base ../../build/day2 build --build-base /home/rokey-kim/Documents/ros2_ws/build/day2/build install --record /home/rokey-kim/Documents/ros2_ws/build/day2/install.log --single-version-externally-managed install_data
