[0.578s] Invoking command in '/home/rokey-kim/Documents/ros2_ws/src/day3': PYTHONPATH=/home/rokey-kim/Documents/ros2_ws/build/day3/prefix_override:/usr/lib/python3/dist-packages/colcon_core/task/python/colcon_distutils_commands:/home/rokey-kim/Documents/ros2_ws/install/day3/lib/python3.10/site-packages:${PYTHONPATH} /usr/bin/python3 -W ignore:setup.py install is deprecated -W ignore:easy_install command is deprecated setup.py egg_info --egg-base ../../build/day3 build --build-base /home/rokey-kim/Documents/ros2_ws/build/day3/build install --record /home/rokey-kim/Documents/ros2_ws/build/day3/install.log --single-version-externally-managed install_data
[0.841s] running egg_info
[0.842s] writing ../../build/day3/day3.egg-info/PKG-INFO
[0.842s] writing dependency_links to ../../build/day3/day3.egg-info/dependency_links.txt
[0.842s] writing entry points to ../../build/day3/day3.egg-info/entry_points.txt
[0.842s] writing requirements to ../../build/day3/day3.egg-info/requires.txt
[0.843s] writing top-level names to ../../build/day3/day3.egg-info/top_level.txt
[0.844s] reading manifest file '../../build/day3/day3.egg-info/SOURCES.txt'
[0.845s] writing manifest file '../../build/day3/day3.egg-info/SOURCES.txt'
[0.845s] running build
[0.845s] running build_py
[0.845s] copying day3/3_5_d_nav_to_person.py -> /home/rokey-kim/Documents/ros2_ws/build/day3/build/lib/day3
[0.846s] running install
[0.846s] running install_lib
[0.847s] copying /home/rokey-kim/Documents/ros2_ws/build/day3/build/lib/day3/3_5_d_nav_to_person.py -> /home/rokey-kim/Documents/ros2_ws/install/day3/lib/python3.10/site-packages/day3
[0.847s] byte-compiling /home/rokey-kim/Documents/ros2_ws/install/day3/lib/python3.10/site-packages/day3/3_5_d_nav_to_person.py to 3_5_d_nav_to_person.cpython-310.pyc
[0.849s] running install_data
[0.849s] running install_egg_info
[0.851s] removing '/home/rokey-kim/Documents/ros2_ws/install/day3/lib/python3.10/site-packages/day3-0.0.0-py3.10.egg-info' (and everything under it)
[0.851s] Copying ../../build/day3/day3.egg-info to /home/rokey-kim/Documents/ros2_ws/install/day3/lib/python3.10/site-packages/day3-0.0.0-py3.10.egg-info
[0.851s] running install_scripts
[0.870s] Installing capture_image script to /home/rokey-kim/Documents/ros2_ws/install/day3/lib/day3
[0.870s] Installing cont_cap_image script to /home/rokey-kim/Documents/ros2_ws/install/day3/lib/day3
[0.871s] Installing depth_checker script to /home/rokey-kim/Documents/ros2_ws/install/day3/lib/day3
[0.871s] Installing depth_to_3d script to /home/rokey-kim/Documents/ros2_ws/install/day3/lib/day3
[0.871s] Installing depth_to_goal script to /home/rokey-kim/Documents/ros2_ws/install/day3/lib/day3
[0.871s] Installing det_obj script to /home/rokey-kim/Documents/ros2_ws/install/day3/lib/day3
[0.871s] Installing det_obj_thread script to /home/rokey-kim/Documents/ros2_ws/install/day3/lib/day3
[0.871s] Installing det_obj_track script to /home/rokey-kim/Documents/ros2_ws/install/day3/lib/day3
[0.871s] writing list of installed files to '/home/rokey-kim/Documents/ros2_ws/build/day3/install.log'
[0.892s] Invoked command in '/home/rokey-kim/Documents/ros2_ws/src/day3' returned '0': PYTHONPATH=/home/rokey-kim/Documents/ros2_ws/build/day3/prefix_override:/usr/lib/python3/dist-packages/colcon_core/task/python/colcon_distutils_commands:/home/rokey-kim/Documents/ros2_ws/install/day3/lib/python3.10/site-packages:${PYTHONPATH} /usr/bin/python3 -W ignore:setup.py install is deprecated -W ignore:easy_install command is deprecated setup.py egg_info --egg-base ../../build/day3 build --build-base /home/rokey-kim/Documents/ros2_ws/build/day3/build install --record /home/rokey-kim/Documents/ros2_ws/build/day3/install.log --single-version-externally-managed install_data
