[0.692s] Invoking command in '/home/rokey-kim/Documents/ros2_ws/src/day3': PYTHONPATH=/home/rokey-kim/Documents/ros2_ws/build/day3/prefix_override:/usr/lib/python3/dist-packages/colcon_core/task/python/colcon_distutils_commands:/home/rokey-kim/Documents/ros2_ws/install/day3/lib/python3.10/site-packages:${PYTHONPATH} /usr/bin/python3 -W ignore:setup.py install is deprecated -W ignore:easy_install command is deprecated setup.py egg_info --egg-base ../../build/day3 build --build-base /home/rokey-kim/Documents/ros2_ws/build/day3/build install --record /home/rokey-kim/Documents/ros2_ws/build/day3/install.log --single-version-externally-managed install_data
[0.940s] running egg_info
[0.940s] writing ../../build/day3/day3.egg-info/PKG-INFO
[0.940s] writing dependency_links to ../../build/day3/day3.egg-info/dependency_links.txt
[0.941s] writing entry points to ../../build/day3/day3.egg-info/entry_points.txt
[0.941s] writing requirements to ../../build/day3/day3.egg-info/requires.txt
[0.941s] writing top-level names to ../../build/day3/day3.egg-info/top_level.txt
[0.942s] reading manifest file '../../build/day3/day3.egg-info/SOURCES.txt'
[0.943s] writing manifest file '../../build/day3/day3.egg-info/SOURCES.txt'
[0.943s] running build
[0.943s] running build_py
[0.943s] copying day3/Obj_Distance.py -> /home/rokey-kim/Documents/ros2_ws/build/day3/build/lib/day3
[0.944s] running install
[0.944s] running install_lib
[0.945s] copying /home/rokey-kim/Documents/ros2_ws/build/day3/build/lib/day3/Obj_Distance.py -> /home/rokey-kim/Documents/ros2_ws/install/day3/lib/python3.10/site-packages/day3
[0.946s] byte-compiling /home/rokey-kim/Documents/ros2_ws/install/day3/lib/python3.10/site-packages/day3/Obj_Distance.py to Obj_Distance.cpython-310.pyc
[0.946s] running install_data
[0.946s] running install_egg_info
[0.948s] removing '/home/rokey-kim/Documents/ros2_ws/install/day3/lib/python3.10/site-packages/day3-0.0.0-py3.10.egg-info' (and everything under it)
[0.949s] Copying ../../build/day3/day3.egg-info to /home/rokey-kim/Documents/ros2_ws/install/day3/lib/python3.10/site-packages/day3-0.0.0-py3.10.egg-info
[0.950s] running install_scripts
[0.972s] Installing capture_image script to /home/rokey-kim/Documents/ros2_ws/install/day3/lib/day3
[0.972s] Installing cont_cap_image script to /home/rokey-kim/Documents/ros2_ws/install/day3/lib/day3
[0.972s] Installing det_obj script to /home/rokey-kim/Documents/ros2_ws/install/day3/lib/day3
[0.972s] Installing det_obj_thread script to /home/rokey-kim/Documents/ros2_ws/install/day3/lib/day3
[0.972s] Installing det_obj_track script to /home/rokey-kim/Documents/ros2_ws/install/day3/lib/day3
[0.972s] Installing obj_distance script to /home/rokey-kim/Documents/ros2_ws/install/day3/lib/day3
[0.972s] writing list of installed files to '/home/rokey-kim/Documents/ros2_ws/build/day3/install.log'
[1.001s] Invoked command in '/home/rokey-kim/Documents/ros2_ws/src/day3' returned '0': PYTHONPATH=/home/rokey-kim/Documents/ros2_ws/build/day3/prefix_override:/usr/lib/python3/dist-packages/colcon_core/task/python/colcon_distutils_commands:/home/rokey-kim/Documents/ros2_ws/install/day3/lib/python3.10/site-packages:${PYTHONPATH} /usr/bin/python3 -W ignore:setup.py install is deprecated -W ignore:easy_install command is deprecated setup.py egg_info --egg-base ../../build/day3 build --build-base /home/rokey-kim/Documents/ros2_ws/build/day3/build install --record /home/rokey-kim/Documents/ros2_ws/build/day3/install.log --single-version-externally-managed install_data
