[0.523s] Invoking command in '/home/rokey-kim/Documents/ros2_ws/src/day3': PYTHONPATH=/home/rokey-kim/Documents/ros2_ws/build/day3/prefix_override:/usr/lib/python3/dist-packages/colcon_core/task/python/colcon_distutils_commands:/home/rokey-kim/Documents/ros2_ws/install/day3/lib/python3.10/site-packages:${PYTHONPATH} /usr/bin/python3 -W ignore:setup.py install is deprecated -W ignore:easy_install command is deprecated setup.py egg_info --egg-base ../../build/day3 build --build-base /home/rokey-kim/Documents/ros2_ws/build/day3/build install --record /home/rokey-kim/Documents/ros2_ws/build/day3/install.log --single-version-externally-managed install_data
[0.747s] running egg_info
[0.747s] writing ../../build/day3/day3.egg-info/PKG-INFO
[0.747s] writing dependency_links to ../../build/day3/day3.egg-info/dependency_links.txt
[0.748s] writing entry points to ../../build/day3/day3.egg-info/entry_points.txt
[0.748s] writing requirements to ../../build/day3/day3.egg-info/requires.txt
[0.748s] writing top-level names to ../../build/day3/day3.egg-info/top_level.txt
[0.749s] reading manifest file '../../build/day3/day3.egg-info/SOURCES.txt'
[0.750s] writing manifest file '../../build/day3/day3.egg-info/SOURCES.txt'
[0.750s] running build
[0.750s] running build_py
[0.750s] copying day3/3_5_d_nav_to_person.py -> /home/rokey-kim/Documents/ros2_ws/build/day3/build/lib/day3
[0.751s] running install
[0.751s] running install_lib
[0.752s] copying /home/rokey-kim/Documents/ros2_ws/build/day3/build/lib/day3/3_5_d_nav_to_person.py -> /home/rokey-kim/Documents/ros2_ws/install/day3/lib/python3.10/site-packages/day3
[0.752s] byte-compiling /home/rokey-kim/Documents/ros2_ws/install/day3/lib/python3.10/site-packages/day3/3_5_d_nav_to_person.py to 3_5_d_nav_to_person.cpython-310.pyc
[0.754s] running install_data
[0.754s] running install_egg_info
[0.756s] removing '/home/rokey-kim/Documents/ros2_ws/install/day3/lib/python3.10/site-packages/day3-0.0.0-py3.10.egg-info' (and everything under it)
[0.756s] Copying ../../build/day3/day3.egg-info to /home/rokey-kim/Documents/ros2_ws/install/day3/lib/python3.10/site-packages/day3-0.0.0-py3.10.egg-info
[0.756s] running install_scripts
[0.775s] Installing capture_image script to /home/rokey-kim/Documents/ros2_ws/install/day3/lib/day3
[0.776s] Installing cont_cap_image script to /home/rokey-kim/Documents/ros2_ws/install/day3/lib/day3
[0.776s] Installing depth_checker script to /home/rokey-kim/Documents/ros2_ws/install/day3/lib/day3
[0.776s] Installing depth_to_3d script to /home/rokey-kim/Documents/ros2_ws/install/day3/lib/day3
[0.776s] Installing depth_to_goal script to /home/rokey-kim/Documents/ros2_ws/install/day3/lib/day3
[0.776s] Installing det_obj script to /home/rokey-kim/Documents/ros2_ws/install/day3/lib/day3
[0.776s] Installing det_obj_thread script to /home/rokey-kim/Documents/ros2_ws/install/day3/lib/day3
[0.776s] Installing det_obj_track script to /home/rokey-kim/Documents/ros2_ws/install/day3/lib/day3
[0.776s] Installing nav_to_person script to /home/rokey-kim/Documents/ros2_ws/install/day3/lib/day3
[0.776s] writing list of installed files to '/home/rokey-kim/Documents/ros2_ws/build/day3/install.log'
[0.797s] Invoked command in '/home/rokey-kim/Documents/ros2_ws/src/day3' returned '0': PYTHONPATH=/home/rokey-kim/Documents/ros2_ws/build/day3/prefix_override:/usr/lib/python3/dist-packages/colcon_core/task/python/colcon_distutils_commands:/home/rokey-kim/Documents/ros2_ws/install/day3/lib/python3.10/site-packages:${PYTHONPATH} /usr/bin/python3 -W ignore:setup.py install is deprecated -W ignore:easy_install command is deprecated setup.py egg_info --egg-base ../../build/day3 build --build-base /home/rokey-kim/Documents/ros2_ws/build/day3/build install --record /home/rokey-kim/Documents/ros2_ws/build/day3/install.log --single-version-externally-managed install_data
