[0.375s] Invoking command in '/home/rokey-kim/Documents/ros2_ws/src/yolo': PYTHONPATH=/home/rokey-kim/Documents/ros2_ws/build/yolo/prefix_override:/usr/lib/python3/dist-packages/colcon_core/task/python/colcon_distutils_commands:/home/rokey-kim/Documents/ros2_ws/install/yolo/lib/python3.10/site-packages:${PYTHONPATH} /usr/bin/python3 -W ignore:setup.py install is deprecated -W ignore:easy_install command is deprecated setup.py egg_info --egg-base ../../build/yolo build --build-base /home/rokey-kim/Documents/ros2_ws/build/yolo/build install --record /home/rokey-kim/Documents/ros2_ws/build/yolo/install.log --single-version-externally-managed install_data
[0.514s] running egg_info
[0.514s] writing ../../build/yolo/yolo.egg-info/PKG-INFO
[0.514s] writing dependency_links to ../../build/yolo/yolo.egg-info/dependency_links.txt
[0.514s] writing entry points to ../../build/yolo/yolo.egg-info/entry_points.txt
[0.514s] writing requirements to ../../build/yolo/yolo.egg-info/requires.txt
[0.514s] writing top-level names to ../../build/yolo/yolo.egg-info/top_level.txt
[0.515s] reading manifest file '../../build/yolo/yolo.egg-info/SOURCES.txt'
[0.516s] writing manifest file '../../build/yolo/yolo.egg-info/SOURCES.txt'
[0.516s] running build
[0.516s] running build_py
[0.516s] running install
[0.517s] running install_lib
[0.518s] running install_data
[0.518s] running install_egg_info
[0.519s] removing '/home/rokey-kim/Documents/ros2_ws/install/yolo/lib/python3.10/site-packages/yolo-0.0.0-py3.10.egg-info' (and everything under it)
[0.519s] Copying ../../build/yolo/yolo.egg-info to /home/rokey-kim/Documents/ros2_ws/install/yolo/lib/python3.10/site-packages/yolo-0.0.0-py3.10.egg-info
[0.519s] running install_scripts
[0.532s] Installing capture_image = yolo.2_0_capture_image:maincont_cap_image script to /home/rokey-kim/Documents/ros2_ws/install/yolo/lib/yolo
[0.532s] writing list of installed files to '/home/rokey-kim/Documents/ros2_ws/build/yolo/install.log'
[0.545s] Invoked command in '/home/rokey-kim/Documents/ros2_ws/src/yolo' returned '0': PYTHONPATH=/home/rokey-kim/Documents/ros2_ws/build/yolo/prefix_override:/usr/lib/python3/dist-packages/colcon_core/task/python/colcon_distutils_commands:/home/rokey-kim/Documents/ros2_ws/install/yolo/lib/python3.10/site-packages:${PYTHONPATH} /usr/bin/python3 -W ignore:setup.py install is deprecated -W ignore:easy_install command is deprecated setup.py egg_info --egg-base ../../build/yolo build --build-base /home/rokey-kim/Documents/ros2_ws/build/yolo/build install --record /home/rokey-kim/Documents/ros2_ws/build/yolo/install.log --single-version-externally-managed install_data
