running develop
running egg_info
writing day3.egg-info/PKG-INFO
writing dependency_links to day3.egg-info/dependency_links.txt
writing entry points to day3.egg-info/entry_points.txt
writing requirements to day3.egg-info/requires.txt
writing top-level names to day3.egg-info/top_level.txt
reading manifest file 'day3.egg-info/SOURCES.txt'
writing manifest file 'day3.egg-info/SOURCES.txt'
running build_ext
Creating /home/rokey-kim/Documents/ros2_ws/install/day3/lib/python3.10/site-packages/day3.egg-link (link to .)
Installing capture_image script to /home/rokey-kim/Documents/ros2_ws/install/day3/lib/day3
Installing cont_cap_image script to /home/rokey-kim/Documents/ros2_ws/install/day3/lib/day3
Installing det_obj script to /home/rokey-kim/Documents/ros2_ws/install/day3/lib/day3
Installing det_obj_thread script to /home/rokey-kim/Documents/ros2_ws/install/day3/lib/day3
Installing det_obj_track script to /home/rokey-kim/Documents/ros2_ws/install/day3/lib/day3

Installed /home/rokey-kim/Documents/ros2_ws/build/day3
running symlink_data
symbolically linking /home/rokey-kim/Documents/ros2_ws/build/day3/resource/day3 -> /home/rokey-kim/Documents/ros2_ws/install/day3/share/ament_index/resource_index/packages
symbolically linking /home/rokey-kim/Documents/ros2_ws/build/day3/package.xml -> /home/rokey-kim/Documents/ros2_ws/install/day3/share/day3
