[0.439s] Invoking command in '/home/rokey-kim/Documents/ros2_ws/src/day4': PYTHONPATH=/home/rokey-kim/Documents/ros2_ws/build/day4/prefix_override:/usr/lib/python3/dist-packages/colcon_core/task/python/colcon_distutils_commands:/home/rokey-kim/Documents/ros2_ws/install/day4/lib/python3.10/site-packages:${PYTHONPATH} /usr/bin/python3 -W ignore:setup.py install is deprecated -W ignore:easy_install command is deprecated setup.py egg_info --egg-base ../../build/day4 build --build-base /home/rokey-kim/Documents/ros2_ws/build/day4/build install --record /home/rokey-kim/Documents/ros2_ws/build/day4/install.log --single-version-externally-managed install_data
[0.611s] running egg_info
[0.612s] writing ../../build/day4/day4.egg-info/PKG-INFO
[0.612s] writing dependency_links to ../../build/day4/day4.egg-info/dependency_links.txt
[0.612s] writing entry points to ../../build/day4/day4.egg-info/entry_points.txt
[0.612s] writing requirements to ../../build/day4/day4.egg-info/requires.txt
[0.612s] writing top-level names to ../../build/day4/day4.egg-info/top_level.txt
[0.613s] reading manifest file '../../build/day4/day4.egg-info/SOURCES.txt'
[0.614s] writing manifest file '../../build/day4/day4.egg-info/SOURCES.txt'
[0.614s] running build
[0.614s] running build_py
[0.614s] copying day4/view_image.py -> /home/rokey-kim/Documents/ros2_ws/build/day4/build/lib/day4
[0.615s] running install
[0.615s] running install_lib
[0.616s] copying /home/rokey-kim/Documents/ros2_ws/build/day4/build/lib/day4/view_image.py -> /home/rokey-kim/Documents/ros2_ws/install/day4/lib/python3.10/site-packages/day4
[0.616s] byte-compiling /home/rokey-kim/Documents/ros2_ws/install/day4/lib/python3.10/site-packages/day4/view_image.py to view_image.cpython-310.pyc
[0.617s] running install_data
[0.617s] running install_egg_info
[0.618s] removing '/home/rokey-kim/Documents/ros2_ws/install/day4/lib/python3.10/site-packages/day4-0.0.0-py3.10.egg-info' (and everything under it)
[0.618s] Copying ../../build/day4/day4.egg-info to /home/rokey-kim/Documents/ros2_ws/install/day4/lib/python3.10/site-packages/day4-0.0.0-py3.10.egg-info
[0.619s] running install_scripts
[0.634s] Installing depth_checker script to /home/rokey-kim/Documents/ros2_ws/install/day4/lib/day4
[0.634s] Installing depth_rgb_checker script to /home/rokey-kim/Documents/ros2_ws/install/day4/lib/day4
[0.634s] Installing depth_stereo_checker script to /home/rokey-kim/Documents/ros2_ws/install/day4/lib/day4
[0.634s] Installing view_comp_image script to /home/rokey-kim/Documents/ros2_ws/install/day4/lib/day4
[0.634s] Installing view_image script to /home/rokey-kim/Documents/ros2_ws/install/day4/lib/day4
[0.634s] Installing view_uncomp_image script to /home/rokey-kim/Documents/ros2_ws/install/day4/lib/day4
[0.635s] writing list of installed files to '/home/rokey-kim/Documents/ros2_ws/build/day4/install.log'
[0.650s] Invoked command in '/home/rokey-kim/Documents/ros2_ws/src/day4' returned '0': PYTHONPATH=/home/rokey-kim/Documents/ros2_ws/build/day4/prefix_override:/usr/lib/python3/dist-packages/colcon_core/task/python/colcon_distutils_commands:/home/rokey-kim/Documents/ros2_ws/install/day4/lib/python3.10/site-packages:${PYTHONPATH} /usr/bin/python3 -W ignore:setup.py install is deprecated -W ignore:easy_install command is deprecated setup.py egg_info --egg-base ../../build/day4 build --build-base /home/rokey-kim/Documents/ros2_ws/build/day4/build install --record /home/rokey-kim/Documents/ros2_ws/build/day4/install.log --single-version-externally-managed install_data
