running egg_info
creating ../../build/day3/day3.egg-info
writing ../../build/day3/day3.egg-info/PKG-INFO
writing dependency_links to ../../build/day3/day3.egg-info/dependency_links.txt
writing entry points to ../../build/day3/day3.egg-info/entry_points.txt
writing requirements to ../../build/day3/day3.egg-info/requires.txt
writing top-level names to ../../build/day3/day3.egg-info/top_level.txt
writing manifest file '../../build/day3/day3.egg-info/SOURCES.txt'
reading manifest file '../../build/day3/day3.egg-info/SOURCES.txt'
writing manifest file '../../build/day3/day3.egg-info/SOURCES.txt'
running build
running build_py
creating /home/rokey-kim/Documents/ros2_ws/build/day3/build
creating /home/rokey-kim/Documents/ros2_ws/build/day3/build/lib
creating /home/rokey-kim/Documents/ros2_ws/build/day3/build/lib/day3
copying day3/__init__.py -> /home/rokey-kim/Documents/ros2_ws/build/day3/build/lib/day3
running install
running install_lib
creating /home/rokey-kim/Documents/ros2_ws/install/day3/lib/python3.10/site-packages/day3
copying /home/rokey-kim/Documents/ros2_ws/build/day3/build/lib/day3/__init__.py -> /home/rokey-kim/Documents/ros2_ws/install/day3/lib/python3.10/site-packages/day3
byte-compiling /home/rokey-kim/Documents/ros2_ws/install/day3/lib/python3.10/site-packages/day3/__init__.py to __init__.cpython-310.pyc
running install_data
creating /home/rokey-kim/Documents/ros2_ws/install/day3/share/ament_index
creating /home/rokey-kim/Documents/ros2_ws/install/day3/share/ament_index/resource_index
creating /home/rokey-kim/Documents/ros2_ws/install/day3/share/ament_index/resource_index/packages
copying resource/day3 -> /home/rokey-kim/Documents/ros2_ws/install/day3/share/ament_index/resource_index/packages
copying package.xml -> /home/rokey-kim/Documents/ros2_ws/install/day3/share/day3
running install_egg_info
Copying ../../build/day3/day3.egg-info to /home/rokey-kim/Documents/ros2_ws/install/day3/lib/python3.10/site-packages/day3-0.0.0-py3.10.egg-info
running install_scripts
writing list of installed files to '/home/rokey-kim/Documents/ros2_ws/build/day3/install.log'
