running egg_info
writing ../../build/yolo/yolo.egg-info/PKG-INFO
writing dependency_links to ../../build/yolo/yolo.egg-info/dependency_links.txt
writing entry points to ../../build/yolo/yolo.egg-info/entry_points.txt
writing requirements to ../../build/yolo/yolo.egg-info/requires.txt
writing top-level names to ../../build/yolo/yolo.egg-info/top_level.txt
reading manifest file '../../build/yolo/yolo.egg-info/SOURCES.txt'
writing manifest file '../../build/yolo/yolo.egg-info/SOURCES.txt'
running build
running build_py
copying yolo/2_10_Draw_Box_wc.py -> /home/rokey-kim/Documents/ros2_ws/build/yolo/build/lib/yolo
copying yolo/2_9_Draw_Box.py -> /home/rokey-kim/Documents/ros2_ws/build/yolo/build/lib/yolo
copying yolo/2_11_Draw_Polygon.py -> /home/rokey-kim/Documents/ros2_ws/build/yolo/build/lib/yolo
copying yolo/2_1_cont_capture_wc_image.py -> /home/rokey-kim/Documents/ros2_ws/build/yolo/build/lib/yolo
copying yolo/2_0_capture_wc_image.py -> /home/rokey-kim/Documents/ros2_ws/build/yolo/build/lib/yolo
copying yolo/2_12_Draw_Polygon_wc.py -> /home/rokey-kim/Documents/ros2_ws/build/yolo/build/lib/yolo
copying yolo/1_10.Video_Capture_Threading.py -> /home/rokey-kim/Documents/ros2_ws/build/yolo/build/lib/yolo
running install
running install_lib
copying /home/rokey-kim/Documents/ros2_ws/build/yolo/build/lib/yolo/2_10_Draw_Box_wc.py -> /home/rokey-kim/Documents/ros2_ws/install/yolo/lib/python3.10/site-packages/yolo
copying /home/rokey-kim/Documents/ros2_ws/build/yolo/build/lib/yolo/2_9_Draw_Box.py -> /home/rokey-kim/Documents/ros2_ws/install/yolo/lib/python3.10/site-packages/yolo
copying /home/rokey-kim/Documents/ros2_ws/build/yolo/build/lib/yolo/2_11_Draw_Polygon.py -> /home/rokey-kim/Documents/ros2_ws/install/yolo/lib/python3.10/site-packages/yolo
copying /home/rokey-kim/Documents/ros2_ws/build/yolo/build/lib/yolo/2_1_cont_capture_wc_image.py -> /home/rokey-kim/Documents/ros2_ws/install/yolo/lib/python3.10/site-packages/yolo
copying /home/rokey-kim/Documents/ros2_ws/build/yolo/build/lib/yolo/2_0_capture_wc_image.py -> /home/rokey-kim/Documents/ros2_ws/install/yolo/lib/python3.10/site-packages/yolo
copying /home/rokey-kim/Documents/ros2_ws/build/yolo/build/lib/yolo/2_12_Draw_Polygon_wc.py -> /home/rokey-kim/Documents/ros2_ws/install/yolo/lib/python3.10/site-packages/yolo
copying /home/rokey-kim/Documents/ros2_ws/build/yolo/build/lib/yolo/1_10.Video_Capture_Threading.py -> /home/rokey-kim/Documents/ros2_ws/install/yolo/lib/python3.10/site-packages/yolo
byte-compiling /home/rokey-kim/Documents/ros2_ws/install/yolo/lib/python3.10/site-packages/yolo/2_10_Draw_Box_wc.py to 2_10_Draw_Box_wc.cpython-310.pyc
byte-compiling /home/rokey-kim/Documents/ros2_ws/install/yolo/lib/python3.10/site-packages/yolo/2_9_Draw_Box.py to 2_9_Draw_Box.cpython-310.pyc
byte-compiling /home/rokey-kim/Documents/ros2_ws/install/yolo/lib/python3.10/site-packages/yolo/2_11_Draw_Polygon.py to 2_11_Draw_Polygon.cpython-310.pyc
byte-compiling /home/rokey-kim/Documents/ros2_ws/install/yolo/lib/python3.10/site-packages/yolo/2_1_cont_capture_wc_image.py to 2_1_cont_capture_wc_image.cpython-310.pyc
byte-compiling /home/rokey-kim/Documents/ros2_ws/install/yolo/lib/python3.10/site-packages/yolo/2_0_capture_wc_image.py to 2_0_capture_wc_image.cpython-310.pyc
byte-compiling /home/rokey-kim/Documents/ros2_ws/install/yolo/lib/python3.10/site-packages/yolo/2_12_Draw_Polygon_wc.py to 2_12_Draw_Polygon_wc.cpython-310.pyc
byte-compiling /home/rokey-kim/Documents/ros2_ws/install/yolo/lib/python3.10/site-packages/yolo/1_10.Video_Capture_Threading.py to 1_10.Video_Capture_Threading.cpython-310.pyc
running install_data
running install_egg_info
removing '/home/rokey-kim/Documents/ros2_ws/install/yolo/lib/python3.10/site-packages/yolo-0.0.0-py3.10.egg-info' (and everything under it)
Copying ../../build/yolo/yolo.egg-info to /home/rokey-kim/Documents/ros2_ws/install/yolo/lib/python3.10/site-packages/yolo-0.0.0-py3.10.egg-info
running install_scripts
Installing capture_image script to /home/rokey-kim/Documents/ros2_ws/install/yolo/lib/yolo
Installing cont_cap_image script to /home/rokey-kim/Documents/ros2_ws/install/yolo/lib/yolo
Installing det_obj script to /home/rokey-kim/Documents/ros2_ws/install/yolo/lib/yolo
writing list of installed files to '/home/rokey-kim/Documents/ros2_ws/build/yolo/install.log'
