/home/rokey-kim/Documents/ros2_ws/install/day3/lib/python3.10/site-packages/day3/3_5_c_depth_to_nav_goal.py
/home/rokey-kim/Documents/ros2_ws/install/day3/lib/python3.10/site-packages/day3/3_1_a_capture_image.py
/home/rokey-kim/Documents/ros2_ws/install/day3/lib/python3.10/site-packages/day3/3_1_b_cont_capture_image.py
/home/rokey-kim/Documents/ros2_ws/install/day3/lib/python3.10/site-packages/day3/3_4_a_yolov8_obj_det.py
/home/rokey-kim/Documents/ros2_ws/install/day3/lib/python3.10/site-packages/day3/3_5_b_depth_to_3d.py
/home/rokey-kim/Documents/ros2_ws/install/day3/lib/python3.10/site-packages/day3/3_4_b_yolov8_obj_det_thread.py
/home/rokey-kim/Documents/ros2_ws/install/day3/lib/python3.10/site-packages/day3/3_4_c_yolov8_obj_det_track.py
/home/rokey-kim/Documents/ros2_ws/install/day3/lib/python3.10/site-packages/day3/3_5_a_depth_checker.py
/home/rokey-kim/Documents/ros2_ws/install/day3/lib/python3.10/site-packages/day3/3_5_d_nav_to_person.py
/home/rokey-kim/Documents/ros2_ws/install/day3/lib/python3.10/site-packages/day3/__init__.py
/home/rokey-kim/Documents/ros2_ws/install/day3/lib/python3.10/site-packages/day3/__pycache__/3_5_c_depth_to_nav_goal.cpython-310.pyc
/home/rokey-kim/Documents/ros2_ws/install/day3/lib/python3.10/site-packages/day3/__pycache__/3_1_a_capture_image.cpython-310.pyc
/home/rokey-kim/Documents/ros2_ws/install/day3/lib/python3.10/site-packages/day3/__pycache__/3_1_b_cont_capture_image.cpython-310.pyc
/home/rokey-kim/Documents/ros2_ws/install/day3/lib/python3.10/site-packages/day3/__pycache__/3_4_a_yolov8_obj_det.cpython-310.pyc
/home/rokey-kim/Documents/ros2_ws/install/day3/lib/python3.10/site-packages/day3/__pycache__/3_5_b_depth_to_3d.cpython-310.pyc
/home/rokey-kim/Documents/ros2_ws/install/day3/lib/python3.10/site-packages/day3/__pycache__/3_4_b_yolov8_obj_det_thread.cpython-310.pyc
/home/rokey-kim/Documents/ros2_ws/install/day3/lib/python3.10/site-packages/day3/__pycache__/3_4_c_yolov8_obj_det_track.cpython-310.pyc
/home/rokey-kim/Documents/ros2_ws/install/day3/lib/python3.10/site-packages/day3/__pycache__/3_5_a_depth_checker.cpython-310.pyc
/home/rokey-kim/Documents/ros2_ws/install/day3/lib/python3.10/site-packages/day3/__pycache__/3_5_d_nav_to_person.cpython-310.pyc
/home/rokey-kim/Documents/ros2_ws/install/day3/lib/python3.10/site-packages/day3/__pycache__/__init__.cpython-310.pyc
/home/rokey-kim/Documents/ros2_ws/install/day3/share/ament_index/resource_index/packages/day3
/home/rokey-kim/Documents/ros2_ws/install/day3/share/day3/package.xml
/home/rokey-kim/Documents/ros2_ws/install/day3/lib/python3.10/site-packages/day3-0.0.0-py3.10.egg-info/zip-safe
/home/rokey-kim/Documents/ros2_ws/install/day3/lib/python3.10/site-packages/day3-0.0.0-py3.10.egg-info/entry_points.txt
/home/rokey-kim/Documents/ros2_ws/install/day3/lib/python3.10/site-packages/day3-0.0.0-py3.10.egg-info/top_level.txt
/home/rokey-kim/Documents/ros2_ws/install/day3/lib/python3.10/site-packages/day3-0.0.0-py3.10.egg-info/PKG-INFO
/home/rokey-kim/Documents/ros2_ws/install/day3/lib/python3.10/site-packages/day3-0.0.0-py3.10.egg-info/SOURCES.txt
/home/rokey-kim/Documents/ros2_ws/install/day3/lib/python3.10/site-packages/day3-0.0.0-py3.10.egg-info/dependency_links.txt
/home/rokey-kim/Documents/ros2_ws/install/day3/lib/python3.10/site-packages/day3-0.0.0-py3.10.egg-info/requires.txt
/home/rokey-kim/Documents/ros2_ws/install/day3/lib/day3/capture_image
/home/rokey-kim/Documents/ros2_ws/install/day3/lib/day3/cont_cap_image
/home/rokey-kim/Documents/ros2_ws/install/day3/lib/day3/depth_checker
/home/rokey-kim/Documents/ros2_ws/install/day3/lib/day3/depth_to_3d
/home/rokey-kim/Documents/ros2_ws/install/day3/lib/day3/depth_to_goal
/home/rokey-kim/Documents/ros2_ws/install/day3/lib/day3/det_obj
/home/rokey-kim/Documents/ros2_ws/install/day3/lib/day3/det_obj_thread
/home/rokey-kim/Documents/ros2_ws/install/day3/lib/day3/det_obj_track
/home/rokey-kim/Documents/ros2_ws/install/day3/lib/day3/nav_to_person
