[0.863s] Invoking command in '/home/rokey-kim/Documents/ros2_ws/build/day2': PYTHONPATH=/home/rokey-kim/Documents/ros2_ws/build/day2/prefix_override:/usr/lib/python3/dist-packages/colcon_core/task/python/colcon_distutils_commands:/home/rokey-kim/Documents/ros2_ws/install/day2/lib/python3.10/site-packages:${PYTHONPATH} /usr/bin/python3 -W ignore:setup.py install is deprecated -W ignore:easy_install command is deprecated setup.py develop --editable --build-directory /home/rokey-kim/Documents/ros2_ws/build/day2/build --no-deps symlink_data --force
[1.027s] running develop
[1.137s] running egg_info
[1.138s] writing day2.egg-info/PKG-INFO
[1.138s] writing dependency_links to day2.egg-info/dependency_links.txt
[1.138s] writing entry points to day2.egg-info/entry_points.txt
[1.138s] writing requirements to day2.egg-info/requires.txt
[1.138s] writing top-level names to day2.egg-info/top_level.txt
[1.138s] reading manifest file 'day2.egg-info/SOURCES.txt'
[1.139s] writing manifest file 'day2.egg-info/SOURCES.txt'
[1.140s] running build_ext
[1.140s] Creating /home/rokey-kim/Documents/ros2_ws/install/day2/lib/python3.10/site-packages/day2.egg-link (link to .)
[1.140s] Installing pub_data script to /home/rokey-kim/Documents/ros2_ws/install/day2/lib/day2
[1.140s] Installing pub_image script to /home/rokey-kim/Documents/ros2_ws/install/day2/lib/day2
[1.140s] Installing pub_yolo script to /home/rokey-kim/Documents/ros2_ws/install/day2/lib/day2
[1.140s] Installing show_data script to /home/rokey-kim/Documents/ros2_ws/install/day2/lib/day2
[1.140s] Installing show_image script to /home/rokey-kim/Documents/ros2_ws/install/day2/lib/day2
[1.140s] Installing show_yolo script to /home/rokey-kim/Documents/ros2_ws/install/day2/lib/day2
[1.141s] 
[1.141s] Installed /home/rokey-kim/Documents/ros2_ws/build/day2
[1.141s] running symlink_data
[1.141s] symbolically linking /home/rokey-kim/Documents/ros2_ws/build/day2/resource/day2 -> /home/rokey-kim/Documents/ros2_ws/install/day2/share/ament_index/resource_index/packages
[1.141s] symbolically linking /home/rokey-kim/Documents/ros2_ws/build/day2/package.xml -> /home/rokey-kim/Documents/ros2_ws/install/day2/share/day2
[1.176s] Invoked command in '/home/rokey-kim/Documents/ros2_ws/build/day2' returned '0': PYTHONPATH=/home/rokey-kim/Documents/ros2_ws/build/day2/prefix_override:/usr/lib/python3/dist-packages/colcon_core/task/python/colcon_distutils_commands:/home/rokey-kim/Documents/ros2_ws/install/day2/lib/python3.10/site-packages:${PYTHONPATH} /usr/bin/python3 -W ignore:setup.py install is deprecated -W ignore:easy_install command is deprecated setup.py develop --editable --build-directory /home/rokey-kim/Documents/ros2_ws/build/day2/build --no-deps symlink_data --force
