[0.389s] Invoking command in '/home/rokey-kim/Documents/ros2_ws/src/day4': PYTHONPATH=/home/rokey-kim/Documents/ros2_ws/build/day4/prefix_override:/usr/lib/python3/dist-packages/colcon_core/task/python/colcon_distutils_commands:/home/rokey-kim/Documents/ros2_ws/install/day4/lib/python3.10/site-packages:${PYTHONPATH} /usr/bin/python3 -W ignore:setup.py install is deprecated -W ignore:easy_install command is deprecated setup.py egg_info --egg-base ../../build/day4 build --build-base /home/rokey-kim/Documents/ros2_ws/build/day4/build install --record /home/rokey-kim/Documents/ros2_ws/build/day4/install.log --single-version-externally-managed install_data
[0.541s] running egg_info
[0.542s] creating ../../build/day4/day4.egg-info
[0.542s] writing ../../build/day4/day4.egg-info/PKG-INFO
[0.542s] writing dependency_links to ../../build/day4/day4.egg-info/dependency_links.txt
[0.542s] writing entry points to ../../build/day4/day4.egg-info/entry_points.txt
[0.542s] writing requirements to ../../build/day4/day4.egg-info/requires.txt
[0.542s] writing top-level names to ../../build/day4/day4.egg-info/top_level.txt
[0.542s] writing manifest file '../../build/day4/day4.egg-info/SOURCES.txt'
[0.543s] reading manifest file '../../build/day4/day4.egg-info/SOURCES.txt'
[0.544s] writing manifest file '../../build/day4/day4.egg-info/SOURCES.txt'
[0.544s] running build
[0.544s] running build_py
[0.544s] creating /home/rokey-kim/Documents/ros2_ws/build/day4/build
[0.544s] creating /home/rokey-kim/Documents/ros2_ws/build/day4/build/lib
[0.544s] creating /home/rokey-kim/Documents/ros2_ws/build/day4/build/lib/day4
[0.544s] copying day4/3_5_c_depth_to_nav_goal.py -> /home/rokey-kim/Documents/ros2_ws/build/day4/build/lib/day4
[0.544s] copying day4/4_5_a_depth_checker.py -> /home/rokey-kim/Documents/ros2_ws/build/day4/build/lib/day4
[0.544s] copying day4/3_5_b_depth_to_3d.py -> /home/rokey-kim/Documents/ros2_ws/build/day4/build/lib/day4
[0.544s] copying day4/init_pose.py -> /home/rokey-kim/Documents/ros2_ws/build/day4/build/lib/day4
[0.544s] copying day4/send_waypoint.py -> /home/rokey-kim/Documents/ros2_ws/build/day4/build/lib/day4
[0.544s] copying day4/send_goal_stop.py -> /home/rokey-kim/Documents/ros2_ws/build/day4/build/lib/day4
[0.545s] copying day4/3_5_d_nav_to_person.py -> /home/rokey-kim/Documents/ros2_ws/build/day4/build/lib/day4
[0.545s] copying day4/__init__.py -> /home/rokey-kim/Documents/ros2_ws/build/day4/build/lib/day4
[0.545s] running install
[0.545s] running install_lib
[0.545s] creating /home/rokey-kim/Documents/ros2_ws/install/day4/lib/python3.10/site-packages/day4
[0.545s] copying /home/rokey-kim/Documents/ros2_ws/build/day4/build/lib/day4/3_5_c_depth_to_nav_goal.py -> /home/rokey-kim/Documents/ros2_ws/install/day4/lib/python3.10/site-packages/day4
[0.546s] copying /home/rokey-kim/Documents/ros2_ws/build/day4/build/lib/day4/4_5_a_depth_checker.py -> /home/rokey-kim/Documents/ros2_ws/install/day4/lib/python3.10/site-packages/day4
[0.546s] copying /home/rokey-kim/Documents/ros2_ws/build/day4/build/lib/day4/3_5_b_depth_to_3d.py -> /home/rokey-kim/Documents/ros2_ws/install/day4/lib/python3.10/site-packages/day4
[0.546s] copying /home/rokey-kim/Documents/ros2_ws/build/day4/build/lib/day4/init_pose.py -> /home/rokey-kim/Documents/ros2_ws/install/day4/lib/python3.10/site-packages/day4
[0.546s] copying /home/rokey-kim/Documents/ros2_ws/build/day4/build/lib/day4/send_waypoint.py -> /home/rokey-kim/Documents/ros2_ws/install/day4/lib/python3.10/site-packages/day4
[0.546s] copying /home/rokey-kim/Documents/ros2_ws/build/day4/build/lib/day4/send_goal_stop.py -> /home/rokey-kim/Documents/ros2_ws/install/day4/lib/python3.10/site-packages/day4
[0.546s] copying /home/rokey-kim/Documents/ros2_ws/build/day4/build/lib/day4/3_5_d_nav_to_person.py -> /home/rokey-kim/Documents/ros2_ws/install/day4/lib/python3.10/site-packages/day4
[0.546s] copying /home/rokey-kim/Documents/ros2_ws/build/day4/build/lib/day4/__init__.py -> /home/rokey-kim/Documents/ros2_ws/install/day4/lib/python3.10/site-packages/day4
[0.546s] byte-compiling /home/rokey-kim/Documents/ros2_ws/install/day4/lib/python3.10/site-packages/day4/3_5_c_depth_to_nav_goal.py to 3_5_c_depth_to_nav_goal.cpython-310.pyc
[0.547s] byte-compiling /home/rokey-kim/Documents/ros2_ws/install/day4/lib/python3.10/site-packages/day4/4_5_a_depth_checker.py to 4_5_a_depth_checker.cpython-310.pyc
[0.548s] byte-compiling /home/rokey-kim/Documents/ros2_ws/install/day4/lib/python3.10/site-packages/day4/3_5_b_depth_to_3d.py to 3_5_b_depth_to_3d.cpython-310.pyc
[0.548s] byte-compiling /home/rokey-kim/Documents/ros2_ws/install/day4/lib/python3.10/site-packages/day4/init_pose.py to init_pose.cpython-310.pyc
[0.549s] byte-compiling /home/rokey-kim/Documents/ros2_ws/install/day4/lib/python3.10/site-packages/day4/send_waypoint.py to send_waypoint.cpython-310.pyc
[0.549s] byte-compiling /home/rokey-kim/Documents/ros2_ws/install/day4/lib/python3.10/site-packages/day4/send_goal_stop.py to send_goal_stop.cpython-310.pyc
[0.550s] byte-compiling /home/rokey-kim/Documents/ros2_ws/install/day4/lib/python3.10/site-packages/day4/3_5_d_nav_to_person.py to 3_5_d_nav_to_person.cpython-310.pyc
[0.551s] byte-compiling /home/rokey-kim/Documents/ros2_ws/install/day4/lib/python3.10/site-packages/day4/__init__.py to __init__.cpython-310.pyc
[0.551s] running install_data
[0.551s] creating /home/rokey-kim/Documents/ros2_ws/install/day4/share/ament_index
[0.551s] creating /home/rokey-kim/Documents/ros2_ws/install/day4/share/ament_index/resource_index
[0.552s] creating /home/rokey-kim/Documents/ros2_ws/install/day4/share/ament_index/resource_index/packages
[0.552s] copying resource/day4 -> /home/rokey-kim/Documents/ros2_ws/install/day4/share/ament_index/resource_index/packages
[0.552s] copying package.xml -> /home/rokey-kim/Documents/ros2_ws/install/day4/share/day4
[0.552s] running install_egg_info
[0.553s] Copying ../../build/day4/day4.egg-info to /home/rokey-kim/Documents/ros2_ws/install/day4/lib/python3.10/site-packages/day4-0.0.0-py3.10.egg-info
[0.553s] running install_scripts
[0.566s] Installing depth_checker script to /home/rokey-kim/Documents/ros2_ws/install/day4/lib/day4
[0.567s] writing list of installed files to '/home/rokey-kim/Documents/ros2_ws/build/day4/install.log'
[0.580s] Invoked command in '/home/rokey-kim/Documents/ros2_ws/src/day4' returned '0': PYTHONPATH=/home/rokey-kim/Documents/ros2_ws/build/day4/prefix_override:/usr/lib/python3/dist-packages/colcon_core/task/python/colcon_distutils_commands:/home/rokey-kim/Documents/ros2_ws/install/day4/lib/python3.10/site-packages:${PYTHONPATH} /usr/bin/python3 -W ignore:setup.py install is deprecated -W ignore:easy_install command is deprecated setup.py egg_info --egg-base ../../build/day4 build --build-base /home/rokey-kim/Documents/ros2_ws/build/day4/build install --record /home/rokey-kim/Documents/ros2_ws/build/day4/install.log --single-version-externally-managed install_data
