running egg_info
creating ../../build/day2/day2.egg-info
writing ../../build/day2/day2.egg-info/PKG-INFO
writing dependency_links to ../../build/day2/day2.egg-info/dependency_links.txt
writing entry points to ../../build/day2/day2.egg-info/entry_points.txt
writing requirements to ../../build/day2/day2.egg-info/requires.txt
writing top-level names to ../../build/day2/day2.egg-info/top_level.txt
writing manifest file '../../build/day2/day2.egg-info/SOURCES.txt'
reading manifest file '../../build/day2/day2.egg-info/SOURCES.txt'
writing manifest file '../../build/day2/day2.egg-info/SOURCES.txt'
running build
running build_py
creating /home/rokey-kim/Documents/ros2_ws/build/day2/build
creating /home/rokey-kim/Documents/ros2_ws/build/day2/build/lib
creating /home/rokey-kim/Documents/ros2_ws/build/day2/build/lib/day2
copying day2/2_6_a_image_publisher.py -> /home/rokey-kim/Documents/ros2_ws/build/day2/build/lib/day2
copying day2/2_5_b_Draw_Polygon_wc.py -> /home/rokey-kim/Documents/ros2_ws/build/day2/build/lib/day2
copying day2/2_4_c_compare_yolo.py -> /home/rokey-kim/Documents/ros2_ws/build/day2/build/lib/day2
copying day2/2_3_b_move_image.py -> /home/rokey-kim/Documents/ros2_ws/build/day2/build/lib/day2
copying day2/2_4_b_gpu_test.py -> /home/rokey-kim/Documents/ros2_ws/build/day2/build/lib/day2
copying day2/2_3_a_create_data_dirs.py -> /home/rokey-kim/Documents/ros2_ws/build/day2/build/lib/day2
copying day2/2_1_c_capture_wc_thread.py -> /home/rokey-kim/Documents/ros2_ws/build/day2/build/lib/day2
copying day2/2_5_c_Security_Alert_wc.py -> /home/rokey-kim/Documents/ros2_ws/build/day2/build/lib/day2
copying day2/2_6_d_data_subscriber.py -> /home/rokey-kim/Documents/ros2_ws/build/day2/build/lib/day2
copying day2/2_1_a_capture_wc_image.py -> /home/rokey-kim/Documents/ros2_ws/build/day2/build/lib/day2
copying day2/2_1_b_cont_capture_wc_image.py -> /home/rokey-kim/Documents/ros2_ws/build/day2/build/lib/day2
copying day2/2_6_e_yolo_publisher.py -> /home/rokey-kim/Documents/ros2_ws/build/day2/build/lib/day2
copying day2/2_5_a_Draw_Box_wc.py -> /home/rokey-kim/Documents/ros2_ws/build/day2/build/lib/day2
copying day2/2_4_d_yolov8_obj_det_wc.py -> /home/rokey-kim/Documents/ros2_ws/build/day2/build/lib/day2
copying day2/2_3_c_move_labels.py -> /home/rokey-kim/Documents/ros2_ws/build/day2/build/lib/day2
copying day2/2_6_b_image_subscriber.py -> /home/rokey-kim/Documents/ros2_ws/build/day2/build/lib/day2
copying day2/2_6_f_yolo_subscriber.py -> /home/rokey-kim/Documents/ros2_ws/build/day2/build/lib/day2
copying day2/2_6_c_data_publisher.py -> /home/rokey-kim/Documents/ros2_ws/build/day2/build/lib/day2
copying day2/__init__.py -> /home/rokey-kim/Documents/ros2_ws/build/day2/build/lib/day2
running install
running install_lib
creating /home/rokey-kim/Documents/ros2_ws/install/day2/lib/python3.10/site-packages/day2
copying /home/rokey-kim/Documents/ros2_ws/build/day2/build/lib/day2/2_6_a_image_publisher.py -> /home/rokey-kim/Documents/ros2_ws/install/day2/lib/python3.10/site-packages/day2
copying /home/rokey-kim/Documents/ros2_ws/build/day2/build/lib/day2/2_5_b_Draw_Polygon_wc.py -> /home/rokey-kim/Documents/ros2_ws/install/day2/lib/python3.10/site-packages/day2
copying /home/rokey-kim/Documents/ros2_ws/build/day2/build/lib/day2/2_4_c_compare_yolo.py -> /home/rokey-kim/Documents/ros2_ws/install/day2/lib/python3.10/site-packages/day2
copying /home/rokey-kim/Documents/ros2_ws/build/day2/build/lib/day2/2_3_b_move_image.py -> /home/rokey-kim/Documents/ros2_ws/install/day2/lib/python3.10/site-packages/day2
copying /home/rokey-kim/Documents/ros2_ws/build/day2/build/lib/day2/2_4_b_gpu_test.py -> /home/rokey-kim/Documents/ros2_ws/install/day2/lib/python3.10/site-packages/day2
copying /home/rokey-kim/Documents/ros2_ws/build/day2/build/lib/day2/2_3_a_create_data_dirs.py -> /home/rokey-kim/Documents/ros2_ws/install/day2/lib/python3.10/site-packages/day2
copying /home/rokey-kim/Documents/ros2_ws/build/day2/build/lib/day2/2_1_c_capture_wc_thread.py -> /home/rokey-kim/Documents/ros2_ws/install/day2/lib/python3.10/site-packages/day2
copying /home/rokey-kim/Documents/ros2_ws/build/day2/build/lib/day2/2_5_c_Security_Alert_wc.py -> /home/rokey-kim/Documents/ros2_ws/install/day2/lib/python3.10/site-packages/day2
copying /home/rokey-kim/Documents/ros2_ws/build/day2/build/lib/day2/2_6_d_data_subscriber.py -> /home/rokey-kim/Documents/ros2_ws/install/day2/lib/python3.10/site-packages/day2
copying /home/rokey-kim/Documents/ros2_ws/build/day2/build/lib/day2/2_1_a_capture_wc_image.py -> /home/rokey-kim/Documents/ros2_ws/install/day2/lib/python3.10/site-packages/day2
copying /home/rokey-kim/Documents/ros2_ws/build/day2/build/lib/day2/2_1_b_cont_capture_wc_image.py -> /home/rokey-kim/Documents/ros2_ws/install/day2/lib/python3.10/site-packages/day2
copying /home/rokey-kim/Documents/ros2_ws/build/day2/build/lib/day2/2_6_e_yolo_publisher.py -> /home/rokey-kim/Documents/ros2_ws/install/day2/lib/python3.10/site-packages/day2
copying /home/rokey-kim/Documents/ros2_ws/build/day2/build/lib/day2/2_5_a_Draw_Box_wc.py -> /home/rokey-kim/Documents/ros2_ws/install/day2/lib/python3.10/site-packages/day2
copying /home/rokey-kim/Documents/ros2_ws/build/day2/build/lib/day2/2_4_d_yolov8_obj_det_wc.py -> /home/rokey-kim/Documents/ros2_ws/install/day2/lib/python3.10/site-packages/day2
copying /home/rokey-kim/Documents/ros2_ws/build/day2/build/lib/day2/2_3_c_move_labels.py -> /home/rokey-kim/Documents/ros2_ws/install/day2/lib/python3.10/site-packages/day2
copying /home/rokey-kim/Documents/ros2_ws/build/day2/build/lib/day2/2_6_b_image_subscriber.py -> /home/rokey-kim/Documents/ros2_ws/install/day2/lib/python3.10/site-packages/day2
copying /home/rokey-kim/Documents/ros2_ws/build/day2/build/lib/day2/2_6_f_yolo_subscriber.py -> /home/rokey-kim/Documents/ros2_ws/install/day2/lib/python3.10/site-packages/day2
copying /home/rokey-kim/Documents/ros2_ws/build/day2/build/lib/day2/2_6_c_data_publisher.py -> /home/rokey-kim/Documents/ros2_ws/install/day2/lib/python3.10/site-packages/day2
copying /home/rokey-kim/Documents/ros2_ws/build/day2/build/lib/day2/__init__.py -> /home/rokey-kim/Documents/ros2_ws/install/day2/lib/python3.10/site-packages/day2
byte-compiling /home/rokey-kim/Documents/ros2_ws/install/day2/lib/python3.10/site-packages/day2/2_6_a_image_publisher.py to 2_6_a_image_publisher.cpython-310.pyc
byte-compiling /home/rokey-kim/Documents/ros2_ws/install/day2/lib/python3.10/site-packages/day2/2_5_b_Draw_Polygon_wc.py to 2_5_b_Draw_Polygon_wc.cpython-310.pyc
byte-compiling /home/rokey-kim/Documents/ros2_ws/install/day2/lib/python3.10/site-packages/day2/2_4_c_compare_yolo.py to 2_4_c_compare_yolo.cpython-310.pyc
byte-compiling /home/rokey-kim/Documents/ros2_ws/install/day2/lib/python3.10/site-packages/day2/2_3_b_move_image.py to 2_3_b_move_image.cpython-310.pyc
byte-compiling /home/rokey-kim/Documents/ros2_ws/install/day2/lib/python3.10/site-packages/day2/2_4_b_gpu_test.py to 2_4_b_gpu_test.cpython-310.pyc
byte-compiling /home/rokey-kim/Documents/ros2_ws/install/day2/lib/python3.10/site-packages/day2/2_3_a_create_data_dirs.py to 2_3_a_create_data_dirs.cpython-310.pyc
byte-compiling /home/rokey-kim/Documents/ros2_ws/install/day2/lib/python3.10/site-packages/day2/2_1_c_capture_wc_thread.py to 2_1_c_capture_wc_thread.cpython-310.pyc
byte-compiling /home/rokey-kim/Documents/ros2_ws/install/day2/lib/python3.10/site-packages/day2/2_5_c_Security_Alert_wc.py to 2_5_c_Security_Alert_wc.cpython-310.pyc
byte-compiling /home/rokey-kim/Documents/ros2_ws/install/day2/lib/python3.10/site-packages/day2/2_6_d_data_subscriber.py to 2_6_d_data_subscriber.cpython-310.pyc
byte-compiling /home/rokey-kim/Documents/ros2_ws/install/day2/lib/python3.10/site-packages/day2/2_1_a_capture_wc_image.py to 2_1_a_capture_wc_image.cpython-310.pyc
byte-compiling /home/rokey-kim/Documents/ros2_ws/install/day2/lib/python3.10/site-packages/day2/2_1_b_cont_capture_wc_image.py to 2_1_b_cont_capture_wc_image.cpython-310.pyc
byte-compiling /home/rokey-kim/Documents/ros2_ws/install/day2/lib/python3.10/site-packages/day2/2_6_e_yolo_publisher.py to 2_6_e_yolo_publisher.cpython-310.pyc
byte-compiling /home/rokey-kim/Documents/ros2_ws/install/day2/lib/python3.10/site-packages/day2/2_5_a_Draw_Box_wc.py to 2_5_a_Draw_Box_wc.cpython-310.pyc
byte-compiling /home/rokey-kim/Documents/ros2_ws/install/day2/lib/python3.10/site-packages/day2/2_4_d_yolov8_obj_det_wc.py to 2_4_d_yolov8_obj_det_wc.cpython-310.pyc
byte-compiling /home/rokey-kim/Documents/ros2_ws/install/day2/lib/python3.10/site-packages/day2/2_3_c_move_labels.py to 2_3_c_move_labels.cpython-310.pyc
byte-compiling /home/rokey-kim/Documents/ros2_ws/install/day2/lib/python3.10/site-packages/day2/2_6_b_image_subscriber.py to 2_6_b_image_subscriber.cpython-310.pyc
byte-compiling /home/rokey-kim/Documents/ros2_ws/install/day2/lib/python3.10/site-packages/day2/2_6_f_yolo_subscriber.py to 2_6_f_yolo_subscriber.cpython-310.pyc
byte-compiling /home/rokey-kim/Documents/ros2_ws/install/day2/lib/python3.10/site-packages/day2/2_6_c_data_publisher.py to 2_6_c_data_publisher.cpython-310.pyc
byte-compiling /home/rokey-kim/Documents/ros2_ws/install/day2/lib/python3.10/site-packages/day2/__init__.py to __init__.cpython-310.pyc
running install_data
creating /home/rokey-kim/Documents/ros2_ws/install/day2/share/ament_index
creating /home/rokey-kim/Documents/ros2_ws/install/day2/share/ament_index/resource_index
creating /home/rokey-kim/Documents/ros2_ws/install/day2/share/ament_index/resource_index/packages
copying resource/day2 -> /home/rokey-kim/Documents/ros2_ws/install/day2/share/ament_index/resource_index/packages
copying package.xml -> /home/rokey-kim/Documents/ros2_ws/install/day2/share/day2
running install_egg_info
Copying ../../build/day2/day2.egg-info to /home/rokey-kim/Documents/ros2_ws/install/day2/lib/python3.10/site-packages/day2-0.0.0-py3.10.egg-info
running install_scripts
Installing pub_data script to /home/rokey-kim/Documents/ros2_ws/install/day2/lib/day2
Installing pub_image script to /home/rokey-kim/Documents/ros2_ws/install/day2/lib/day2
Installing pub_yolo script to /home/rokey-kim/Documents/ros2_ws/install/day2/lib/day2
Installing show_data script to /home/rokey-kim/Documents/ros2_ws/install/day2/lib/day2
Installing show_image script to /home/rokey-kim/Documents/ros2_ws/install/day2/lib/day2
Installing show_yolo script to /home/rokey-kim/Documents/ros2_ws/install/day2/lib/day2
writing list of installed files to '/home/rokey-kim/Documents/ros2_ws/build/day2/install.log'
