[0.375s] Invoking command in '/home/rokey-kim/Documents/ros2_ws/src/day2': PYTHONPATH=/home/rokey-kim/Documents/ros2_ws/build/day2/prefix_override:/usr/lib/python3/dist-packages/colcon_core/task/python/colcon_distutils_commands:/home/rokey-kim/Documents/ros2_ws/install/day2/lib/python3.10/site-packages:${PYTHONPATH} /usr/bin/python3 -W ignore:setup.py install is deprecated -W ignore:easy_install command is deprecated setup.py egg_info --egg-base ../../build/day2 build --build-base /home/rokey-kim/Documents/ros2_ws/build/day2/build install --record /home/rokey-kim/Documents/ros2_ws/build/day2/install.log --single-version-externally-managed install_data
[0.521s] running egg_info
[0.521s] creating ../../build/day2/day2.egg-info
[0.521s] writing ../../build/day2/day2.egg-info/PKG-INFO
[0.521s] writing dependency_links to ../../build/day2/day2.egg-info/dependency_links.txt
[0.521s] writing entry points to ../../build/day2/day2.egg-info/entry_points.txt
[0.522s] writing requirements to ../../build/day2/day2.egg-info/requires.txt
[0.522s] writing top-level names to ../../build/day2/day2.egg-info/top_level.txt
[0.522s] writing manifest file '../../build/day2/day2.egg-info/SOURCES.txt'
[0.522s] reading manifest file '../../build/day2/day2.egg-info/SOURCES.txt'
[0.523s] writing manifest file '../../build/day2/day2.egg-info/SOURCES.txt'
[0.523s] running build
[0.523s] running build_py
[0.523s] creating /home/rokey-kim/Documents/ros2_ws/build/day2/build
[0.523s] creating /home/rokey-kim/Documents/ros2_ws/build/day2/build/lib
[0.523s] creating /home/rokey-kim/Documents/ros2_ws/build/day2/build/lib/day2
[0.524s] copying day2/2_6_a_image_publisher.py -> /home/rokey-kim/Documents/ros2_ws/build/day2/build/lib/day2
[0.524s] copying day2/2_5_b_Draw_Polygon_wc.py -> /home/rokey-kim/Documents/ros2_ws/build/day2/build/lib/day2
[0.524s] copying day2/2_4_c_compare_yolo.py -> /home/rokey-kim/Documents/ros2_ws/build/day2/build/lib/day2
[0.524s] copying day2/2_3_b_move_image.py -> /home/rokey-kim/Documents/ros2_ws/build/day2/build/lib/day2
[0.524s] copying day2/2_4_b_gpu_test.py -> /home/rokey-kim/Documents/ros2_ws/build/day2/build/lib/day2
[0.524s] copying day2/2_3_a_create_data_dirs.py -> /home/rokey-kim/Documents/ros2_ws/build/day2/build/lib/day2
[0.524s] copying day2/2_1_c_capture_wc_thread.py -> /home/rokey-kim/Documents/ros2_ws/build/day2/build/lib/day2
[0.524s] copying day2/2_5_c_Security_Alert_wc.py -> /home/rokey-kim/Documents/ros2_ws/build/day2/build/lib/day2
[0.524s] copying day2/2_6_d_data_subscriber.py -> /home/rokey-kim/Documents/ros2_ws/build/day2/build/lib/day2
[0.524s] copying day2/2_1_a_capture_wc_image.py -> /home/rokey-kim/Documents/ros2_ws/build/day2/build/lib/day2
[0.524s] copying day2/2_1_b_cont_capture_wc_image.py -> /home/rokey-kim/Documents/ros2_ws/build/day2/build/lib/day2
[0.524s] copying day2/2_6_e_yolo_publisher.py -> /home/rokey-kim/Documents/ros2_ws/build/day2/build/lib/day2
[0.524s] copying day2/2_5_a_Draw_Box_wc.py -> /home/rokey-kim/Documents/ros2_ws/build/day2/build/lib/day2
[0.524s] copying day2/2_4_d_yolov8_obj_det_wc.py -> /home/rokey-kim/Documents/ros2_ws/build/day2/build/lib/day2
[0.524s] copying day2/2_3_c_move_labels.py -> /home/rokey-kim/Documents/ros2_ws/build/day2/build/lib/day2
[0.525s] copying day2/2_6_b_image_subscriber.py -> /home/rokey-kim/Documents/ros2_ws/build/day2/build/lib/day2
[0.525s] copying day2/2_6_f_yolo_subscriber.py -> /home/rokey-kim/Documents/ros2_ws/build/day2/build/lib/day2
[0.525s] copying day2/2_6_c_data_publisher.py -> /home/rokey-kim/Documents/ros2_ws/build/day2/build/lib/day2
[0.525s] copying day2/__init__.py -> /home/rokey-kim/Documents/ros2_ws/build/day2/build/lib/day2
[0.525s] running install
[0.525s] running install_lib
[0.525s] creating /home/rokey-kim/Documents/ros2_ws/install/day2/lib/python3.10/site-packages/day2
[0.525s] copying /home/rokey-kim/Documents/ros2_ws/build/day2/build/lib/day2/2_6_a_image_publisher.py -> /home/rokey-kim/Documents/ros2_ws/install/day2/lib/python3.10/site-packages/day2
[0.525s] copying /home/rokey-kim/Documents/ros2_ws/build/day2/build/lib/day2/2_5_b_Draw_Polygon_wc.py -> /home/rokey-kim/Documents/ros2_ws/install/day2/lib/python3.10/site-packages/day2
[0.525s] copying /home/rokey-kim/Documents/ros2_ws/build/day2/build/lib/day2/2_4_c_compare_yolo.py -> /home/rokey-kim/Documents/ros2_ws/install/day2/lib/python3.10/site-packages/day2
[0.525s] copying /home/rokey-kim/Documents/ros2_ws/build/day2/build/lib/day2/2_3_b_move_image.py -> /home/rokey-kim/Documents/ros2_ws/install/day2/lib/python3.10/site-packages/day2
[0.525s] copying /home/rokey-kim/Documents/ros2_ws/build/day2/build/lib/day2/2_4_b_gpu_test.py -> /home/rokey-kim/Documents/ros2_ws/install/day2/lib/python3.10/site-packages/day2
[0.526s] copying /home/rokey-kim/Documents/ros2_ws/build/day2/build/lib/day2/2_3_a_create_data_dirs.py -> /home/rokey-kim/Documents/ros2_ws/install/day2/lib/python3.10/site-packages/day2
[0.526s] copying /home/rokey-kim/Documents/ros2_ws/build/day2/build/lib/day2/2_1_c_capture_wc_thread.py -> /home/rokey-kim/Documents/ros2_ws/install/day2/lib/python3.10/site-packages/day2
[0.526s] copying /home/rokey-kim/Documents/ros2_ws/build/day2/build/lib/day2/2_5_c_Security_Alert_wc.py -> /home/rokey-kim/Documents/ros2_ws/install/day2/lib/python3.10/site-packages/day2
[0.526s] copying /home/rokey-kim/Documents/ros2_ws/build/day2/build/lib/day2/2_6_d_data_subscriber.py -> /home/rokey-kim/Documents/ros2_ws/install/day2/lib/python3.10/site-packages/day2
[0.526s] copying /home/rokey-kim/Documents/ros2_ws/build/day2/build/lib/day2/2_1_a_capture_wc_image.py -> /home/rokey-kim/Documents/ros2_ws/install/day2/lib/python3.10/site-packages/day2
[0.526s] copying /home/rokey-kim/Documents/ros2_ws/build/day2/build/lib/day2/2_1_b_cont_capture_wc_image.py -> /home/rokey-kim/Documents/ros2_ws/install/day2/lib/python3.10/site-packages/day2
[0.526s] copying /home/rokey-kim/Documents/ros2_ws/build/day2/build/lib/day2/2_6_e_yolo_publisher.py -> /home/rokey-kim/Documents/ros2_ws/install/day2/lib/python3.10/site-packages/day2
[0.526s] copying /home/rokey-kim/Documents/ros2_ws/build/day2/build/lib/day2/2_5_a_Draw_Box_wc.py -> /home/rokey-kim/Documents/ros2_ws/install/day2/lib/python3.10/site-packages/day2
[0.526s] copying /home/rokey-kim/Documents/ros2_ws/build/day2/build/lib/day2/2_4_d_yolov8_obj_det_wc.py -> /home/rokey-kim/Documents/ros2_ws/install/day2/lib/python3.10/site-packages/day2
[0.526s] copying /home/rokey-kim/Documents/ros2_ws/build/day2/build/lib/day2/2_3_c_move_labels.py -> /home/rokey-kim/Documents/ros2_ws/install/day2/lib/python3.10/site-packages/day2
[0.526s] copying /home/rokey-kim/Documents/ros2_ws/build/day2/build/lib/day2/2_6_b_image_subscriber.py -> /home/rokey-kim/Documents/ros2_ws/install/day2/lib/python3.10/site-packages/day2
[0.526s] copying /home/rokey-kim/Documents/ros2_ws/build/day2/build/lib/day2/2_6_f_yolo_subscriber.py -> /home/rokey-kim/Documents/ros2_ws/install/day2/lib/python3.10/site-packages/day2
[0.526s] copying /home/rokey-kim/Documents/ros2_ws/build/day2/build/lib/day2/2_6_c_data_publisher.py -> /home/rokey-kim/Documents/ros2_ws/install/day2/lib/python3.10/site-packages/day2
[0.526s] copying /home/rokey-kim/Documents/ros2_ws/build/day2/build/lib/day2/__init__.py -> /home/rokey-kim/Documents/ros2_ws/install/day2/lib/python3.10/site-packages/day2
[0.527s] byte-compiling /home/rokey-kim/Documents/ros2_ws/install/day2/lib/python3.10/site-packages/day2/2_6_a_image_publisher.py to 2_6_a_image_publisher.cpython-310.pyc
[0.527s] byte-compiling /home/rokey-kim/Documents/ros2_ws/install/day2/lib/python3.10/site-packages/day2/2_5_b_Draw_Polygon_wc.py to 2_5_b_Draw_Polygon_wc.cpython-310.pyc
[0.527s] byte-compiling /home/rokey-kim/Documents/ros2_ws/install/day2/lib/python3.10/site-packages/day2/2_4_c_compare_yolo.py to 2_4_c_compare_yolo.cpython-310.pyc
[0.527s] byte-compiling /home/rokey-kim/Documents/ros2_ws/install/day2/lib/python3.10/site-packages/day2/2_3_b_move_image.py to 2_3_b_move_image.cpython-310.pyc
[0.527s] byte-compiling /home/rokey-kim/Documents/ros2_ws/install/day2/lib/python3.10/site-packages/day2/2_4_b_gpu_test.py to 2_4_b_gpu_test.cpython-310.pyc
[0.527s] byte-compiling /home/rokey-kim/Documents/ros2_ws/install/day2/lib/python3.10/site-packages/day2/2_3_a_create_data_dirs.py to 2_3_a_create_data_dirs.cpython-310.pyc
[0.527s] byte-compiling /home/rokey-kim/Documents/ros2_ws/install/day2/lib/python3.10/site-packages/day2/2_1_c_capture_wc_thread.py to 2_1_c_capture_wc_thread.cpython-310.pyc
[0.527s] byte-compiling /home/rokey-kim/Documents/ros2_ws/install/day2/lib/python3.10/site-packages/day2/2_5_c_Security_Alert_wc.py to 2_5_c_Security_Alert_wc.cpython-310.pyc
[0.528s] byte-compiling /home/rokey-kim/Documents/ros2_ws/install/day2/lib/python3.10/site-packages/day2/2_6_d_data_subscriber.py to 2_6_d_data_subscriber.cpython-310.pyc
[0.529s] byte-compiling /home/rokey-kim/Documents/ros2_ws/install/day2/lib/python3.10/site-packages/day2/2_1_a_capture_wc_image.py to 2_1_a_capture_wc_image.cpython-310.pyc
[0.529s] byte-compiling /home/rokey-kim/Documents/ros2_ws/install/day2/lib/python3.10/site-packages/day2/2_1_b_cont_capture_wc_image.py to 2_1_b_cont_capture_wc_image.cpython-310.pyc
[0.529s] byte-compiling /home/rokey-kim/Documents/ros2_ws/install/day2/lib/python3.10/site-packages/day2/2_6_e_yolo_publisher.py to 2_6_e_yolo_publisher.cpython-310.pyc
[0.530s] byte-compiling /home/rokey-kim/Documents/ros2_ws/install/day2/lib/python3.10/site-packages/day2/2_5_a_Draw_Box_wc.py to 2_5_a_Draw_Box_wc.cpython-310.pyc
[0.530s] byte-compiling /home/rokey-kim/Documents/ros2_ws/install/day2/lib/python3.10/site-packages/day2/2_4_d_yolov8_obj_det_wc.py to 2_4_d_yolov8_obj_det_wc.cpython-310.pyc
[0.530s] byte-compiling /home/rokey-kim/Documents/ros2_ws/install/day2/lib/python3.10/site-packages/day2/2_3_c_move_labels.py to 2_3_c_move_labels.cpython-310.pyc
[0.530s] byte-compiling /home/rokey-kim/Documents/ros2_ws/install/day2/lib/python3.10/site-packages/day2/2_6_b_image_subscriber.py to 2_6_b_image_subscriber.cpython-310.pyc
[0.531s] byte-compiling /home/rokey-kim/Documents/ros2_ws/install/day2/lib/python3.10/site-packages/day2/2_6_f_yolo_subscriber.py to 2_6_f_yolo_subscriber.cpython-310.pyc
[0.531s] byte-compiling /home/rokey-kim/Documents/ros2_ws/install/day2/lib/python3.10/site-packages/day2/2_6_c_data_publisher.py to 2_6_c_data_publisher.cpython-310.pyc
[0.531s] byte-compiling /home/rokey-kim/Documents/ros2_ws/install/day2/lib/python3.10/site-packages/day2/__init__.py to __init__.cpython-310.pyc
[0.531s] running install_data
[0.531s] creating /home/rokey-kim/Documents/ros2_ws/install/day2/share/ament_index
[0.531s] creating /home/rokey-kim/Documents/ros2_ws/install/day2/share/ament_index/resource_index
[0.531s] creating /home/rokey-kim/Documents/ros2_ws/install/day2/share/ament_index/resource_index/packages
[0.531s] copying resource/day2 -> /home/rokey-kim/Documents/ros2_ws/install/day2/share/ament_index/resource_index/packages
[0.531s] copying package.xml -> /home/rokey-kim/Documents/ros2_ws/install/day2/share/day2
[0.531s] running install_egg_info
[0.532s] Copying ../../build/day2/day2.egg-info to /home/rokey-kim/Documents/ros2_ws/install/day2/lib/python3.10/site-packages/day2-0.0.0-py3.10.egg-info
[0.533s] running install_scripts
[0.546s] Installing pub_data script to /home/rokey-kim/Documents/ros2_ws/install/day2/lib/day2
[0.546s] Installing pub_image script to /home/rokey-kim/Documents/ros2_ws/install/day2/lib/day2
[0.546s] Installing pub_yolo script to /home/rokey-kim/Documents/ros2_ws/install/day2/lib/day2
[0.546s] Installing show_data script to /home/rokey-kim/Documents/ros2_ws/install/day2/lib/day2
[0.546s] Installing show_image script to /home/rokey-kim/Documents/ros2_ws/install/day2/lib/day2
[0.546s] Installing show_yolo script to /home/rokey-kim/Documents/ros2_ws/install/day2/lib/day2
[0.547s] writing list of installed files to '/home/rokey-kim/Documents/ros2_ws/build/day2/install.log'
[0.562s] Invoked command in '/home/rokey-kim/Documents/ros2_ws/src/day2' returned '0': PYTHONPATH=/home/rokey-kim/Documents/ros2_ws/build/day2/prefix_override:/usr/lib/python3/dist-packages/colcon_core/task/python/colcon_distutils_commands:/home/rokey-kim/Documents/ros2_ws/install/day2/lib/python3.10/site-packages:${PYTHONPATH} /usr/bin/python3 -W ignore:setup.py install is deprecated -W ignore:easy_install command is deprecated setup.py egg_info --egg-base ../../build/day2 build --build-base /home/rokey-kim/Documents/ros2_ws/build/day2/build install --record /home/rokey-kim/Documents/ros2_ws/build/day2/install.log --single-version-externally-managed install_data
